#
# A fatal error has been detected by the Java Runtime Environment:
#
#  Internal Error (jvmciRuntime.cpp:1609), pid=22, tid=45
#  fatal error: Fatal exception in JVMCI: Error calling jdk.vm.ci.services.Services.serializeSavedProperties
#
# JRE version: OpenJDK Runtime Environment GraalVM CE 22.3.0 (17.0.5+8) (build 17.0.5+8-jvmci-22.3-b08)
# Java VM: OpenJDK 64-Bit Server VM GraalVM CE 22.3.0 (17.0.5+8-jvmci-22.3-b08, mixed mode, sharing, tiered, jvmci, jvmci compiler, compressed oops, compressed class ptrs, parallel gc, linux-amd64)
# Problematic frame:
# V  [libjvm.so+0x972714]  JVMCIRuntime::fatal_exception(JVMCIEnv*, char const*)+0x74
#
# Core dump will be written. Default location: Core dumps may be processed with "/usr/share/apport/apport -p%p -s%s -c%c -d%d -P%P -u%u -g%g -- %E" (or dumping to /home/runner/MoralesCruzLibretaDirecciones/core.22)
#
# If you would like to submit a bug report, please visit:
#   https://github.com/oracle/graal/issues
#

---------------  S U M M A R Y ------------

Command Line: -XX:ThreadPriorityPolicy=1 -XX:+UnlockExperimentalVMOptions -XX:+EnableJVMCIProduct -XX:JVMCIThreadsPerNativeLibraryRuntime=1 -XX:-UnlockExperimentalVMOptions -Declipse.application=org.eclipse.jdt.ls.core.id1 -Dosgi.bundles.defaultStartLevel=4 -Declipse.product=org.eclipse.jdt.ls.core.product -Dlog.level=ALL -Xverify:none -XX:+UseParallelGC -XX:GCTimeRatio=4 -XX:AdaptiveSizePolicyWeight=90 -Dsun.zip.disableMemoryMapping=true -Xmx512m -Xms100m /nix/store/m6gcpi1ii6rghy04cjwjddcavv7i90df-jdt-language-server-1.9.0/share/java/plugins/org.eclipse.equinox.launcher_1.6.400.v20210924-0641.jar --add-modules=ALL-SYSTEM --add-opens java.base/java.util=ALL-UNNAMED --add-opens java.base/java.lang=ALL-UNNAMED -configuration /home/runner/.cache/jdt-language-server/config -data /home/runner/.cache/jdt-language-server/data/home/runner/MoralesCruzLibretaDirecciones

Host: AMD EPYC 7B12, 8 cores, 1G, Ubuntu 20.04.2 LTS
Time: Mon Jun 12 02:32:14 2023 UTC elapsed time: 416.440619 seconds (0d 0h 6m 56s)

---------------  T H R E A D  ---------------

Current thread (0x00007f919c0b2210):  JavaThread "JVMCI-native CompilerThread0" daemon [_thread_in_vm, id=45, stack(0x00007f9181848000,0x00007f9181a48000)]


Current CompileTask:
JVMCI-native: 416440 9937       4       java.lang.Thread::interrupted (23 bytes)

Stack: [0x00007f9181848000,0x00007f9181a48000],  sp=0x00007f9181a46380,  free space=2040k
Native frames: (J=compiled Java code, j=interpreted, Vv=VM code, C=native code)
V  [libjvm.so+0x972714]  JVMCIRuntime::fatal_exception(JVMCIEnv*, char const*)+0x74
V  [libjvm.so+0x93e2fe]  JVMCIEnv::copy_saved_properties()+0x14e
V  [libjvm.so+0x9732a9]  JVMCIRuntime::initialize(JVMCIEnv*)+0xb19
V  [libjvm.so+0x9738a2]  JVMCIRuntime::get_HotSpotJVMCIRuntime(JVMCIEnv*)+0x12
V  [libjvm.so+0x9749f2]  JVMCIRuntime::compile_method(JVMCIEnv*, JVMCICompiler*, methodHandle const&, int)+0xd2
V  [libjvm.so+0x5b0d20]  CompileBroker::invoke_compiler_on_method(CompileTask*)+0x1470
V  [libjvm.so+0x5b12e8]  CompileBroker::compiler_thread_loop()+0x528
V  [libjvm.so+0xd82460]  JavaThread::thread_main_inner()+0xd0
V  [libjvm.so+0xd85a40]  Thread::call_run()+0xc0
V  [libjvm.so+0xbdb1e1]  thread_native_entry(Thread*)+0xe1

Register to memory mapping:

RAX=0x00007f91a14e0000 points into unknown readable memory: 0x0000000000000058 | 58 00 00 00 00 00 00 00
RBX=0x00007f91a25db398: <offset 0x0000000000ef5398> in /nix/store/gpxl5qgg8kicmcvivwmybwjlpf7wh20l-graalvm17-ce-22.3.0/lib/server/libjvm.so at 0x00007f91a16e6000
RCX=0x00007f91a25931e8: <offset 0x0000000000ead1e8> in /nix/store/gpxl5qgg8kicmcvivwmybwjlpf7wh20l-graalvm17-ce-22.3.0/lib/server/libjvm.so at 0x00007f91a16e6000
RDX=0x0000000000000649 is an unknown value
RSP=0x00007f9181a46380 is pointing into the stack for thread: 0x00007f919c0b2210
RBP=0x00007f9181a463a0 is pointing into the stack for thread: 0x00007f919c0b2210
RSI=0x00007f91a25dbc48: <offset 0x0000000000ef5c48> in /nix/store/gpxl5qgg8kicmcvivwmybwjlpf7wh20l-graalvm17-ce-22.3.0/lib/server/libjvm.so at 0x00007f91a16e6000
RDI=0x00000000e0000000 is an oop: [B 
{0x00000000e0000000} - klass: {type array byte}
 - length: 45
R8 =0x00007f91a25db398: <offset 0x0000000000ef5398> in /nix/store/gpxl5qgg8kicmcvivwmybwjlpf7wh20l-graalvm17-ce-22.3.0/lib/server/libjvm.so at 0x00007f91a16e6000
R9 =0x00007f9181a46330 is pointing into the stack for thread: 0x00007f919c0b2210
R10=0x00007f9181a47948 is pointing into the stack for thread: 0x00007f919c0b2210
R11=0x0000000000000293 is an unknown value
R12=0x0 is NULL
R13=0x00007f919c0b2210 is a thread
R14=0x00007f919c000b80 points into unknown readable memory: 0x00007f91a280ca38 | 38 ca 80 a2 91 7f 00 00
R15=0x00007f91a291ae40: <offset 0x0000000001234e40> in /nix/store/gpxl5qgg8kicmcvivwmybwjlpf7wh20l-graalvm17-ce-22.3.0/lib/server/libjvm.so at 0x00007f91a16e6000


Registers:
RAX=0x00007f91a14e0000, RBX=0x00007f91a25db398, RCX=0x00007f91a25931e8, RDX=0x0000000000000649
RSP=0x00007f9181a46380, RBP=0x00007f9181a463a0, RSI=0x00007f91a25dbc48, RDI=0x00000000e0000000
R8 =0x00007f91a25db398, R9 =0x00007f9181a46330, R10=0x00007f9181a47948, R11=0x0000000000000293
R12=0x0000000000000000, R13=0x00007f919c0b2210, R14=0x00007f919c000b80, R15=0x00007f91a291ae40
RIP=0x00007f91a2058714, EFLAGS=0x0000000000010206, CSGSFS=0x002b000000000033, ERR=0x0000000000000006
  TRAPNO=0x000000000000000e

Top of Stack: (sp=0x00007f9181a46380)
0x00007f9181a46380:   00007f9181a46940 00007f919c0b2210
0x00007f9181a46390:   00007f91833178c8 0000000800c417a0
0x00007f9181a463a0:   00007f9181a46500 00007f91a20242fe
0x00007f9181a463b0:   00007f9181a463e0 00007f9181a46440 

Instructions: (pc=0x00007f91a2058714)
0x00007f91a2058614:   30 e8 f6 cf e8 ff 4c 89 e7 e8 2e 48 d1 ff 84 db
0x00007f91a2058624:   75 2a 4d 85 ed 74 04 4d 8b 6d 00 48 83 c4 08 44
0x00007f91a2058634:   89 f9 4c 89 f2 4c 89 ee 5b 4c 89 e7 41 5c 41 5d
0x00007f91a2058644:   41 5e 41 5f 5d e9 e2 47 d1 ff 66 90 48 83 c4 08
0x00007f91a2058654:   5b 41 5c 41 5d 41 5e 41 5f 5d c3 90 31 d2 be 08
0x00007f91a2058664:   00 00 00 4c 89 ff e8 b1 78 a3 ff 49 89 c5 e9 37
0x00007f91a2058674:   ff ff ff 66 0f 1f 84 00 00 00 00 00 48 8b 7a 08
0x00007f91a2058684:   e9 6d ff ff ff 0f 1f 80 00 00 00 00 e8 5b 48 0a
0x00007f91a2058694:   00 84 c0 75 89 e9 6a ff ff ff 66 90 55 48 89 e5
0x00007f91a20586a4:   41 56 41 55 41 54 49 89 fc 53 48 89 f3 66 48 8d
0x00007f91a20586b4:   3d 27 5e 85 00 66 66 48 e8 df 43 8d ff 4c 8b 28
0x00007f91a20586c4:   8b 05 be 72 8a 00 85 c0 75 14 ba 01 00 00 00 48
0x00007f91a20586d4:   8d 0d ae 72 8a 00 f0 0f b1 11 85 c0 74 4e be c8
0x00007f91a20586e4:   00 00 00 4c 89 ef e8 01 0b 41 00 48 8d 05 12 ac
0x00007f91a20586f4:   85 00 49 89 d8 48 8d 0d e8 aa 53 00 ba 49 06 00
0x00007f91a2058704:   00 48 8d 35 3c 35 58 00 bf 00 00 00 e0 48 8b 00
0x00007f91a2058714:   c6 00 58 31 c0 e8 e2 91 c6 ff 5b 41 5c 41 5d 41
0x00007f91a2058724:   5e 5d e9 55 34 26 00 0f 1f 44 00 00 48 8d 05 81
0x00007f91a2058734:   a3 8b 00 48 89 df 4c 8b 30 e8 9e 43 8d ff 48 89
0x00007f91a2058744:   de 48 89 c2 49 8b 06 4c 89 f7 ff 50 08 4c 89 f7
0x00007f91a2058754:   e8 a7 5c 27 00 4d 85 e4 74 12 be 01 00 00 00 4c
0x00007f91a2058764:   89 e7 e8 35 43 fc ff eb 82 0f 1f 00 be 01 00 00
0x00007f91a2058774:   00 4c 89 ef e8 d3 fd ff ff e9 6d ff ff ff 66 66
0x00007f91a2058784:   2e 0f 1f 84 00 00 00 00 00 0f 1f 00 55 48 89 e5
0x00007f91a2058794:   41 57 41 56 41 55 41 54 53 48 81 ec 08 02 00 00
0x00007f91a20587a4:   64 48 8b 04 25 28 00 00 00 48 89 45 c8 8b 07 83
0x00007f91a20587b4:   f8 02 0f 84 11 04 00 00 4c 8b 6f 18 49 89 ff 49
0x00007f91a20587c4:   89 f4 4d 85 ed 74 14 4c 89 ef e8 5d 57 22 00 41
0x00007f91a20587d4:   8b 07 83 f8 02 0f 84 19 04 00 00 48 8d 1d 9a 06
0x00007f91a20587e4:   8a 00 4c 8d 35 0b 3c 58 00 eb 38 90 48 85 d2 7f
0x00007f91a20587f4:   0d 48 8d 05 b4 c0 85 00 48 83 38 00 7e 0e 41 8b
0x00007f91a2058804:   77 2c 4c 89 f7 31 c0 e8 a0 b2 f7 ff 49 8b 7f 18 


Stack slot to memory mapping:
stack at sp + 0 slots: 0x00007f9181a46940 is pointing into the stack for thread: 0x00007f919c0b2210
stack at sp + 1 slots: 0x00007f919c0b2210 is a thread
stack at sp + 2 slots: 0x00007f91833178c8 points into unknown readable memory: 0x6573001880c9ffff | ff ff c9 80 18 00 73 65
stack at sp + 3 slots: 0x0000000800c417a0 is a pointer to class: 
jdk.vm.ci.services.Services {0x0000000800c417a0}
 - instance size:     2
 - klass size:        65
 - access:            public final synchronized 
 - state:             fully_initialized
 - name:              'jdk/vm/ci/services/Services'
 - super:             'java/lang/Object'
 - sub:               
 - arrays:            NULL
 - methods:           Array<T>(0x00007f918243ef18)
 - method ordering:   Array<T>(0x0000000800928960)
 - default_methods:   Array<T>(0x0000000000000000)
 - local interfaces:  Array<T>(0x00000008005ce810)
 - trans. interfaces: Array<T>(0x00000008005ce810)
 - constants:         constant pool [427] {0x00007f918243dff8} for 'jdk/vm/ci/services/Services' cache=0x00007f91824401e8
 - class loader data:  loader data: 0x00007f919c028410 of 'bootstrap'
 - source file:       'Services.java'
 - class annotations:       Array<T>(0x0000000000000000)
 - class type annotations:  Array<T>(0x0000000000000000)
 - field annotations:       Array<T>(0x0000000000000000)
 - field type annotations:  Array<T>(0x0000000000000000)
 - inner classes:     Array<T>(0x00007f91824401b8)
 - nest members:     Array<T>(0x00007f91824401d8)
 - permitted subclasses:     Array<T>(0x00000008005ce7a0)
 - java mirror:       a 'java/lang/Class'{0x00000000e0177aa0} = 'jdk/vm/ci/services/Services'
 - vtable length      5  (start addr: 0x0000000800c41970)
 - itable length      2 (start addr: 0x0000000800c41998)
 - ---- static fields (3 words):
 - public static final 'IS_BUILDING_NATIVE_IMAGE' 'Z' @128 
 - public static final 'IS_IN_NATIVE_IMAGE' 'Z' @129 
 - private static volatile 'savedProperties' 'Ljava/util/Map;' @112 
 - static final 'JVMCI_ENABLED' 'Z' @130 
 - private static final 'servicesCache' 'Ljava/util/Map;' @116 
 - private static final 'MAX_UNICODE_IN_UTF8_LENGTH' 'I' @120 
 - private static final 'MAX_UTF8_PROPERTY_STRING_LENGTH' 'I' @124 
 - ---- non-static fields (0 words):
 - non-static oop maps: 
stack at sp + 4 slots: 0x00007f9181a46500 is pointing into the stack for thread: 0x00007f919c0b2210
stack at sp + 5 slots: 0x00007f91a20242fe: <offset 0x000000000093e2fe> in /nix/store/gpxl5qgg8kicmcvivwmybwjlpf7wh20l-graalvm17-ce-22.3.0/lib/server/libjvm.so at 0x00007f91a16e6000
stack at sp + 6 slots: 0x00007f9181a463e0 is pointing into the stack for thread: 0x00007f919c0b2210
stack at sp + 7 slots: 0x00007f9181a46440 is pointing into the stack for thread: 0x00007f919c0b2210


---------------  P R O C E S S  ---------------

Threads class SMR info:
_java_thread_list=0x00007f912c13e860, length=28, elements={
0x00007f919c0266b0, 0x00007f919c0a64f0, 0x00007f919c0a7930, 0x00007f919c0ae080,
0x00007f919c0af430, 0x00007f919c0b0820, 0x00007f919c0b2210, 0x00007f919c0b3720,
0x00007f919c0b4b70, 0x00007f919c0d84f0, 0x00007f919c120a40, 0x00007f919c31b670,
0x00007f919c34ecf0, 0x00007f919c3516d0, 0x00007f919c187340, 0x00007f913001a730,
0x00007f91302a9310, 0x00007f9130488eb0, 0x00007f9124007500, 0x00007f91304edcd0,
0x00007f919c4400e0, 0x00007f919c3dd9e0, 0x00007f9100447a70, 0x00007f9100448590,
0x00007f90ec001dd0, 0x00007f910044d9c0, 0x00007f9124110700, 0x00007f912c13b650
}

Java Threads: ( => current thread )
  0x00007f919c0266b0 JavaThread "main" [_thread_blocked, id=36, stack(0x00007f91a1501000,0x00007f91a1601000)]
  0x00007f919c0a64f0 JavaThread "Reference Handler" daemon [_thread_blocked, id=39, stack(0x00007f918212e000,0x00007f918222e000)]
  0x00007f919c0a7930 JavaThread "Finalizer" daemon [_thread_blocked, id=40, stack(0x00007f918202e000,0x00007f918212e000)]
  0x00007f919c0ae080 JavaThread "Signal Dispatcher" daemon [_thread_blocked, id=42, stack(0x00007f9181c48000,0x00007f9181d48000)]
  0x00007f919c0af430 JavaThread "Service Thread" daemon [_thread_blocked, id=43, stack(0x00007f9181b48000,0x00007f9181c48000)]
  0x00007f919c0b0820 JavaThread "Monitor Deflation Thread" daemon [_thread_blocked, id=44, stack(0x00007f9181a48000,0x00007f9181b48000)]
=>0x00007f919c0b2210 JavaThread "JVMCI-native CompilerThread0" daemon [_thread_in_vm, id=45, stack(0x00007f9181848000,0x00007f9181a48000)]
  0x00007f919c0b3720 JavaThread "C1 CompilerThread0" daemon [_thread_blocked, id=46, stack(0x00007f9181648000,0x00007f9181848000)]
  0x00007f919c0b4b70 JavaThread "Sweeper thread" daemon [_thread_blocked, id=47, stack(0x00007f9181548000,0x00007f9181648000)]
  0x00007f919c0d84f0 JavaThread "Common-Cleaner" daemon [_thread_blocked, id=48, stack(0x00007f9181448000,0x00007f9181548000)]
  0x00007f919c120a40 JavaThread "Notification Thread" daemon [_thread_blocked, id=49, stack(0x00007f9181348000,0x00007f9181448000)]
  0x00007f919c31b670 JavaThread "Active Thread: Equinox Container: 45ceccd0-c54b-4db7-b4ed-586394c71d59" [_thread_blocked, id=62, stack(0x00007f9180000000,0x00007f9180100000)]
  0x00007f919c34ecf0 JavaThread "Framework Event Dispatcher: Equinox Container: 45ceccd0-c54b-4db7-b4ed-586394c71d59" daemon [_thread_blocked, id=63, stack(0x00007f9149b00000,0x00007f9149c00000)]
  0x00007f919c3516d0 JavaThread "Start Level: Equinox Container: 45ceccd0-c54b-4db7-b4ed-586394c71d59" daemon [_thread_blocked, id=64, stack(0x00007f9149900000,0x00007f9149a00000)]
  0x00007f919c187340 JavaThread "Refresh Thread: Equinox Container: 45ceccd0-c54b-4db7-b4ed-586394c71d59" daemon [_thread_blocked, id=71, stack(0x00007f9149700000,0x00007f9149800000)]
  0x00007f913001a730 JavaThread "SCR Component Actor" daemon [_thread_blocked, id=74, stack(0x00007f9149500000,0x00007f9149600000)]
  0x00007f91302a9310 JavaThread "Worker-JM" [_thread_blocked, id=84, stack(0x00007f9149100000,0x00007f9149200000)]
  0x00007f9130488eb0 JavaThread "Java indexing" daemon [_thread_blocked, id=87, stack(0x00007f9148b00000,0x00007f9148c00000)]
  0x00007f9124007500 JavaThread "Worker-2: Compacting resource model" [_thread_blocked, id=88, stack(0x00007f9148900000,0x00007f9148a00000)]
  0x00007f91304edcd0 JavaThread "Bundle File Closer" daemon [_thread_blocked, id=97, stack(0x00007f9148700000,0x00007f9148800000)]
  0x00007f919c4400e0 JavaThread "pool-3-thread-1" [_thread_blocked, id=98, stack(0x00007f9148500000,0x00007f9148600000)]
  0x00007f919c3dd9e0 JavaThread "pool-2-thread-1" [_thread_blocked, id=107, stack(0x00007f9149300000,0x00007f9149400000)]
  0x00007f9100447a70 JavaThread "OkHttp repo.maven.apache.org" [_thread_blocked, id=177, stack(0x00007f9148800000,0x00007f9148900000)]
  0x00007f9100448590 JavaThread "OkHttp ConnectionPool" daemon [_thread_blocked, id=178, stack(0x00007f9148400000,0x00007f9148500000)]
  0x00007f90ec001dd0 JavaThread "OkHttp repo.maven.apache.org Writer" [_thread_blocked, id=179, stack(0x00007f9148200000,0x00007f9148300000)]
  0x00007f910044d9c0 JavaThread "Okio Watchdog" daemon [_thread_blocked, id=181, stack(0x00007f9147d00000,0x00007f9147e00000)]
  0x00007f9124110700 JavaThread "Worker-6" [_thread_blocked, id=266, stack(0x00007f9149400000,0x00007f9149500000)]
  0x00007f912c13b650 JavaThread "Thread-9" [_thread_blocked, id=968, stack(0x00007f9148300000,0x00007f9148400000)]

Other Threads:
  0x00007f919c0a1c30 VMThread "VM Thread" [stack: 0x00007f9182230000,0x00007f9182330000] [id=38] _threads_hazard_ptr=0x00007f912c13e860
  0x00007f919c1223e0 WatcherThread [stack: 0x00007f9181248000,0x00007f9181348000] [id=50]
  0x00007f919c03df50 GCTaskThread "GC Thread#0" [stack: 0x00007f91a10c4000,0x00007f91a11c4000] [id=37]

Threads with active compile tasks:
JVMCI-native CompilerThread0   416463 9937       4       java.lang.Thread::interrupted (23 bytes)

VM state: synchronizing (normal execution)

VM Mutex/Monitor currently owned by a thread:  ([mutex/lock_event])
[0x00007f919c023860] Threads_lock - owner thread: 0x00007f919c0a1c30
[0x00007f919c024010] Heap_lock - owner thread: 0x00007f9124007500

OutOfMemory and StackOverflow Exception counts:
OutOfMemoryError java_heap_errors=5
LinkageErrors=79

Heap address: 0x00000000e0000000, size: 512 MB, Compressed Oops mode: 32-bit

CDS archive(s) mapped at: [0x0000000800000000-0x0000000800bc8000-0x0000000800bc8000), size 12353536, SharedBaseAddress: 0x0000000800000000, ArchiveRelocationMode: 0.
Compressed class space mapped at: 0x0000000800c00000-0x0000000840c00000, reserved size: 1073741824
Narrow klass base: 0x0000000800000000, Narrow klass shift: 0, Narrow klass range: 0x100000000

GC Precious Log:
 CPUs: 8 total, 1 available
 Memory: 1024M
 Large Page Support: Disabled
 NUMA Support: Disabled
 Compressed Oops: Enabled (32-bit)
 Alignments: Space 512K, Generation 512K, Heap 2M
 Heap Min Capacity: 100M
 Heap Initial Capacity: 100M
 Heap Max Capacity: 512M
 Pre-touch: Disabled
 Parallel Workers: 1

Heap:
 PSYoungGen      total 41472K, used 28671K [0x00000000f5580000, 0x00000000f8c80000, 0x0000000100000000)
  eden space 28672K, 99% used [0x00000000f5580000,0x00000000f717fff0,0x00000000f7180000)
  from space 12800K, 0% used [0x00000000f7180000,0x00000000f7180000,0x00000000f7e00000)
  to   space 12800K, 0% used [0x00000000f7e00000,0x00000000f7e00000,0x00000000f8a80000)
 ParOldGen       total 349696K, used 349695K [0x00000000e0000000, 0x00000000f5580000, 0x00000000f5580000)
  object space 349696K, 99% used [0x00000000e0000000,0x00000000f557fff0,0x00000000f5580000)
 Metaspace       used 61665K, committed 62784K, reserved 1105920K
  class space    used 6029K, committed 6464K, reserved 1048576K

Card table byte_map: [0x00007f91a11c4000,0x00007f91a12c5000] _byte_map_base: 0x00007f91a0ac4000

Marking Bits: (ParMarkBitMap*) 0x00007f91a29144c0
 Begin Bits: [0x00007f91a0017000, 0x00007f91a0817000)
 End Bits:   [0x00007f91a0817000, 0x00007f91a1017000)

Polling page: 0x00007f91a14de000

Metaspace:

Usage:
  Non-class:     54.33 MB used.
      Class:      5.89 MB used.
       Both:     60.22 MB used.

Virtual space:
  Non-class space:       56.00 MB reserved,      55.00 MB ( 98%) committed,  7 nodes.
      Class space:        1.00 GB reserved,       6.31 MB ( <1%) committed,  1 nodes.
             Both:        1.05 GB reserved,      61.31 MB (  6%) committed. 

Chunk freelists:
   Non-Class:  271.00 KB
       Class:  1.77 MB
        Both:  2.04 MB

MaxMetaspaceSize: unlimited
CompressedClassSpaceSize: 1.00 GB
Initial GC threshold: 21.00 MB
Current GC threshold: 102.19 MB
CDS: on
MetaspaceReclaimPolicy: balanced
 - commit_granule_bytes: 65536.
 - commit_granule_words: 8192.
 - virtual_space_node_default_size: 1048576.
 - enlarge_chunks_in_place: 1.
 - new_chunks_are_fully_committed: 0.
 - uncommit_free_chunks: 1.
 - use_allocation_guard: 0.
 - handle_deallocations: 1.


Internal statistics:

num_allocs_failed_limit: 6.
num_arena_births: 522.
num_arena_deaths: 156.
num_vsnodes_births: 8.
num_vsnodes_deaths: 0.
num_space_committed: 979.
num_space_uncommitted: 0.
num_chunks_returned_to_freelist: 218.
num_chunks_taken_from_freelist: 2940.
num_chunk_merges: 85.
num_chunk_splits: 1927.
num_chunks_enlarged: 1203.
num_purges: 4.
num_inconsistent_stats: 0.

CodeHeap 'non-profiled nmethods': size=120036Kb used=2780Kb max_used=2780Kb free=117255Kb
 bounds [0x00007f918af7a000, 0x00007f918b23a000, 0x00007f91924b3000]
CodeHeap 'profiled nmethods': size=120032Kb used=16591Kb max_used=17344Kb free=103441Kb
 bounds [0x00007f9183a42000, 0x00007f9184b42000, 0x00007f918af7a000]
CodeHeap 'non-nmethods': size=5692Kb used=1388Kb max_used=1404Kb free=4303Kb
 bounds [0x00007f91834b3000, 0x00007f9183723000, 0x00007f9183a42000]
 total_blobs=8173 nmethods=7449 adapters=633
 compilation: enabled
              stopped_count=0, restarted_count=0
 full_count=0

JVMCI Events (20 events):
Event: 80.607 Thread 0x00007f919c0b2210 compacted oop handles in JVMCI runtime 0 from 184 to 184
Event: 80.607 Thread 0x00007f919c0b2210 releasing handles for JVMCI runtime 0: oop handles=184, metadata handles={total=1088, live=538, blocks=34}
Event: 80.607 Thread 0x00007f919c0b2210 detached from JVMCI runtime 0
Event: 96.271 Thread 0x00007f919c0b2210 attached to JVMCI runtime 0
Event: 96.272 Thread 0x00007f919c0b2210 created JavaVM[2]@0x00007f914709e340 for JVMCI runtime 0
Event: 97.471 Thread 0x00007f919c0b2210 initializing JVMCI runtime 0
Event: 97.471 Thread 0x00007f919c0b2210 done waiting for JavaVM references initialization in JVMCI runtime 0
Event: 121.542 Thread 0x00007f919c0b2210 initialized JVMCI runtime 0
Event: 165.152 Thread 0x00007f919c0b2210 compacted oop handles in JVMCI runtime 0 from 59 to 58
Event: 166.259 Thread 0x00007f919c0b2210 detaching from JVMCI runtime 0: releasing idle compiler thread (0 other threads still attached)
Event: 166.259 Thread 0x00007f919c0b2210 shutting down HotSpotJVMCIRuntime for JVMCI runtime 0
Event: 166.260 Thread 0x00007f919c0b2210 shut down JVMCI runtime 0
Event: 167.610 Thread 0x00007f919c0b2210 destroyed JavaVM[2]@0x00007f914709e340 for JVMCI runtime 0
Event: 167.610 Thread 0x00007f919c0b2210 compacted oop handles in JVMCI runtime 0 from 58 to 58
Event: 167.610 Thread 0x00007f919c0b2210 releasing handles for JVMCI runtime 0: oop handles=58, metadata handles={total=103, live=102, blocks=34}
Event: 167.610 Thread 0x00007f919c0b2210 detached from JVMCI runtime 0
Event: 337.840 Thread 0x00007f919c0b2210 attached to JVMCI runtime 0
Event: 337.841 Thread 0x00007f919c0b2210 created JavaVM[3]@0x00007f914709e340 for JVMCI runtime 0
Event: 338.951 Thread 0x00007f919c0b2210 initializing JVMCI runtime 0
Event: 338.951 Thread 0x00007f919c0b2210 done waiting for JavaVM references initialization in JVMCI runtime 0

Compilation events (20 events):
Event: 223.934 Thread 0x00007f919c0b3720 nmethod 9927 0x00007f918463eb90 code [0x00007f918463ed40, 0x00007f918463f080]
Event: 238.974 Thread 0x00007f919c0b3720 9928       3       java.util.GregorianCalendar::computeFields (85 bytes)
Event: 238.974 Thread 0x00007f919c0b3720 nmethod 9928 0x00007f918463e490 code [0x00007f918463e680, 0x00007f918463ea50]
Event: 300.676 Thread 0x00007f919c0b3720 9930       3       java.lang.invoke.InnerClassLambdaMetafactory$ForwardingMethodGenerator::convertArgumentTypes (96 bytes)
Event: 300.677 Thread 0x00007f919c0b3720 nmethod 9930 0x00007f9184a06c90 code [0x00007f9184a06ee0, 0x00007f9184a07d50]
Event: 300.677 Thread 0x00007f919c0b3720 9929       3       java.lang.invoke.InnerClassLambdaMetafactory$ForwardingMethodGenerator::generate (272 bytes)
Event: 300.678 Thread 0x00007f919c0b3720 nmethod 9929 0x00007f91845ac090 code [0x00007f91845ac420, 0x00007f91845afae0]
Event: 300.678 Thread 0x00007f919c0b3720 9931       3       java.lang.invoke.InnerClassLambdaMetafactory$ForwardingMethodGenerator::invocationOpcode (104 bytes)
Event: 304.739 Thread 0x00007f919c0b3720 nmethod 9931 0x00007f91848f1710 code [0x00007f91848f1980, 0x00007f91848f2190]
Event: 304.739 Thread 0x00007f919c0b3720 9933       3       java.lang.invoke.MethodHandle::<init> (37 bytes)
Event: 304.740 Thread 0x00007f919c0b3720 nmethod 9933 0x00007f91845c3310 code [0x00007f91845c3520, 0x00007f91845c3a10]
Event: 304.740 Thread 0x00007f919c0b3720 9932       3       java.lang.invoke.MethodHandles$Lookup::defineHiddenClass (69 bytes)
Event: 306.112 Thread 0x00007f919c0b3720 nmethod 9932 0x00007f9184a0cf10 code [0x00007f9184a0d200, 0x00007f9184a0e250]
Event: 312.682 Thread 0x00007f919c0b3720 9934       1       com.google.gson.internal.$Gson$Types$ParameterizedTypeImpl::getOwnerType (5 bytes)
Event: 312.682 Thread 0x00007f919c0b3720 nmethod 9934 0x00007f918b230c10 code [0x00007f918b230da0, 0x00007f918b230e70]
Event: 314.081 Thread 0x00007f919c0b3720 9935   !   3       org.eclipse.core.internal.jobs.JobManager::sleepHint (67 bytes)
Event: 314.082 Thread 0x00007f919c0b3720 nmethod 9935 0x00007f91847bfd90 code [0x00007f91847bffe0, 0x00007f91847c0930]
Event: 314.082 Thread 0x00007f919c0b3720 9936       3       org.eclipse.core.internal.jobs.JobQueue::isEmpty (18 bytes)
Event: 314.082 Thread 0x00007f919c0b3720 nmethod 9936 0x00007f91848df090 code [0x00007f91848df240, 0x00007f91848df3d0]
Event: 337.840 Thread 0x00007f919c0b2210 9937       4       java.lang.Thread::interrupted (23 bytes)

GC Heap History (20 events):
Event: 405.541 GC heap before
{Heap before GC invocations=367 (full 272):
 PSYoungGen      total 41472K, used 28672K [0x00000000f5580000, 0x00000000f8c80000, 0x0000000100000000)
  eden space 28672K, 100% used [0x00000000f5580000,0x00000000f7180000,0x00000000f7180000)
  from space 12800K, 0% used [0x00000000f7180000,0x00000000f7180000,0x00000000f7e00000)
  to   space 12800K, 0% used [0x00000000f7e00000,0x00000000f7e00000,0x00000000f8a80000)
 ParOldGen       total 349696K, used 349695K [0x00000000e0000000, 0x00000000f5580000, 0x00000000f5580000)
  object space 349696K, 99% used [0x00000000e0000000,0x00000000f557ffd8,0x00000000f5580000)
 Metaspace       used 61665K, committed 62784K, reserved 1105920K
  class space    used 6029K, committed 6464K, reserved 1048576K
}
Event: 406.671 GC heap after
{Heap after GC invocations=367 (full 272):
 PSYoungGen      total 41472K, used 28671K [0x00000000f5580000, 0x00000000f8c80000, 0x0000000100000000)
  eden space 28672K, 99% used [0x00000000f5580000,0x00000000f717ffe0,0x00000000f7180000)
  from space 12800K, 0% used [0x00000000f7e00000,0x00000000f7e00000,0x00000000f8a80000)
  to   space 12800K, 0% used [0x00000000f7180000,0x00000000f7180000,0x00000000f7e00000)
 ParOldGen       total 349696K, used 349692K [0x00000000e0000000, 0x00000000f5580000, 0x00000000f5580000)
  object space 349696K, 99% used [0x00000000e0000000,0x00000000f557f2b8,0x00000000f5580000)
 Metaspace       used 61665K, committed 62784K, reserved 1105920K
  class space    used 6029K, committed 6464K, reserved 1048576K
}
Event: 406.671 GC heap before
{Heap before GC invocations=368 (full 273):
 PSYoungGen      total 41472K, used 28672K [0x00000000f5580000, 0x00000000f8c80000, 0x0000000100000000)
  eden space 28672K, 100% used [0x00000000f5580000,0x00000000f7180000,0x00000000f7180000)
  from space 12800K, 0% used [0x00000000f7e00000,0x00000000f7e00000,0x00000000f8a80000)
  to   space 12800K, 0% used [0x00000000f7180000,0x00000000f7180000,0x00000000f7e00000)
 ParOldGen       total 349696K, used 349693K [0x00000000e0000000, 0x00000000f5580000, 0x00000000f5580000)
  object space 349696K, 99% used [0x00000000e0000000,0x00000000f557f530,0x00000000f5580000)
 Metaspace       used 61665K, committed 62784K, reserved 1105920K
  class space    used 6029K, committed 6464K, reserved 1048576K
}
Event: 407.844 GC heap after
{Heap after GC invocations=368 (full 273):
 PSYoungGen      total 41472K, used 28671K [0x00000000f5580000, 0x00000000f8c80000, 0x0000000100000000)
  eden space 28672K, 99% used [0x00000000f5580000,0x00000000f717ffb8,0x00000000f7180000)
  from space 12800K, 0% used [0x00000000f7180000,0x00000000f7180000,0x00000000f7e00000)
  to   space 12800K, 0% used [0x00000000f7e00000,0x00000000f7e00000,0x00000000f8a80000)
 ParOldGen       total 349696K, used 349692K [0x00000000e0000000, 0x00000000f5580000, 0x00000000f5580000)
  object space 349696K, 99% used [0x00000000e0000000,0x00000000f557f3e8,0x00000000f5580000)
 Metaspace       used 61665K, committed 62784K, reserved 1105920K
  class space    used 6029K, committed 6464K, reserved 1048576K
}
Event: 407.845 GC heap before
{Heap before GC invocations=369 (full 274):
 PSYoungGen      total 41472K, used 28671K [0x00000000f5580000, 0x00000000f8c80000, 0x0000000100000000)
  eden space 28672K, 99% used [0x00000000f5580000,0x00000000f717ffe8,0x00000000f7180000)
  from space 12800K, 0% used [0x00000000f7180000,0x00000000f7180000,0x00000000f7e00000)
  to   space 12800K, 0% used [0x00000000f7e00000,0x00000000f7e00000,0x00000000f8a80000)
 ParOldGen       total 349696K, used 349692K [0x00000000e0000000, 0x00000000f5580000, 0x00000000f5580000)
  object space 349696K, 99% used [0x00000000e0000000,0x00000000f557f3e8,0x00000000f5580000)
 Metaspace       used 61665K, committed 62784K, reserved 1105920K
  class space    used 6029K, committed 6464K, reserved 1048576K
}
Event: 408.866 GC heap after
{Heap after GC invocations=369 (full 274):
 PSYoungGen      total 41472K, used 28671K [0x00000000f5580000, 0x00000000f8c80000, 0x0000000100000000)
  eden space 28672K, 99% used [0x00000000f5580000,0x00000000f717ffe8,0x00000000f7180000)
  from space 12800K, 0% used [0x00000000f7e00000,0x00000000f7e00000,0x00000000f8a80000)
  to   space 12800K, 0% used [0x00000000f7180000,0x00000000f7180000,0x00000000f7e00000)
 ParOldGen       total 349696K, used 349692K [0x00000000e0000000, 0x00000000f5580000, 0x00000000f5580000)
  object space 349696K, 99% used [0x00000000e0000000,0x00000000f557f3e8,0x00000000f5580000)
 Metaspace       used 61665K, committed 62784K, reserved 1105920K
  class space    used 6029K, committed 6464K, reserved 1048576K
}
Event: 408.866 GC heap before
{Heap before GC invocations=370 (full 275):
 PSYoungGen      total 41472K, used 28672K [0x00000000f5580000, 0x00000000f8c80000, 0x0000000100000000)
  eden space 28672K, 100% used [0x00000000f5580000,0x00000000f7180000,0x00000000f7180000)
  from space 12800K, 0% used [0x00000000f7e00000,0x00000000f7e00000,0x00000000f8a80000)
  to   space 12800K, 0% used [0x00000000f7180000,0x00000000f7180000,0x00000000f7e00000)
 ParOldGen       total 349696K, used 349695K [0x00000000e0000000, 0x00000000f5580000, 0x00000000f5580000)
  object space 349696K, 99% used [0x00000000e0000000,0x00000000f557fc78,0x00000000f5580000)
 Metaspace       used 61665K, committed 62784K, reserved 1105920K
  class space    used 6029K, committed 6464K, reserved 1048576K
}
Event: 410.042 GC heap after
{Heap after GC invocations=370 (full 275):
 PSYoungGen      total 41472K, used 28671K [0x00000000f5580000, 0x00000000f8c80000, 0x0000000100000000)
  eden space 28672K, 99% used [0x00000000f5580000,0x00000000f717fec8,0x00000000f7180000)
  from space 12800K, 0% used [0x00000000f7180000,0x00000000f7180000,0x00000000f7e00000)
  to   space 12800K, 0% used [0x00000000f7e00000,0x00000000f7e00000,0x00000000f8a80000)
 ParOldGen       total 349696K, used 349693K [0x00000000e0000000, 0x00000000f5580000, 0x00000000f5580000)
  object space 349696K, 99% used [0x00000000e0000000,0x00000000f557f780,0x00000000f5580000)
 Metaspace       used 61665K, committed 62784K, reserved 1105920K
  class space    used 6029K, committed 6464K, reserved 1048576K
}
Event: 410.042 GC heap before
{Heap before GC invocations=371 (full 276):
 PSYoungGen      total 41472K, used 28672K [0x00000000f5580000, 0x00000000f8c80000, 0x0000000100000000)
  eden space 28672K, 100% used [0x00000000f5580000,0x00000000f7180000,0x00000000f7180000)
  from space 12800K, 0% used [0x00000000f7180000,0x00000000f7180000,0x00000000f7e00000)
  to   space 12800K, 0% used [0x00000000f7e00000,0x00000000f7e00000,0x00000000f8a80000)
 ParOldGen       total 349696K, used 349693K [0x00000000e0000000, 0x00000000f5580000, 0x00000000f5580000)
  object space 349696K, 99% used [0x00000000e0000000,0x00000000f557f780,0x00000000f5580000)
 Metaspace       used 61665K, committed 62784K, reserved 1105920K
  class space    used 6029K, committed 6464K, reserved 1048576K
}
Event: 411.064 GC heap after
{Heap after GC invocations=371 (full 276):
 PSYoungGen      total 41472K, used 28671K [0x00000000f5580000, 0x00000000f8c80000, 0x0000000100000000)
  eden space 28672K, 99% used [0x00000000f5580000,0x00000000f717ff80,0x00000000f7180000)
  from space 12800K, 0% used [0x00000000f7e00000,0x00000000f7e00000,0x00000000f8a80000)
  to   space 12800K, 0% used [0x00000000f7180000,0x00000000f7180000,0x00000000f7e00000)
 ParOldGen       total 349696K, used 349693K [0x00000000e0000000, 0x00000000f5580000, 0x00000000f5580000)
  object space 349696K, 99% used [0x00000000e0000000,0x00000000f557f780,0x00000000f5580000)
 Metaspace       used 61665K, committed 62784K, reserved 1105920K
  class space    used 6029K, committed 6464K, reserved 1048576K
}
Event: 411.064 GC heap before
{Heap before GC invocations=372 (full 277):
 PSYoungGen      total 41472K, used 28671K [0x00000000f5580000, 0x00000000f8c80000, 0x0000000100000000)
  eden space 28672K, 99% used [0x00000000f5580000,0x00000000f717fff8,0x00000000f7180000)
  from space 12800K, 0% used [0x00000000f7e00000,0x00000000f7e00000,0x00000000f8a80000)
  to   space 12800K, 0% used [0x00000000f7180000,0x00000000f7180000,0x00000000f7e00000)
 ParOldGen       total 349696K, used 349693K [0x00000000e0000000, 0x00000000f5580000, 0x00000000f5580000)
  object space 349696K, 99% used [0x00000000e0000000,0x00000000f557f780,0x00000000f5580000)
 Metaspace       used 61665K, committed 62784K, reserved 1105920K
  class space    used 6029K, committed 6464K, reserved 1048576K
}
Event: 412.081 GC heap after
{Heap after GC invocations=372 (full 277):
 PSYoungGen      total 41472K, used 28671K [0x00000000f5580000, 0x00000000f8c80000, 0x0000000100000000)
  eden space 28672K, 99% used [0x00000000f5580000,0x00000000f717fff8,0x00000000f7180000)
  from space 12800K, 0% used [0x00000000f7180000,0x00000000f7180000,0x00000000f7e00000)
  to   space 12800K, 0% used [0x00000000f7e00000,0x00000000f7e00000,0x00000000f8a80000)
 ParOldGen       total 349696K, used 349693K [0x00000000e0000000, 0x00000000f5580000, 0x00000000f5580000)
  object space 349696K, 99% used [0x00000000e0000000,0x00000000f557f780,0x00000000f5580000)
 Metaspace       used 61665K, committed 62784K, reserved 1105920K
  class space    used 6029K, committed 6464K, reserved 1048576K
}
Event: 412.081 GC heap before
{Heap before GC invocations=373 (full 278):
 PSYoungGen      total 41472K, used 28671K [0x00000000f5580000, 0x00000000f8c80000, 0x0000000100000000)
  eden space 28672K, 99% used [0x00000000f5580000,0x00000000f717fff8,0x00000000f7180000)
  from space 12800K, 0% used [0x00000000f7180000,0x00000000f7180000,0x00000000f7e00000)
  to   space 12800K, 0% used [0x00000000f7e00000,0x00000000f7e00000,0x00000000f8a80000)
 ParOldGen       total 349696K, used 349694K [0x00000000e0000000, 0x00000000f5580000, 0x00000000f5580000)
  object space 349696K, 99% used [0x00000000e0000000,0x00000000f557f8d0,0x00000000f5580000)
 Metaspace       used 61665K, committed 62784K, reserved 1105920K
  class space    used 6029K, committed 6464K, reserved 1048576K
}
Event: 413.181 GC heap after
{Heap after GC invocations=373 (full 278):
 PSYoungGen      total 41472K, used 28671K [0x00000000f5580000, 0x00000000f8c80000, 0x0000000100000000)
  eden space 28672K, 99% used [0x00000000f5580000,0x00000000f717ff68,0x00000000f7180000)
  from space 12800K, 0% used [0x00000000f7e00000,0x00000000f7e00000,0x00000000f8a80000)
  to   space 12800K, 0% used [0x00000000f7180000,0x00000000f7180000,0x00000000f7e00000)
 ParOldGen       total 349696K, used 349693K [0x00000000e0000000, 0x00000000f5580000, 0x00000000f5580000)
  object space 349696K, 99% used [0x00000000e0000000,0x00000000f557f7d8,0x00000000f5580000)
 Metaspace       used 61665K, committed 62784K, reserved 1105920K
  class space    used 6029K, committed 6464K, reserved 1048576K
}
Event: 413.181 GC heap before
{Heap before GC invocations=374 (full 279):
 PSYoungGen      total 41472K, used 28671K [0x00000000f5580000, 0x00000000f8c80000, 0x0000000100000000)
  eden space 28672K, 99% used [0x00000000f5580000,0x00000000f717ff68,0x00000000f7180000)
  from space 12800K, 0% used [0x00000000f7e00000,0x00000000f7e00000,0x00000000f8a80000)
  to   space 12800K, 0% used [0x00000000f7180000,0x00000000f7180000,0x00000000f7e00000)
 ParOldGen       total 349696K, used 349693K [0x00000000e0000000, 0x00000000f5580000, 0x00000000f5580000)
  object space 349696K, 99% used [0x00000000e0000000,0x00000000f557f7d8,0x00000000f5580000)
 Metaspace       used 61665K, committed 62784K, reserved 1105920K
  class space    used 6029K, committed 6464K, reserved 1048576K
}
Event: 414.168 GC heap after
{Heap after GC invocations=374 (full 279):
 PSYoungGen      total 41472K, used 28671K [0x00000000f5580000, 0x00000000f8c80000, 0x0000000100000000)
  eden space 28672K, 99% used [0x00000000f5580000,0x00000000f717ff68,0x00000000f7180000)
  from space 12800K, 0% used [0x00000000f7180000,0x00000000f7180000,0x00000000f7e00000)
  to   space 12800K, 0% used [0x00000000f7e00000,0x00000000f7e00000,0x00000000f8a80000)
 ParOldGen       total 349696K, used 349693K [0x00000000e0000000, 0x00000000f5580000, 0x00000000f5580000)
  object space 349696K, 99% used [0x00000000e0000000,0x00000000f557f7d8,0x00000000f5580000)
 Metaspace       used 61665K, committed 62784K, reserved 1105920K
  class space    used 6029K, committed 6464K, reserved 1048576K
}
Event: 414.168 GC heap before
{Heap before GC invocations=375 (full 280):
 PSYoungGen      total 41472K, used 28671K [0x00000000f5580000, 0x00000000f8c80000, 0x0000000100000000)
  eden space 28672K, 99% used [0x00000000f5580000,0x00000000f717fff0,0x00000000f7180000)
  from space 12800K, 0% used [0x00000000f7180000,0x00000000f7180000,0x00000000f7e00000)
  to   space 12800K, 0% used [0x00000000f7e00000,0x00000000f7e00000,0x00000000f8a80000)
 ParOldGen       total 349696K, used 349695K [0x00000000e0000000, 0x00000000f5580000, 0x00000000f5580000)
  object space 349696K, 99% used [0x00000000e0000000,0x00000000f557fcd8,0x00000000f5580000)
 Metaspace       used 61665K, committed 62784K, reserved 1105920K
  class space    used 6029K, committed 6464K, reserved 1048576K
}
Event: 415.255 GC heap after
{Heap after GC invocations=375 (full 280):
 PSYoungGen      total 41472K, used 28671K [0x00000000f5580000, 0x00000000f8c80000, 0x0000000100000000)
  eden space 28672K, 99% used [0x00000000f5580000,0x00000000f717ff58,0x00000000f7180000)
  from space 12800K, 0% used [0x00000000f7e00000,0x00000000f7e00000,0x00000000f8a80000)
  to   space 12800K, 0% used [0x00000000f7180000,0x00000000f7180000,0x00000000f7e00000)
 ParOldGen       total 349696K, used 349695K [0x00000000e0000000, 0x00000000f5580000, 0x00000000f5580000)
  object space 349696K, 99% used [0x00000000e0000000,0x00000000f557fc88,0x00000000f5580000)
 Metaspace       used 61665K, committed 62784K, reserved 1105920K
  class space    used 6029K, committed 6464K, reserved 1048576K
}
Event: 415.255 GC heap before
{Heap before GC invocations=376 (full 281):
 PSYoungGen      total 41472K, used 28671K [0x00000000f5580000, 0x00000000f8c80000, 0x0000000100000000)
  eden space 28672K, 99% used [0x00000000f5580000,0x00000000f717ff58,0x00000000f7180000)
  from space 12800K, 0% used [0x00000000f7e00000,0x00000000f7e00000,0x00000000f8a80000)
  to   space 12800K, 0% used [0x00000000f7180000,0x00000000f7180000,0x00000000f7e00000)
 ParOldGen       total 349696K, used 349695K [0x00000000e0000000, 0x00000000f5580000, 0x00000000f5580000)
  object space 349696K, 99% used [0x00000000e0000000,0x00000000f557fc88,0x00000000f5580000)
 Metaspace       used 61665K, committed 62784K, reserved 1105920K
  class space    used 6029K, committed 6464K, reserved 1048576K
}
Event: 416.434 GC heap after
{Heap after GC invocations=376 (full 281):
 PSYoungGen      total 41472K, used 28671K [0x00000000f5580000, 0x00000000f8c80000, 0x0000000100000000)
  eden space 28672K, 99% used [0x00000000f5580000,0x00000000f717ff58,0x00000000f7180000)
  from space 12800K, 0% used [0x00000000f7180000,0x00000000f7180000,0x00000000f7e00000)
  to   space 12800K, 0% used [0x00000000f7e00000,0x00000000f7e00000,0x00000000f8a80000)
 ParOldGen       total 349696K, used 349695K [0x00000000e0000000, 0x00000000f5580000, 0x00000000f5580000)
  object space 349696K, 99% used [0x00000000e0000000,0x00000000f557fc88,0x00000000f5580000)
 Metaspace       used 61665K, committed 62784K, reserved 1105920K
  class space    used 6029K, committed 6464K, reserved 1048576K
}

Dll operation events (9 events):
Event: 0.002 Loaded shared library /nix/store/gpxl5qgg8kicmcvivwmybwjlpf7wh20l-graalvm17-ce-22.3.0/lib/libjava.so
Event: 0.008 Loaded shared library /nix/store/gpxl5qgg8kicmcvivwmybwjlpf7wh20l-graalvm17-ce-22.3.0/lib/libjsvml.so
Event: 0.349 Loaded shared library /nix/store/gpxl5qgg8kicmcvivwmybwjlpf7wh20l-graalvm17-ce-22.3.0/lib/libnio.so
Event: 0.367 Loaded shared library /nix/store/gpxl5qgg8kicmcvivwmybwjlpf7wh20l-graalvm17-ce-22.3.0/lib/libzip.so
Event: 0.376 Loaded shared library /nix/store/gpxl5qgg8kicmcvivwmybwjlpf7wh20l-graalvm17-ce-22.3.0/lib/libjvmcicompiler.so
Event: 0.767 Loaded shared library /nix/store/gpxl5qgg8kicmcvivwmybwjlpf7wh20l-graalvm17-ce-22.3.0/lib/libjimage.so
Event: 1.487 Loaded shared library /nix/store/gpxl5qgg8kicmcvivwmybwjlpf7wh20l-graalvm17-ce-22.3.0/lib/libnet.so
Event: 5.579 Loaded shared library /home/runner/.cache/jdt-language-server/config/org.eclipse.equinox.launcher/org.eclipse.equinox.launcher.gtk.linux.x86_64_1.2.400.v20211117-0650/eclipse_11600.so
Event: 17.232 Loaded shared library /nix/store/gpxl5qgg8kicmcvivwmybwjlpf7wh20l-graalvm17-ce-22.3.0/lib/libextnet.so

Deoptimization events (20 events):
Event: 77.140 Thread 0x00007f9130488eb0 DEOPT PACKING pc=0x00007f918453ce05 sp=0x00007f9148bfe530
Event: 77.140 Thread 0x00007f9130488eb0 DEOPT UNPACKING pc=0x00007f9183505325 sp=0x00007f9148bfda20 mode 0
Event: 77.142 Thread 0x00007f9130488eb0 DEOPT PACKING pc=0x00007f918453ce05 sp=0x00007f9148bfe530
Event: 77.142 Thread 0x00007f9130488eb0 DEOPT UNPACKING pc=0x00007f9183505325 sp=0x00007f9148bfda20 mode 0
Event: 77.143 Thread 0x00007f9130488eb0 DEOPT PACKING pc=0x00007f918453ce05 sp=0x00007f9148bfe530
Event: 77.143 Thread 0x00007f9130488eb0 DEOPT UNPACKING pc=0x00007f9183505325 sp=0x00007f9148bfda20 mode 0
Event: 77.145 Thread 0x00007f9130488eb0 DEOPT PACKING pc=0x00007f918453ce05 sp=0x00007f9148bfe530
Event: 77.145 Thread 0x00007f9130488eb0 DEOPT UNPACKING pc=0x00007f9183505325 sp=0x00007f9148bfda20 mode 0
Event: 350.598 Thread 0x00007f919c0b2210 DEOPT PACKING pc=0x00007f9183a6a93a sp=0x00007f9181a45ef0
Event: 350.598 Thread 0x00007f919c0b2210 DEOPT UNPACKING pc=0x00007f9183505325 sp=0x00007f9181a45458 mode 0
Event: 384.980 Thread 0x00007f9130488eb0 Uncommon trap: trap_request=0xffffff8f fr.pc=0x00007f918b222aa5 relative=0x00000000000011e5
Event: 384.980 Thread 0x00007f9130488eb0 Uncommon trap: reason=constraint action=none pc=0x00007f918b222aa5 method=org.eclipse.jdt.internal.core.index.DiskIndex.copyQueryResults(Lorg/eclipse/jdt/internal/compiler/util/HashtableOfObject;I)V @ 123 jvmci
Event: 384.980 Thread 0x00007f9130488eb0 DEOPT PACKING pc=0x00007f918b222aa5 sp=0x00007f9148bfe530
Event: 384.980 Thread 0x00007f9130488eb0 DEOPT UNPACKING pc=0x00007f9183505325 sp=0x00007f9148bfda28 mode 3
Event: 402.271 Thread 0x00007f919c3dd9e0 DEOPT PACKING pc=0x00007f918b0b2214 sp=0x00007f91493fd2b0
Event: 402.271 Thread 0x00007f919c3dd9e0 DEOPT UNPACKING pc=0x00007f9183505325 sp=0x00007f91493fc730 mode 1
Event: 414.168 Thread 0x00007f919c0b2210 Uncommon trap: trap_request=0xffffff8f fr.pc=0x00007f918b0238bf relative=0x000000000000019f
Event: 414.168 Thread 0x00007f919c0b2210 Uncommon trap: reason=constraint action=none pc=0x00007f918b0238bf method=java.util.Arrays.copyOf([BI)[B @ 0 jvmci
Event: 414.168 Thread 0x00007f919c0b2210 DEOPT PACKING pc=0x00007f918b0238bf sp=0x00007f9181a45fe0
Event: 414.168 Thread 0x00007f919c0b2210 DEOPT UNPACKING pc=0x00007f9183505325 sp=0x00007f9181a45470 mode 3

Classes unloaded (20 events):
Event: 88.585 Thread 0x00007f919c0a1c30 Unloading class 0x0000000800f10000 'jdk/internal/reflect/GeneratedConstructorAccessor10'
Event: 88.585 Thread 0x00007f919c0a1c30 Unloading class 0x0000000800d99000 'java/lang/invoke/LambdaForm$MH+0x0000000800d99000'
Event: 88.585 Thread 0x00007f919c0a1c30 Unloading class 0x0000000800d98c00 'java/lang/invoke/LambdaForm$MH+0x0000000800d98c00'
Event: 88.585 Thread 0x00007f919c0a1c30 Unloading class 0x0000000800d98800 'java/lang/invoke/LambdaForm$MH+0x0000000800d98800'
Event: 88.585 Thread 0x00007f919c0a1c30 Unloading class 0x0000000800d98400 'java/lang/invoke/LambdaForm$MH+0x0000000800d98400'
Event: 88.585 Thread 0x00007f919c0a1c30 Unloading class 0x0000000800d98000 'jdk/internal/reflect/GeneratedConstructorAccessor3'
Event: 88.585 Thread 0x00007f919c0a1c30 Unloading class 0x0000000800d06800 'java/lang/invoke/LambdaForm$MH+0x0000000800d06800'
Event: 88.585 Thread 0x00007f919c0a1c30 Unloading class 0x0000000800d06000 'java/lang/invoke/LambdaForm$MH+0x0000000800d06000'
Event: 88.585 Thread 0x00007f919c0a1c30 Unloading class 0x0000000800d05c00 'java/lang/invoke/LambdaForm$MH+0x0000000800d05c00'
Event: 88.585 Thread 0x00007f919c0a1c30 Unloading class 0x0000000800d05800 'java/lang/invoke/LambdaForm$MH+0x0000000800d05800'
Event: 88.585 Thread 0x00007f919c0a1c30 Unloading class 0x0000000800d05000 'java/lang/invoke/LambdaForm$MH+0x0000000800d05000'
Event: 88.585 Thread 0x00007f919c0a1c30 Unloading class 0x0000000800d04c00 'java/lang/invoke/LambdaForm$MH+0x0000000800d04c00'
Event: 88.585 Thread 0x00007f919c0a1c30 Unloading class 0x0000000800d04800 'java/lang/invoke/LambdaForm$MH+0x0000000800d04800'
Event: 88.585 Thread 0x00007f919c0a1c30 Unloading class 0x0000000800d04000 'java/lang/invoke/LambdaForm$MH+0x0000000800d04000'
Event: 88.585 Thread 0x00007f919c0a1c30 Unloading class 0x0000000800c1d000 'jdk/internal/reflect/GeneratedMethodAccessor5'
Event: 88.585 Thread 0x00007f919c0a1c30 Unloading class 0x0000000800c1cc00 'jdk/internal/reflect/GeneratedMethodAccessor4'
Event: 88.585 Thread 0x00007f919c0a1c30 Unloading class 0x0000000800c1c800 'jdk/internal/reflect/GeneratedMethodAccessor3'
Event: 88.585 Thread 0x00007f919c0a1c30 Unloading class 0x0000000800c1c400 'jdk/internal/reflect/GeneratedMethodAccessor2'
Event: 88.585 Thread 0x00007f919c0a1c30 Unloading class 0x0000000800c1c000 'jdk/internal/reflect/GeneratedMethodAccessor1'
Event: 88.585 Thread 0x00007f919c0a1c30 Unloading class 0x0000000800c01c00 'java/lang/invoke/LambdaForm$DMH+0x0000000800c01c00'

Classes redefined (0 events):
No events

Internal exceptions (20 events):
Event: 54.335 Thread 0x00007f91240010d0 Exception <a 'java/io/FileNotFoundException'{0x00000000f60a5a78}> (0x00000000f60a5a78) 
thrown [src/hotspot/share/prims/jni.cpp, line 516]
Event: 54.346 Thread 0x00007f91240010d0 Exception <a 'java/lang/NoSuchMethodError'{0x00000000f60d60b0}: 'java.lang.Object java.lang.invoke.DirectMethodHandle$Holder.newInvokeSpecial(java.lang.Object, java.lang.Object, int, java.lang.Object, java.lang.Object)'> (0x00000000f60d60b0) 
thrown [src/hotspot/share/interpreter/linkResolver.cpp, line 758]
Event: 54.346 Thread 0x00007f91240010d0 Exception <a 'java/lang/NoSuchMethodError'{0x00000000f60da4e0}: 'java.lang.Object java.lang.invoke.DirectMethodHandle$Holder.invokeSpecial(java.lang.Object, java.lang.Object, java.lang.Object, int, java.lang.Object, java.lang.Object)'> (0x00000000f60da4e0) 
thrown [src/hotspot/share/interpreter/linkResolver.cpp, line 758]
Event: 54.552 Thread 0x00007f91240010d0 Exception <a 'java/lang/NoSuchMethodError'{0x00000000f6631c00}: 'java.lang.Object java.lang.invoke.DirectMethodHandle$Holder.newInvokeSpecial(java.lang.Object, java.lang.Object, java.lang.Object, int, java.lang.Object)'> (0x00000000f6631c00) 
thrown [src/hotspot/share/interpreter/linkResolver.cpp, line 758]
Event: 54.553 Thread 0x00007f91240010d0 Exception <a 'java/lang/NoSuchMethodError'{0x00000000f69f7e70}: 'java.lang.Object java.lang.invoke.DirectMethodHandle$Holder.invokeSpecial(java.lang.Object, java.lang.Object, java.lang.Object, java.lang.Object, int, java.lang.Object)'> (0x00000000f69f7e70) 
thrown [src/hotspot/share/interpreter/linkResolver.cpp, line 758]
Event: 54.553 Thread 0x00007f91240010d0 Exception <a 'java/lang/NoSuchMethodError'{0x00000000f69fb958}: 'java.lang.Object java.lang.invoke.Invokers$Holder.linkToTargetMethod(java.lang.Object, java.lang.Object, int, java.lang.Object, java.lang.Object)'> (0x00000000f69fb958) 
thrown [src/hotspot/share/interpreter/linkResolver.cpp, line 758]
Event: 59.032 Thread 0x00007f912c13d9d0 Exception <a 'java/lang/NoSuchMethodError'{0x00000000f68f1430}: 'java.lang.Object java.lang.invoke.DirectMethodHandle$Holder.invokeStatic(java.lang.Object, int, java.lang.Object, java.lang.Object, java.lang.Object, java.lang.Object)'> (0x00000000f68f1430) 
thrown [src/hotspot/share/interpreter/linkResolver.cpp, line 758]
Event: 59.033 Thread 0x00007f912c13d9d0 Exception <a 'java/lang/NoSuchMethodError'{0x00000000f6953428}: 'java.lang.Object java.lang.invoke.DirectMethodHandle$Holder.newInvokeSpecial(java.lang.Object, int, java.lang.Object, java.lang.Object, java.lang.Object)'> (0x00000000f6953428) 
thrown [src/hotspot/share/interpreter/linkResolver.cpp, line 758]
Event: 59.175 Thread 0x00007f912c13b650 Exception <a 'java/lang/NoSuchMethodError'{0x00000000f564df38}: 'java.lang.Object java.lang.invoke.DirectMethodHandle$Holder.invokeSpecial(java.lang.Object, java.lang.Object, int, java.lang.Object, java.lang.Object, java.lang.Object, java.lang.Object, java.lang.Object)'> (0x00000000f564df38) 
thrown [src/hotspot/share/interpreter/linkResolver.cpp, line 758]
Event: 59.180 Thread 0x00007f912c138a00 Exception <a 'java/lang/NoSuchMethodError'{0x00000000f572a598}: 'java.lang.Object java.lang.invoke.DirectMethodHandle$Holder.newInvokeSpecial(java.lang.Object, java.lang.Object, int, java.lang.Object, java.lang.Object, java.lang.Object, java.lang.Object)'> (0x00000000f572a598) 
thrown [src/hotspot/share/interpreter/linkResolver.cpp, line 758]
Event: 59.642 Thread 0x00007f912c138a00 Exception <a 'java/lang/NoSuchMethodError'{0x00000000f64d5608}: 'void java.lang.invoke.DirectMethodHandle$Holder.invokeSpecial(java.lang.Object, java.lang.Object, int)'> (0x00000000f64d5608) 
thrown [src/hotspot/share/interpreter/linkResolver.cpp, line 758]
Event: 60.266 Thread 0x00007f912c138a00 Exception <a 'java/lang/NoSuchMethodError'{0x00000000f5a30bd8}: 'int java.lang.invoke.DirectMethodHandle$Holder.invokeStatic(java.lang.Object, int, int, java.lang.Object)'> (0x00000000f5a30bd8) 
thrown [src/hotspot/share/interpreter/linkResolver.cpp, line 758]
Event: 60.548 Thread 0x00007f912c1398d0 Exception <a 'java/lang/NoSuchMethodError'{0x00000000f66d9ec8}: 'int java.lang.invoke.DirectMethodHandle$Holder.invokeSpecialIFC(java.lang.Object, java.lang.Object, java.lang.Object, java.lang.Object)'> (0x00000000f66d9ec8) 
thrown [src/hotspot/share/interpreter/linkResolver.cpp, line 758]
Event: 384.980 Thread 0x00007f9130488eb0 Exception <a 'java/lang/OutOfMemoryError'{0x00000000e000a6d0}> (0x00000000e000a6d0) 
thrown [src/hotspot/share/gc/shared/memAllocator.cpp, line 138]
Event: 384.980 Thread 0x00007f9130488eb0 Implicit null exception at 0x00007f918b22250e to 0x00007f918b222a8a
Event: 393.277 Thread 0x00007f9100448590 Exception <a 'java/lang/OutOfMemoryError'{0x00000000e0009b90}> (0x00000000e0009b90) 
thrown [src/hotspot/share/gc/shared/memAllocator.cpp, line 136]
Event: 401.164 Thread 0x00007f919c3dd9e0 Exception <a 'java/lang/OutOfMemoryError'{0x00000000e0009eb0}> (0x00000000e0009eb0) 
thrown [src/hotspot/share/gc/shared/memAllocator.cpp, line 136]
Event: 414.168 Thread 0x00007f919c0b2210 Exception <a 'java/lang/OutOfMemoryError'{0x00000000e0009b90}> (0x00000000e0009b90) 
thrown [src/hotspot/share/gc/shared/memAllocator.cpp, line 138]
Event: 414.168 Thread 0x00007f919c0b2210 Implicit null exception at 0x00007f918b023859 to 0x00007f918b0238a4
Event: 416.434 Thread 0x00007f919c0b2210 Exception <a 'java/lang/OutOfMemoryError'{0x00000000e0009eb0}> (0x00000000e0009eb0) 
thrown [src/hotspot/share/gc/shared/memAllocator.cpp, line 136]

VM Operations (20 events):
Event: 403.263 Executing VM operation: ParallelGCFailedAllocation
Event: 404.452 Executing VM operation: ParallelGCFailedAllocation done
Event: 404.452 Executing VM operation: ParallelGCFailedAllocation
Event: 405.541 Executing VM operation: ParallelGCFailedAllocation done
Event: 405.541 Executing VM operation: ParallelGCFailedAllocation
Event: 406.671 Executing VM operation: ParallelGCFailedAllocation done
Event: 406.671 Executing VM operation: ParallelGCFailedAllocation
Event: 407.844 Executing VM operation: ParallelGCFailedAllocation done
Event: 407.844 Executing VM operation: ParallelGCFailedAllocation
Event: 408.866 Executing VM operation: ParallelGCFailedAllocation done
Event: 408.866 Executing VM operation: ParallelGCFailedAllocation
Event: 410.042 Executing VM operation: ParallelGCFailedAllocation done
Event: 410.042 Executing VM operation: ParallelGCFailedAllocation
Event: 411.064 Executing VM operation: ParallelGCFailedAllocation done
Event: 411.064 Executing VM operation: ParallelGCFailedAllocation
Event: 412.081 Executing VM operation: ParallelGCFailedAllocation done
Event: 412.081 Executing VM operation: ParallelGCFailedAllocation
Event: 414.168 Executing VM operation: ParallelGCFailedAllocation done
Event: 414.168 Executing VM operation: ParallelGCFailedAllocation
Event: 416.434 Executing VM operation: ParallelGCFailedAllocation done

Events (20 events):
Event: 61.552 Thread 0x00007f919c0b4b70 flushing nmethod 0x00007f9184a37d10
Event: 61.552 Thread 0x00007f919c0b4b70 flushing nmethod 0x00007f9184a3b390
Event: 61.552 Thread 0x00007f919c0b4b70 flushing nmethod 0x00007f9184a3dd90
Event: 61.581 Thread 0x00007f919c20f100 Thread exited: 0x00007f919c20f100
Event: 62.146 Thread 0x00007f912c13cb60 Thread exited: 0x00007f912c13cb60
Event: 62.432 Thread 0x00007f912c138a00 Thread exited: 0x00007f912c138a00
Event: 100.033 Thread 0x00007f90ec003020 Thread exited: 0x00007f90ec003020
Event: 120.247 Thread 0x00007f91240010d0 Thread exited: 0x00007f91240010d0
Event: 120.248 Thread 0x00007f9124112be0 Thread exited: 0x00007f9124112be0
Event: 120.248 Thread 0x00007f913030a7a0 Thread exited: 0x00007f913030a7a0
Event: 121.542 Thread 0x00007f910c000ff0 Thread exited: 0x00007f910c000ff0
Event: 122.877 Thread 0x00007f9110001130 Thread exited: 0x00007f9110001130
Event: 306.111 Thread 0x00007f912c13b650 Thread added: 0x00007f912c13b650
Event: 306.111 Protecting memory [0x00007f9148300000,0x00007f9148304000] with protection modes 0
Event: 363.637 loading class java/io/InterruptedIOException
Event: 363.637 loading class java/io/InterruptedIOException done
Event: 363.637 loading class javax/net/ssl/SSLException
Event: 388.752 loading class javax/net/ssl/SSLException done
Event: 405.541 loading class java/lang/AssertionError
Event: 405.541 loading class java/lang/AssertionError done


Dynamic libraries:
e0000000-f5580000 rw-p 00000000 00:00 0 
f5580000-f8c80000 rw-p 00000000 00:00 0 
f8c80000-100000000 ---p 00000000 00:00 0 
800000000-800449000 rw-p 00001000 00:1838 4611686019135357769            /nix/store/gpxl5qgg8kicmcvivwmybwjlpf7wh20l-graalvm17-ce-22.3.0/lib/server/classes.jsa
800449000-800bc8000 r--p 0044a000 00:1838 4611686019135357769            /nix/store/gpxl5qgg8kicmcvivwmybwjlpf7wh20l-graalvm17-ce-22.3.0/lib/server/classes.jsa
800bc8000-800c00000 ---p 00000000 00:00 0 
800c00000-800c20000 rw-p 00000000 00:00 0 
800c20000-800c40000 rw-p 00000000 00:00 0 
800c40000-800cc0000 rw-p 00000000 00:00 0 
800cc0000-800d00000 rw-p 00000000 00:00 0 
800d00000-800dc0000 rw-p 00000000 00:00 0 
800dc0000-800e00000 rw-p 00000000 00:00 0 
800e00000-800f40000 rw-p 00000000 00:00 0 
800f40000-800fc0000 rw-p 00000000 00:00 0 
800fc0000-801000000 rw-p 00000000 00:00 0 
801000000-801250000 rw-p 00000000 00:00 0 
801250000-840c00000 ---p 00000000 00:00 0 
5606f185f000-5606f1860000 r-xp 00000000 00:1838 4611686019099417844      /nix/store/gpxl5qgg8kicmcvivwmybwjlpf7wh20l-graalvm17-ce-22.3.0/bin/.java-wrapped
5606f1861000-5606f1862000 r--p 00001000 00:1838 4611686019099417844      /nix/store/gpxl5qgg8kicmcvivwmybwjlpf7wh20l-graalvm17-ce-22.3.0/bin/.java-wrapped
5606f1862000-5606f1863000 rw-p 00002000 00:1838 4611686019099417844      /nix/store/gpxl5qgg8kicmcvivwmybwjlpf7wh20l-graalvm17-ce-22.3.0/bin/.java-wrapped
5606f1863000-5606f1864000 rw-p 00004000 00:1838 4611686019099417844      /nix/store/gpxl5qgg8kicmcvivwmybwjlpf7wh20l-graalvm17-ce-22.3.0/bin/.java-wrapped
5606f1864000-5606f1865000 rw-p 00005000 00:1838 4611686019099417844      /nix/store/gpxl5qgg8kicmcvivwmybwjlpf7wh20l-graalvm17-ce-22.3.0/bin/.java-wrapped
5606f2c39000-5606f2c81000 rw-p 00000000 00:00 0                          [heap]
7f90bc000000-7f90bc078000 rw-p 00000000 00:00 0 
7f90bc078000-7f90c0000000 ---p 00000000 00:00 0 
7f90c4000000-7f90c4093000 rw-p 00000000 00:00 0 
7f90c4093000-7f90c8000000 ---p 00000000 00:00 0 
7f90c8000000-7f90c8051000 rw-p 00000000 00:00 0 
7f90c8051000-7f90cc000000 ---p 00000000 00:00 0 
7f90cc000000-7f90cc056000 rw-p 00000000 00:00 0 
7f90cc056000-7f90d0000000 ---p 00000000 00:00 0 
7f90d0000000-7f90d0057000 rw-p 00000000 00:00 0 
7f90d0057000-7f90d4000000 ---p 00000000 00:00 0 
7f90d4000000-7f90d402c000 rw-p 00000000 00:00 0 
7f90d402c000-7f90d8000000 ---p 00000000 00:00 0 
7f90d8000000-7f90d8021000 rw-p 00000000 00:00 0 
7f90d8021000-7f90dc000000 ---p 00000000 00:00 0 
7f90dc000000-7f90dc021000 rw-p 00000000 00:00 0 
7f90dc021000-7f90e0000000 ---p 00000000 00:00 0 
7f90e0000000-7f90e0021000 rw-p 00000000 00:00 0 
7f90e0021000-7f90e4000000 ---p 00000000 00:00 0 
7f90e4000000-7f90e4021000 rw-p 00000000 00:00 0 
7f90e4021000-7f90e8000000 ---p 00000000 00:00 0 
7f90e8000000-7f90e8021000 rw-p 00000000 00:00 0 
7f90e8021000-7f90ec000000 ---p 00000000 00:00 0 
7f90ec000000-7f90ec021000 rw-p 00000000 00:00 0 
7f90ec021000-7f90f0000000 ---p 00000000 00:00 0 
7f90f24b3000-7f90fc000000 r--s 00000000 00:1838 4611686019135192581      /nix/store/gpxl5qgg8kicmcvivwmybwjlpf7wh20l-graalvm17-ce-22.3.0/lib/modules
7f90fc000000-7f90fc135000 rw-p 00000000 00:00 0 
7f90fc135000-7f9100000000 ---p 00000000 00:00 0 
7f9100000000-7f91004f9000 rw-p 00000000 00:00 0 
7f91004f9000-7f9104000000 ---p 00000000 00:00 0 
7f9105000000-7f91056f0000 rw-p 00000000 00:00 0 
7f91056f0000-7f9105700000 ---p 00000000 00:00 0 
7f9105700000-7f9105710000 rw-p 00000000 00:00 0 
7f9105710000-7f9105800000 ---p 00000000 00:00 0 
7f9106800000-7f9107000000 rw-p 00000000 00:00 0 
7f9107000000-7f9107800000 rw-p 00000000 00:00 0 
7f9107800000-7f9107900000 rw-p 00000000 00:00 0 
7f9107900000-7f9107b00000 rw-p 00000000 00:00 0 
7f9107b00000-7f9107b80000 rw-p 00000000 00:00 0 
7f9107b80000-7f9107c00000 rw-p 00000000 00:00 0 
7f9107c00000-7f9107d00000 rw-p 00000000 00:00 0 
7f9107d00000-7f9107e00000 rw-p 00000000 00:00 0 
7f9107e00000-7f9107f00000 rw-p 00000000 00:00 0 
7f9107f00000-7f9108000000 rw-p 00000000 00:00 0 
7f9108000000-7f9108021000 rw-p 00000000 00:00 0 
7f9108021000-7f910c000000 ---p 00000000 00:00 0 
7f910c000000-7f910c021000 rw-p 00000000 00:00 0 
7f910c021000-7f9110000000 ---p 00000000 00:00 0 
7f9110000000-7f911011e000 rw-p 00000000 00:00 0 
7f911011e000-7f9114000000 ---p 00000000 00:00 0 
7f9114000000-7f9114021000 rw-p 00000000 00:00 0 
7f9114021000-7f9118000000 ---p 00000000 00:00 0 
7f9118000000-7f911807c000 rw-p 00000000 00:00 0 
7f911807c000-7f911c000000 ---p 00000000 00:00 0 
7f911c000000-7f911c05b000 rw-p 00000000 00:00 0 
7f911c05b000-7f9120000000 ---p 00000000 00:00 0 
7f9120000000-7f9120021000 rw-p 00000000 00:00 0 
7f9120021000-7f9124000000 ---p 00000000 00:00 0 
7f9124000000-7f91242fe000 rw-p 00000000 00:00 0 
7f91242fe000-7f9128000000 ---p 00000000 00:00 0 
7f9128000000-7f9128021000 rw-p 00000000 00:00 0 
7f9128021000-7f912c000000 ---p 00000000 00:00 0 
7f912c000000-7f912c181000 rw-p 00000000 00:00 0 
7f912c181000-7f9130000000 ---p 00000000 00:00 0 
7f9130000000-7f91308e2000 rw-p 00000000 00:00 0 
7f91308e2000-7f9134000000 ---p 00000000 00:00 0 
7f9134000000-7f9134025000 rw-p 00000000 00:00 0 
7f9134025000-7f9138000000 ---p 00000000 00:00 0 
7f9138000000-7f9138021000 rw-p 00000000 00:00 0 
7f9138021000-7f913c000000 ---p 00000000 00:00 0 
7f913c000000-7f913c021000 rw-p 00000000 00:00 0 
7f913c021000-7f9140000000 ---p 00000000 00:00 0 
7f9140000000-7f9140021000 rw-p 00000000 00:00 0 
7f9140021000-7f9144000000 ---p 00000000 00:00 0 
7f9144000000-7f9144100000 rw-p 00000000 00:00 0 
7f9144100000-7f9144200000 rw-p 00000000 00:00 0 
7f9144200000-7f9144800000 rw-p 00000000 00:00 0 
7f9144800000-7f9144900000 rw-p 00000000 00:00 0 
7f9144900000-7f9144a00000 rw-p 00000000 00:00 0 
7f9144a00000-7f9144d00000 rw-p 00000000 00:00 0 
7f9144d00000-7f9144e00000 rw-p 00000000 00:00 0 
7f9144e00000-7f9145000000 rw-p 00000000 00:00 0 
7f9145200000-7f9145210000 r-xp 00000000 00:1834 358                      /home/runner/.cache/jdt-language-server/config/org.eclipse.equinox.launcher/org.eclipse.equinox.launcher.gtk.linux.x86_64_1.2.400.v20211117-0650/eclipse_11600.so
7f9145210000-7f914540f000 ---p 00010000 00:1834 358                      /home/runner/.cache/jdt-language-server/config/org.eclipse.equinox.launcher/org.eclipse.equinox.launcher.gtk.linux.x86_64_1.2.400.v20211117-0650/eclipse_11600.so
7f914540f000-7f9145410000 r--p 0000f000 00:1834 358                      /home/runner/.cache/jdt-language-server/config/org.eclipse.equinox.launcher/org.eclipse.equinox.launcher.gtk.linux.x86_64_1.2.400.v20211117-0650/eclipse_11600.so
7f9145410000-7f9145411000 rw-p 00010000 00:1834 358                      /home/runner/.cache/jdt-language-server/config/org.eclipse.equinox.launcher/org.eclipse.equinox.launcher.gtk.linux.x86_64_1.2.400.v20211117-0650/eclipse_11600.so
7f9146400000-7f9146500000 ---p 00000000 00:00 0 
7f9146500000-7f9146aaf000 r--p 01122000 00:1838 4611686019135190040      /nix/store/gpxl5qgg8kicmcvivwmybwjlpf7wh20l-graalvm17-ce-22.3.0/lib/libjvmcicompiler.so
7f9146aaf000-7f9146c00000 r--p 00000000 00:00 0 
7f9146c00000-7f9146c3d000 rw-p 00000000 00:00 0 
7f9146c3d000-7f914715d000 rw-p 0185f000 00:1838 4611686019135190040      /nix/store/gpxl5qgg8kicmcvivwmybwjlpf7wh20l-graalvm17-ce-22.3.0/lib/libjvmcicompiler.so
7f914715d000-7f9147544000 r--p 01d7f000 00:1838 4611686019135190040      /nix/store/gpxl5qgg8kicmcvivwmybwjlpf7wh20l-graalvm17-ce-22.3.0/lib/libjvmcicompiler.so
7f9147600000-7f9147604000 ---p 00000000 00:00 0 
7f9147604000-7f9147700000 rw-p 00000000 00:00 0 
7f9147700000-7f9147704000 ---p 00000000 00:00 0 
7f9147704000-7f9147800000 rw-p 00000000 00:00 0 
7f9147900000-7f9147904000 ---p 00000000 00:00 0 
7f9147904000-7f9147a00000 rw-p 00000000 00:00 0 
7f9147b00000-7f9147b04000 ---p 00000000 00:00 0 
7f9147b04000-7f9147c00000 rw-p 00000000 00:00 0 
7f9147d00000-7f9147d04000 ---p 00000000 00:00 0 
7f9147d04000-7f9147e00000 rw-p 00000000 00:00 0 
7f9147f00000-7f9147f04000 ---p 00000000 00:00 0 
7f9147f04000-7f9148000000 rw-p 00000000 00:00 0 
7f9148000000-7f9148004000 ---p 00000000 00:00 0 
7f9148004000-7f9148100000 rw-p 00000000 00:00 0 
7f9148100000-7f9148104000 ---p 00000000 00:00 0 
7f9148104000-7f9148200000 rw-p 00000000 00:00 0 
7f9148200000-7f9148204000 ---p 00000000 00:00 0 
7f9148204000-7f9148300000 rw-p 00000000 00:00 0 
7f9148300000-7f9148304000 ---p 00000000 00:00 0 
7f9148304000-7f9148400000 rw-p 00000000 00:00 0 
7f9148400000-7f9148404000 ---p 00000000 00:00 0 
7f9148404000-7f9148500000 rw-p 00000000 00:00 0 
7f9148500000-7f9148504000 ---p 00000000 00:00 0 
7f9148504000-7f9148600000 rw-p 00000000 00:00 0 
7f9148700000-7f9148704000 ---p 00000000 00:00 0 
7f9148704000-7f9148800000 rw-p 00000000 00:00 0 
7f9148800000-7f9148804000 ---p 00000000 00:00 0 
7f9148804000-7f9148900000 rw-p 00000000 00:00 0 
7f9148900000-7f9148904000 ---p 00000000 00:00 0 
7f9148904000-7f9148a00000 rw-p 00000000 00:00 0 
7f9148b00000-7f9148b04000 ---p 00000000 00:00 0 
7f9148b04000-7f9148c00000 rw-p 00000000 00:00 0 
7f9148d00000-7f9148d04000 ---p 00000000 00:00 0 
7f9148d04000-7f9148e00000 rw-p 00000000 00:00 0 
7f9148f00000-7f9148f04000 ---p 00000000 00:00 0 
7f9148f04000-7f9149000000 rw-p 00000000 00:00 0 
7f9149100000-7f9149104000 ---p 00000000 00:00 0 
7f9149104000-7f9149200000 rw-p 00000000 00:00 0 
7f9149200000-7f9149204000 ---p 00000000 00:00 0 
7f9149204000-7f9149300000 rw-p 00000000 00:00 0 
7f9149300000-7f9149304000 ---p 00000000 00:00 0 
7f9149304000-7f9149400000 rw-p 00000000 00:00 0 
7f9149400000-7f9149404000 ---p 00000000 00:00 0 
7f9149404000-7f9149500000 rw-p 00000000 00:00 0 
7f9149500000-7f9149504000 ---p 00000000 00:00 0 
7f9149504000-7f9149600000 rw-p 00000000 00:00 0 
7f9149700000-7f9149704000 ---p 00000000 00:00 0 
7f9149704000-7f9149800000 rw-p 00000000 00:00 0 
7f9149900000-7f9149904000 ---p 00000000 00:00 0 
7f9149904000-7f9149a00000 rw-p 00000000 00:00 0 
7f9149a00000-7f9149a04000 ---p 00000000 00:00 0 
7f9149a04000-7f9149b00000 rw-p 00000000 00:00 0 
7f9149b00000-7f9149b04000 ---p 00000000 00:00 0 
7f9149b04000-7f9149c00000 rw-p 00000000 00:00 0 
7f9149c00000-7f914bd6a000 r-xp 00000000 00:1838 4611686019135190040      /nix/store/gpxl5qgg8kicmcvivwmybwjlpf7wh20l-graalvm17-ce-22.3.0/lib/libjvmcicompiler.so
7f914bd6a000-7f914bf69000 ---p 0216a000 00:1838 4611686019135190040      /nix/store/gpxl5qgg8kicmcvivwmybwjlpf7wh20l-graalvm17-ce-22.3.0/lib/libjvmcicompiler.so
7f914bf69000-7f914bf6a000 r--p 02169000 00:1838 4611686019135190040      /nix/store/gpxl5qgg8kicmcvivwmybwjlpf7wh20l-graalvm17-ce-22.3.0/lib/libjvmcicompiler.so
7f914bf6a000-7f914bf6c000 rw-p 0216a000 00:1838 4611686019135190040      /nix/store/gpxl5qgg8kicmcvivwmybwjlpf7wh20l-graalvm17-ce-22.3.0/lib/libjvmcicompiler.so
7f914bf6c000-7f914bf6d000 rw-p 00000000 00:00 0 
7f914bf6d000-7f914bf72000 rw-p 023c3000 00:1838 4611686019135190040      /nix/store/gpxl5qgg8kicmcvivwmybwjlpf7wh20l-graalvm17-ce-22.3.0/lib/libjvmcicompiler.so
7f914c000000-7f914c021000 rw-p 00000000 00:00 0 
7f914c021000-7f9150000000 ---p 00000000 00:00 0 
7f9150000000-7f9150021000 rw-p 00000000 00:00 0 
7f9150021000-7f9154000000 ---p 00000000 00:00 0 
7f9154000000-7f9154021000 rw-p 00000000 00:00 0 
7f9154021000-7f9158000000 ---p 00000000 00:00 0 
7f9158000000-7f9158021000 rw-p 00000000 00:00 0 
7f9158021000-7f915c000000 ---p 00000000 00:00 0 
7f915c000000-7f915c0e1000 rw-p 00000000 00:00 0 
7f915c0e1000-7f9160000000 ---p 00000000 00:00 0 
7f9160000000-7f9160bbc000 rw-p 00000000 00:00 0 
7f9160bbc000-7f9164000000 ---p 00000000 00:00 0 
7f9164000000-7f9164021000 rw-p 00000000 00:00 0 
7f9164021000-7f9168000000 ---p 00000000 00:00 0 
7f9168000000-7f9168021000 rw-p 00000000 00:00 0 
7f9168021000-7f916c000000 ---p 00000000 00:00 0 
7f916c000000-7f916c021000 rw-p 00000000 00:00 0 
7f916c021000-7f9170000000 ---p 00000000 00:00 0 
7f9170000000-7f9170021000 rw-p 00000000 00:00 0 
7f9170021000-7f9174000000 ---p 00000000 00:00 0 
7f9174000000-7f917402e000 rw-p 00000000 00:00 0 
7f917402e000-7f9178000000 ---p 00000000 00:00 0 
7f9178000000-7f9178021000 rw-p 00000000 00:00 0 
7f9178021000-7f917c000000 ---p 00000000 00:00 0 
7f917c000000-7f917c1db000 rw-p 00000000 00:00 0 
7f917c1db000-7f9180000000 ---p 00000000 00:00 0 
7f9180000000-7f9180004000 ---p 00000000 00:00 0 
7f9180004000-7f9180100000 rw-p 00000000 00:00 0 
7f9180d68000-7f9181200000 rw-p 00000000 00:00 0 
7f9181246000-7f9181247000 ---p 00000000 00:00 0 
7f9181247000-7f9181348000 rw-p 00000000 00:00 0 
7f9181348000-7f918134c000 ---p 00000000 00:00 0 
7f918134c000-7f9181448000 rw-p 00000000 00:00 0 
7f9181448000-7f918144c000 ---p 00000000 00:00 0 
7f918144c000-7f9181548000 rw-p 00000000 00:00 0 
7f9181548000-7f918154c000 ---p 00000000 00:00 0 
7f918154c000-7f9181648000 rw-p 00000000 00:00 0 
7f9181648000-7f918164c000 ---p 00000000 00:00 0 
7f918164c000-7f9181848000 rw-p 00000000 00:00 0 
7f9181848000-7f918184c000 ---p 00000000 00:00 0 
7f918184c000-7f9181a48000 rw-p 00000000 00:00 0 
7f9181a48000-7f9181a4c000 ---p 00000000 00:00 0 
7f9181a4c000-7f9181b48000 rw-p 00000000 00:00 0 
7f9181b48000-7f9181b4c000 ---p 00000000 00:00 0 
7f9181b4c000-7f9181c48000 rw-p 00000000 00:00 0 
7f9181c48000-7f9181c4c000 ---p 00000000 00:00 0 
7f9181c4c000-7f9181d48000 rw-p 00000000 00:00 0 
7f9181d48000-7f918202e000 r--p 00000000 00:d59 28444448                  /usr/lib/locale/locale-archive
7f918202e000-7f9182032000 ---p 00000000 00:00 0 
7f9182032000-7f918212e000 rw-p 00000000 00:00 0 
7f918212e000-7f9182132000 ---p 00000000 00:00 0 
7f9182132000-7f918222e000 rw-p 00000000 00:00 0 
7f918222e000-7f918222f000 ---p 00000000 00:00 0 
7f918222f000-7f9182330000 rw-p 00000000 00:00 0 
7f9182330000-7f91823fe000 r-xp 00000000 00:1838 4611686019135190036      /nix/store/gpxl5qgg8kicmcvivwmybwjlpf7wh20l-graalvm17-ce-22.3.0/lib/libjsvml.so
7f91823fe000-7f91823ff000 r--p 000cd000 00:1838 4611686019135190036      /nix/store/gpxl5qgg8kicmcvivwmybwjlpf7wh20l-graalvm17-ce-22.3.0/lib/libjsvml.so
7f91823ff000-7f9182400000 rw-p 000ce000 00:1838 4611686019135190036      /nix/store/gpxl5qgg8kicmcvivwmybwjlpf7wh20l-graalvm17-ce-22.3.0/lib/libjsvml.so
7f9182400000-7f9182800000 rw-p 00000000 00:00 0 
7f9182800000-7f9182b00000 rw-p 00000000 00:00 0 
7f9182b00000-7f9182c00000 rw-p 00000000 00:00 0 
7f9182c34000-7f9182c36000 r-xp 00000000 00:1838 4611686019135190017      /nix/store/gpxl5qgg8kicmcvivwmybwjlpf7wh20l-graalvm17-ce-22.3.0/lib/libextnet.so
7f9182c36000-7f9182c37000 r--p 00001000 00:1838 4611686019135190017      /nix/store/gpxl5qgg8kicmcvivwmybwjlpf7wh20l-graalvm17-ce-22.3.0/lib/libextnet.so
7f9182c37000-7f9182c38000 rw-p 00002000 00:1838 4611686019135190017      /nix/store/gpxl5qgg8kicmcvivwmybwjlpf7wh20l-graalvm17-ce-22.3.0/lib/libextnet.so
7f9182c38000-7f9182c39000 rw-p 00004000 00:1838 4611686019135190017      /nix/store/gpxl5qgg8kicmcvivwmybwjlpf7wh20l-graalvm17-ce-22.3.0/lib/libextnet.so
7f9182c39000-7f9182c3d000 ---p 00000000 00:00 0 
7f9182c3d000-7f9182c5b000 rw-p 00000000 00:00 0 
7f9182c5b000-7f9182c70000 r-xp 00000000 00:1838 4611686019135192570      /nix/store/gpxl5qgg8kicmcvivwmybwjlpf7wh20l-graalvm17-ce-22.3.0/lib/libnet.so
7f9182c70000-7f9182c71000 ---p 00015000 00:1838 4611686019135192570      /nix/store/gpxl5qgg8kicmcvivwmybwjlpf7wh20l-graalvm17-ce-22.3.0/lib/libnet.so
7f9182c71000-7f9182c72000 r--p 00015000 00:1838 4611686019135192570      /nix/store/gpxl5qgg8kicmcvivwmybwjlpf7wh20l-graalvm17-ce-22.3.0/lib/libnet.so
7f9182c72000-7f9182c73000 rw-p 00016000 00:1838 4611686019135192570      /nix/store/gpxl5qgg8kicmcvivwmybwjlpf7wh20l-graalvm17-ce-22.3.0/lib/libnet.so
7f9182c73000-7f9182c76000 rw-p 0001b000 00:1838 4611686019135192570      /nix/store/gpxl5qgg8kicmcvivwmybwjlpf7wh20l-graalvm17-ce-22.3.0/lib/libnet.so
7f9182c76000-7f9182c89000 r-xp 00000000 00:1838 4611686019135192571      /nix/store/gpxl5qgg8kicmcvivwmybwjlpf7wh20l-graalvm17-ce-22.3.0/lib/libnio.so
7f9182c89000-7f9182c8a000 r--p 00012000 00:1838 4611686019135192571      /nix/store/gpxl5qgg8kicmcvivwmybwjlpf7wh20l-graalvm17-ce-22.3.0/lib/libnio.so
7f9182c8a000-7f9182c8b000 rw-p 00013000 00:1838 4611686019135192571      /nix/store/gpxl5qgg8kicmcvivwmybwjlpf7wh20l-graalvm17-ce-22.3.0/lib/libnio.so
7f9182c8b000-7f9182c90000 rw-p 00019000 00:1838 4611686019135192571      /nix/store/gpxl5qgg8kicmcvivwmybwjlpf7wh20l-graalvm17-ce-22.3.0/lib/libnio.so
7f9182c90000-7f91834b3000 rw-p 00000000 00:00 0 
7f91834b3000-7f9183723000 rwxp 00000000 00:00 0 
7f9183723000-7f9183a42000 ---p 00000000 00:00 0 
7f9183a42000-7f9184b42000 rwxp 00000000 00:00 0 
7f9184b42000-7f918af7a000 ---p 00000000 00:00 0 
7f918af7a000-7f918b23a000 rwxp 00000000 00:00 0 
7f918b23a000-7f91924b3000 ---p 00000000 00:00 0 
7f91924b3000-7f919c000000 r--s 00000000 00:1838 4611686019135192581      /nix/store/gpxl5qgg8kicmcvivwmybwjlpf7wh20l-graalvm17-ce-22.3.0/lib/modules
7f919c000000-7f919c615000 rw-p 00000000 00:00 0 
7f919c615000-7f91a0000000 ---p 00000000 00:00 0 
7f91a0001000-7f91a0008000 r-xp 00000000 00:1838 4611686019135192580      /nix/store/gpxl5qgg8kicmcvivwmybwjlpf7wh20l-graalvm17-ce-22.3.0/lib/libzip.so
7f91a0008000-7f91a0009000 ---p 00007000 00:1838 4611686019135192580      /nix/store/gpxl5qgg8kicmcvivwmybwjlpf7wh20l-graalvm17-ce-22.3.0/lib/libzip.so
7f91a0009000-7f91a000a000 r--p 00007000 00:1838 4611686019135192580      /nix/store/gpxl5qgg8kicmcvivwmybwjlpf7wh20l-graalvm17-ce-22.3.0/lib/libzip.so
7f91a000a000-7f91a000b000 rw-p 00008000 00:1838 4611686019135192580      /nix/store/gpxl5qgg8kicmcvivwmybwjlpf7wh20l-graalvm17-ce-22.3.0/lib/libzip.so
7f91a000b000-7f91a000d000 rw-p 0000b000 00:1838 4611686019135192580      /nix/store/gpxl5qgg8kicmcvivwmybwjlpf7wh20l-graalvm17-ce-22.3.0/lib/libzip.so
7f91a000d000-7f91a10c2000 rw-p 00000000 00:00 0 
7f91a10c2000-7f91a10c3000 ---p 00000000 00:00 0 
7f91a10c3000-7f91a126e000 rw-p 00000000 00:00 0 
7f91a126e000-7f91a128b000 rw-p 00000000 00:00 0 
7f91a128b000-7f91a12c4000 ---p 00000000 00:00 0 
7f91a12c4000-7f91a12cb000 rw-p 00000000 00:00 0 
7f91a12cb000-7f91a13b0000 ---p 00000000 00:00 0 
7f91a13b0000-7f91a13d2000 rw-p 00000000 00:00 0 
7f91a13d2000-7f91a149b000 ---p 00000000 00:00 0 
7f91a149b000-7f91a14a0000 rw-p 00000000 00:00 0 
7f91a14a0000-7f91a14a7000 ---p 00000000 00:00 0 
7f91a14a7000-7f91a14cb000 r-xp 00000000 00:1838 4611686019135190028      /nix/store/gpxl5qgg8kicmcvivwmybwjlpf7wh20l-graalvm17-ce-22.3.0/lib/libjava.so
7f91a14cb000-7f91a14cc000 ---p 00024000 00:1838 4611686019135190028      /nix/store/gpxl5qgg8kicmcvivwmybwjlpf7wh20l-graalvm17-ce-22.3.0/lib/libjava.so
7f91a14cc000-7f91a14cd000 r--p 00024000 00:1838 4611686019135190028      /nix/store/gpxl5qgg8kicmcvivwmybwjlpf7wh20l-graalvm17-ce-22.3.0/lib/libjava.so
7f91a14cd000-7f91a14ce000 rw-p 00025000 00:1838 4611686019135190028      /nix/store/gpxl5qgg8kicmcvivwmybwjlpf7wh20l-graalvm17-ce-22.3.0/lib/libjava.so
7f91a14ce000-7f91a14cf000 rw-p 00000000 00:00 0 
7f91a14cf000-7f91a14d6000 rw-p 0002f000 00:1838 4611686019135190028      /nix/store/gpxl5qgg8kicmcvivwmybwjlpf7wh20l-graalvm17-ce-22.3.0/lib/libjava.so
7f91a14d6000-7f91a14de000 rw-s 00000000 00:bd6 355                       /tmp/hsperfdata_runner/22
7f91a14de000-7f91a14df000 ---p 00000000 00:00 0 
7f91a14df000-7f91a14e0000 r--p 00000000 00:00 0 
7f91a14e0000-7f91a14e1000 rwxp 00000000 00:00 0 
7f91a14e1000-7f91a14fc000 r-xp 00000000 00:1838 4611686019135190032      /nix/store/gpxl5qgg8kicmcvivwmybwjlpf7wh20l-graalvm17-ce-22.3.0/lib/libjimage.so
7f91a14fc000-7f91a14fd000 ---p 0001b000 00:1838 4611686019135190032      /nix/store/gpxl5qgg8kicmcvivwmybwjlpf7wh20l-graalvm17-ce-22.3.0/lib/libjimage.so
7f91a14fd000-7f91a14ff000 r--p 0001b000 00:1838 4611686019135190032      /nix/store/gpxl5qgg8kicmcvivwmybwjlpf7wh20l-graalvm17-ce-22.3.0/lib/libjimage.so
7f91a14ff000-7f91a1500000 rw-p 0001d000 00:1838 4611686019135190032      /nix/store/gpxl5qgg8kicmcvivwmybwjlpf7wh20l-graalvm17-ce-22.3.0/lib/libjimage.so
7f91a1500000-7f91a1501000 rw-p 00024000 00:1838 4611686019135190032      /nix/store/gpxl5qgg8kicmcvivwmybwjlpf7wh20l-graalvm17-ce-22.3.0/lib/libjimage.so
7f91a1501000-7f91a1505000 ---p 00000000 00:00 0 
7f91a1505000-7f91a1601000 rw-p 00000000 00:00 0 
7f91a1601000-7f91a160f000 r--p 00000000 00:1838 4611686019027979927      /nix/store/4nlgxhb09sdr51nc9hdm8az5b08vzkgx-glibc-2.35-163/lib/libm.so.6
7f91a160f000-7f91a1682000 r-xp 0000e000 00:1838 4611686019027979927      /nix/store/4nlgxhb09sdr51nc9hdm8az5b08vzkgx-glibc-2.35-163/lib/libm.so.6
7f91a1682000-7f91a16df000 r--p 00081000 00:1838 4611686019027979927      /nix/store/4nlgxhb09sdr51nc9hdm8az5b08vzkgx-glibc-2.35-163/lib/libm.so.6
7f91a16df000-7f91a16e0000 r--p 000dd000 00:1838 4611686019027979927      /nix/store/4nlgxhb09sdr51nc9hdm8az5b08vzkgx-glibc-2.35-163/lib/libm.so.6
7f91a16e0000-7f91a16e1000 rw-p 000de000 00:1838 4611686019027979927      /nix/store/4nlgxhb09sdr51nc9hdm8az5b08vzkgx-glibc-2.35-163/lib/libm.so.6
7f91a16e1000-7f91a16e2000 r--p 00000000 00:1838 4611686019027979946      /nix/store/4nlgxhb09sdr51nc9hdm8az5b08vzkgx-glibc-2.35-163/lib/librt.so.1
7f91a16e2000-7f91a16e3000 r-xp 00001000 00:1838 4611686019027979946      /nix/store/4nlgxhb09sdr51nc9hdm8az5b08vzkgx-glibc-2.35-163/lib/librt.so.1
7f91a16e3000-7f91a16e4000 r--p 00002000 00:1838 4611686019027979946      /nix/store/4nlgxhb09sdr51nc9hdm8az5b08vzkgx-glibc-2.35-163/lib/librt.so.1
7f91a16e4000-7f91a16e5000 r--p 00002000 00:1838 4611686019027979946      /nix/store/4nlgxhb09sdr51nc9hdm8az5b08vzkgx-glibc-2.35-163/lib/librt.so.1
7f91a16e5000-7f91a16e6000 rw-p 00003000 00:1838 4611686019027979946      /nix/store/4nlgxhb09sdr51nc9hdm8az5b08vzkgx-glibc-2.35-163/lib/librt.so.1
7f91a16e6000-7f91a27f9000 r-xp 00000000 00:1838 4611686019135360866      /nix/store/gpxl5qgg8kicmcvivwmybwjlpf7wh20l-graalvm17-ce-22.3.0/lib/server/libjvm.so
7f91a27f9000-7f91a27fa000 ---p 01113000 00:1838 4611686019135360866      /nix/store/gpxl5qgg8kicmcvivwmybwjlpf7wh20l-graalvm17-ce-22.3.0/lib/server/libjvm.so
7f91a27fa000-7f91a28af000 r--p 01113000 00:1838 4611686019135360866      /nix/store/gpxl5qgg8kicmcvivwmybwjlpf7wh20l-graalvm17-ce-22.3.0/lib/server/libjvm.so
7f91a28af000-7f91a28e3000 rw-p 011c8000 00:1838 4611686019135360866      /nix/store/gpxl5qgg8kicmcvivwmybwjlpf7wh20l-graalvm17-ce-22.3.0/lib/server/libjvm.so
7f91a28e3000-7f91a293f000 rw-p 00000000 00:00 0 
7f91a293f000-7f91a2967000 r--p 00000000 00:1838 4611686019027979918      /nix/store/4nlgxhb09sdr51nc9hdm8az5b08vzkgx-glibc-2.35-163/lib/libc.so.6
7f91a2967000-7f91a2add000 r-xp 00028000 00:1838 4611686019027979918      /nix/store/4nlgxhb09sdr51nc9hdm8az5b08vzkgx-glibc-2.35-163/lib/libc.so.6
7f91a2add000-7f91a2b35000 r--p 0019e000 00:1838 4611686019027979918      /nix/store/4nlgxhb09sdr51nc9hdm8az5b08vzkgx-glibc-2.35-163/lib/libc.so.6
7f91a2b35000-7f91a2b39000 r--p 001f6000 00:1838 4611686019027979918      /nix/store/4nlgxhb09sdr51nc9hdm8az5b08vzkgx-glibc-2.35-163/lib/libc.so.6
7f91a2b39000-7f91a2b3b000 rw-p 001fa000 00:1838 4611686019027979918      /nix/store/4nlgxhb09sdr51nc9hdm8az5b08vzkgx-glibc-2.35-163/lib/libc.so.6
7f91a2b3b000-7f91a2b4a000 rw-p 00000000 00:00 0 
7f91a2b4a000-7f91a2b4b000 r--p 00000000 00:1838 4611686019027979923      /nix/store/4nlgxhb09sdr51nc9hdm8az5b08vzkgx-glibc-2.35-163/lib/libdl.so.2
7f91a2b4b000-7f91a2b4c000 r-xp 00001000 00:1838 4611686019027979923      /nix/store/4nlgxhb09sdr51nc9hdm8az5b08vzkgx-glibc-2.35-163/lib/libdl.so.2
7f91a2b4c000-7f91a2b4d000 r--p 00002000 00:1838 4611686019027979923      /nix/store/4nlgxhb09sdr51nc9hdm8az5b08vzkgx-glibc-2.35-163/lib/libdl.so.2
7f91a2b4d000-7f91a2b4e000 r--p 00002000 00:1838 4611686019027979923      /nix/store/4nlgxhb09sdr51nc9hdm8az5b08vzkgx-glibc-2.35-163/lib/libdl.so.2
7f91a2b4e000-7f91a2b4f000 rw-p 00003000 00:1838 4611686019027979923      /nix/store/4nlgxhb09sdr51nc9hdm8az5b08vzkgx-glibc-2.35-163/lib/libdl.so.2
7f91a2b4f000-7f91a2b50000 r--p 00000000 00:1838 4611686019027979942      /nix/store/4nlgxhb09sdr51nc9hdm8az5b08vzkgx-glibc-2.35-163/lib/libpthread.so.0
7f91a2b50000-7f91a2b51000 r-xp 00001000 00:1838 4611686019027979942      /nix/store/4nlgxhb09sdr51nc9hdm8az5b08vzkgx-glibc-2.35-163/lib/libpthread.so.0
7f91a2b51000-7f91a2b52000 r--p 00002000 00:1838 4611686019027979942      /nix/store/4nlgxhb09sdr51nc9hdm8az5b08vzkgx-glibc-2.35-163/lib/libpthread.so.0
7f91a2b52000-7f91a2b53000 r--p 00002000 00:1838 4611686019027979942      /nix/store/4nlgxhb09sdr51nc9hdm8az5b08vzkgx-glibc-2.35-163/lib/libpthread.so.0
7f91a2b53000-7f91a2b54000 rw-p 00003000 00:1838 4611686019027979942      /nix/store/4nlgxhb09sdr51nc9hdm8az5b08vzkgx-glibc-2.35-163/lib/libpthread.so.0
7f91a2b54000-7f91a2b62000 r-xp 00000000 00:1838 4611686019135190033      /nix/store/gpxl5qgg8kicmcvivwmybwjlpf7wh20l-graalvm17-ce-22.3.0/lib/libjli.so
7f91a2b62000-7f91a2b63000 ---p 0000e000 00:1838 4611686019135190033      /nix/store/gpxl5qgg8kicmcvivwmybwjlpf7wh20l-graalvm17-ce-22.3.0/lib/libjli.so
7f91a2b63000-7f91a2b64000 r--p 0000e000 00:1838 4611686019135190033      /nix/store/gpxl5qgg8kicmcvivwmybwjlpf7wh20l-graalvm17-ce-22.3.0/lib/libjli.so
7f91a2b64000-7f91a2b65000 rw-p 0000f000 00:1838 4611686019135190033      /nix/store/gpxl5qgg8kicmcvivwmybwjlpf7wh20l-graalvm17-ce-22.3.0/lib/libjli.so
7f91a2b65000-7f91a2b66000 rw-p 00012000 00:1838 4611686019135190033      /nix/store/gpxl5qgg8kicmcvivwmybwjlpf7wh20l-graalvm17-ce-22.3.0/lib/libjli.so
7f91a2b66000-7f91a2b69000 r--p 00000000 00:1838 4611686019106210071      /nix/store/026hln0aq1hyshaxsdvhg0kmcm6yf45r-zlib-1.2.13/lib/libz.so.1.2.13
7f91a2b69000-7f91a2b7b000 r-xp 00003000 00:1838 4611686019106210071      /nix/store/026hln0aq1hyshaxsdvhg0kmcm6yf45r-zlib-1.2.13/lib/libz.so.1.2.13
7f91a2b7b000-7f91a2b82000 r--p 00015000 00:1838 4611686019106210071      /nix/store/026hln0aq1hyshaxsdvhg0kmcm6yf45r-zlib-1.2.13/lib/libz.so.1.2.13
7f91a2b82000-7f91a2b83000 r--p 0001b000 00:1838 4611686019106210071      /nix/store/026hln0aq1hyshaxsdvhg0kmcm6yf45r-zlib-1.2.13/lib/libz.so.1.2.13
7f91a2b83000-7f91a2b84000 rw-p 0001c000 00:1838 4611686019106210071      /nix/store/026hln0aq1hyshaxsdvhg0kmcm6yf45r-zlib-1.2.13/lib/libz.so.1.2.13
7f91a2b84000-7f91a2b86000 rw-p 00000000 00:00 0 
7f91a2b86000-7f91a2b88000 r--p 00000000 00:1838 4611686019027979912      /nix/store/4nlgxhb09sdr51nc9hdm8az5b08vzkgx-glibc-2.35-163/lib/ld-linux-x86-64.so.2
7f91a2b88000-7f91a2baf000 r-xp 00002000 00:1838 4611686019027979912      /nix/store/4nlgxhb09sdr51nc9hdm8az5b08vzkgx-glibc-2.35-163/lib/ld-linux-x86-64.so.2
7f91a2baf000-7f91a2bbb000 r--p 00029000 00:1838 4611686019027979912      /nix/store/4nlgxhb09sdr51nc9hdm8az5b08vzkgx-glibc-2.35-163/lib/ld-linux-x86-64.so.2
7f91a2bbb000-7f91a2bbd000 r--p 00034000 00:1838 4611686019027979912      /nix/store/4nlgxhb09sdr51nc9hdm8az5b08vzkgx-glibc-2.35-163/lib/ld-linux-x86-64.so.2
7f91a2bbd000-7f91a2bbf000 rw-p 00036000 00:1838 4611686019027979912      /nix/store/4nlgxhb09sdr51nc9hdm8az5b08vzkgx-glibc-2.35-163/lib/ld-linux-x86-64.so.2
7fff7fc25000-7fff7fc49000 rw-p 00000000 00:00 0                          [stack]
7fff7fd25000-7fff7fd29000 r--p 00000000 00:00 0                          [vvar]
7fff7fd29000-7fff7fd2b000 r-xp 00000000 00:00 0                          [vdso]
ffffffffff600000-ffffffffff601000 --xp 00000000 00:00 0                  [vsyscall]


VM Arguments:
jvm_args: -XX:ThreadPriorityPolicy=1 -XX:+UnlockExperimentalVMOptions -XX:+EnableJVMCIProduct -XX:JVMCIThreadsPerNativeLibraryRuntime=1 -XX:-UnlockExperimentalVMOptions -Declipse.application=org.eclipse.jdt.ls.core.id1 -Dosgi.bundles.defaultStartLevel=4 -Declipse.product=org.eclipse.jdt.ls.core.product -Dlog.level=ALL -Xverify:none -XX:+UseParallelGC -XX:GCTimeRatio=4 -XX:AdaptiveSizePolicyWeight=90 -Dsun.zip.disableMemoryMapping=true -Xmx512m -Xms100m 
java_command: /nix/store/m6gcpi1ii6rghy04cjwjddcavv7i90df-jdt-language-server-1.9.0/share/java/plugins/org.eclipse.equinox.launcher_1.6.400.v20210924-0641.jar --add-modules=ALL-SYSTEM --add-opens java.base/java.util=ALL-UNNAMED --add-opens java.base/java.lang=ALL-UNNAMED -configuration /home/runner/.cache/jdt-language-server/config -data /home/runner/.cache/jdt-language-server/data/home/runner/MoralesCruzLibretaDirecciones
java_class_path (initial): /nix/store/m6gcpi1ii6rghy04cjwjddcavv7i90df-jdt-language-server-1.9.0/share/java/plugins/org.eclipse.equinox.launcher_1.6.400.v20210924-0641.jar
Launcher Type: SUN_STANDARD

[Global flags]
    uintx AdaptiveSizePolicyWeight                 = 90                                        {product} {command line}
     intx CICompilerCount                          = 2                                         {product} {ergonomic}
     bool EnableJVMCIProduct                       = true                                {JVMCI product} {jimage}
    uintx GCTimeRatio                              = 4                                         {product} {command line}
   size_t InitialHeapSize                          = 104857600                                 {product} {command line}
     uint JVMCIThreadsPerNativeLibraryRuntime      = 1                                   {JVMCI product} {jimage}
   size_t MaxHeapSize                              = 536870912                                 {product} {command line}
   size_t MaxNewSize                               = 178782208                                 {product} {ergonomic}
   size_t MinHeapDeltaBytes                        = 524288                                    {product} {ergonomic}
   size_t MinHeapSize                              = 104857600                                 {product} {command line}
   size_t NewSize                                  = 34603008                                  {product} {ergonomic}
    uintx NonNMethodCodeHeapSize                   = 5826188                                {pd product} {ergonomic}
    uintx NonProfiledCodeHeapSize                  = 122916026                              {pd product} {ergonomic}
   size_t OldSize                                  = 70254592                                  {product} {ergonomic}
    uintx ProfiledCodeHeapSize                     = 122916026                              {pd product} {ergonomic}
    uintx ReservedCodeCacheSize                    = 251658240                              {pd product} {ergonomic}
     bool SegmentedCodeCache                       = true                                      {product} {ergonomic}
   size_t SoftMaxHeapSize                          = 536870912                              {manageable} {ergonomic}
     intx ThreadPriorityPolicy                     = 1                                         {product} {jimage}
     bool UseCompressedClassPointers               = true                           {product lp64_product} {ergonomic}
     bool UseCompressedOops                        = true                           {product lp64_product} {ergonomic}
     bool UseParallelGC                            = true                                      {product} {command line}

Logging:
Log output configuration:
 #0: stdout all=warning uptime,level,tags
 #1: stderr all=off uptime,level,tags

Environment Variables:
JAVA_HOME=/nix/store/gpxl5qgg8kicmcvivwmybwjlpf7wh20l-graalvm17-ce-22.3.0
PATH=/nix/store/1d6ian3r8kdzspw8hacjhl3xkp40g1lj-binutils-wrapper-2.39/bin:/nix/store/dq0xwmsk1g0i2ayg6pb7y87na2knzylh-gcc-wrapper-11.3.0/bin:/nix/store/bap4d0lpcrhpwmpb8ayjcgkmvfj62lnq-bash-interactive-5.1-p16/bin:/nix/store/pr5n59mb4jzmfx6kanwxly0l07p861fg-patchelf-0.15.0/bin:/nix/store/1gf2flfqnpqbr1b4p4qz2f72y42bs56r-gcc-11.3.0/bin:/nix/store/57xv61c5zi8pphjbcwxxjlgc34p61ic9-glibc-2.35-163-bin/bin:/nix/store/a7gvj343m05j2s32xcnwr35v31ynlypr-coreutils-9.1/bin:/nix/store/039g378vc3pc3dvi9dzdlrd0i4q93qwf-binutils-2.39/bin:/nix/store/gpxl5qgg8kicmcvivwmybwjlpf7wh20l-graalvm17-ce-22.3.0/bin:/nix/store/6z9ag3ihc8mq2hzsw48lhbznvzny65nz-apache-maven-3.8.6/bin:/nix/store/m6gcpi1ii6rghy04cjwjddcavv7i90df-jdt-language-server-1.9.0/bin:/nix/store/84xs5alhs01zrbr4ywm05kxbjbp5590l-java-debug/bin:/nix/store/mydc6f4k2z73xlcz7ilif3v2lcaiqvza-findutils-4.9.0/bin:/nix/store/j9p3g8472iijd50vhdprx0nmk2fqn5gv-diffutils-3.8/bin:/nix/store/89zs7rms6x00xfq4dq6m7mjnhkr8a6r4-gnused-4.8/bin:/nix/store/86bp03jkmsl6f92w0yzg4s59g5mhxwmy-gnugrep-3.7/bin:/nix/store/hwcdqw4jrjnd37wxqgsd47hd0j8bnj09-gawk-5.1.1/bin:/nix/store/cfbhw8r8ags41vwqaz47r583d0p4h4a1-gnutar-1.34/bin:/nix/store/p3m1ndl1lapwrlh698bnb5lvvxh67378-gzip-1.12/bin:/nix/store/a8mhcagrsly7c7mpjrpsnaahk4aax056-bzip2-1.0.8-bin/bin:/nix/store/mblgz65m3zv9x548a3d5m96fj2pbwr09-gnumake-4.3/bin:/nix/store/dsd5gz46hdbdk2rfdimqddhq6m8m8fqs-bash-5.1-p16/bin:/nix/store/v7ljksji50mg3w61dykaa3n3y79n6nil-patch-2.7.6/bin:/nix/store/zlcnmqq14jz5x9439jf937mvayyl63da-xz-5.2.7-bin/bin:/nix/store/y6aj732zm9m87c82fpvf103a1xb22blp-file-5.43/bin:/nix/store/i4kzir3m7mrisxmf5xvlnkw01x4qaqr4-prybar-elisp-0.0.0-e0d9a52/bin:/nix/store/lwwivxf6h7x3cvxp9zv8sj0mv7dak99r-prybar-lua-0.0.0-e0d9a52/bin:/nix/store/gxj28g1cg4hq3qanmjv07156h800qr58-prybar-python3-0.0.0-e0d9a52/bin:/nix/store/hshkjnxrgidigf8x75vg6lqng2xlx9i3-prybar-sqlite-0.0.0-e0d9a52/bin:/nix/store/c4w01bpjgyy5ixmwdk8m1pw87zq4sl26-prybar-tcl-0.0.0-e0d9a52/bin:/nix/store/hpbvrlwd5viqmvcaisb3x0118i913a9n-st
LD_LIBRARY_PATH=/nix/store/a4pff549sk2idnkpzk5nsfps3mdkdnvm-cups-2.4.2-lib/lib:/nix/store/72mqxxhh3cy5yifh92wh2yb8cl2hikyy-cairo-1.16.0/lib:/nix/store/2k366jrbsra97gjfxwvrhvixjfxdach5-glib-2.74.1/lib:/nix/store/2j2znigd8ak37rlwh9khz0ry3clqlw1l-gtk+3-3.24.34/lib:/nix/store/hisqvx32cd57apbpcsnkpx6k3549wql1-libglvnd-1.4.0/lib:/nix/store/p36pgcv991mq5srvg765b78yqpxvk3qs-mesa-21.3.3-drivers/lib:/nix/store/mav4251if1ahjq5vkpwycyyvnmy459c4-pulseaudio-14.2/lib
DISPLAY=:0
LANG=en_US.UTF-8

Signal Handlers:
   SIGSEGV: crash_handler in libjvm.so, mask=11100100010111111101111111111110, flags=SA_RESTART|SA_SIGINFO
    SIGBUS: crash_handler in libjvm.so, mask=11100100010111111101111111111110, flags=SA_RESTART|SA_SIGINFO
    SIGFPE: crash_handler in libjvm.so, mask=11100100010111111101111111111110, flags=SA_RESTART|SA_SIGINFO
   SIGPIPE: IsolateEnterStub_IgnoreSIGPIPEStartupHook_noopSignalHandler_8f19bff2f35b5f630d83b364d6b2339320d4ec70_216e8361c6bc87a8f89f58cc10d3b2fd4415bf87 in libjvmcicompiler.so, mask=00000000000000000000000000000000, flags=SA_RESTART
  *** Handler was modified!
  *** Expected: javaSignalHandler in libjvm.so, mask=11100100110111111111111111111110, flags=SA_RESTART|SA_SIGINFO
   SIGXFSZ: javaSignalHandler in libjvm.so, mask=11100100010111111101111111111110, flags=SA_RESTART|SA_SIGINFO
    SIGILL: crash_handler in libjvm.so, mask=11100100010111111101111111111110, flags=SA_RESTART|SA_SIGINFO
   SIGUSR2: SR_handler in libjvm.so, mask=00000000000000000000000000000000, flags=SA_RESTART|SA_SIGINFO
    SIGHUP: UserHandler in libjvm.so, mask=11100100010111111101111111111110, flags=SA_RESTART|SA_SIGINFO
    SIGINT: UserHandler in libjvm.so, mask=11100100010111111101111111111110, flags=SA_RESTART|SA_SIGINFO
   SIGTERM: UserHandler in libjvm.so, mask=11100100010111111101111111111110, flags=SA_RESTART|SA_SIGINFO
   SIGQUIT: UserHandler in libjvm.so, mask=11100100010111111101111111111110, flags=SA_RESTART|SA_SIGINFO
  *** Handler was modified!
  *** Expected: javaSignalHandler in libjvm.so, mask=11100100110111111111111111111110, flags=SA_RESTART|SA_SIGINFO
   SIGTRAP: crash_handler in libjvm.so, mask=11100100010111111101111111111110, flags=SA_RESTART|SA_SIGINFO


---------------  S Y S T E M  ---------------

OS:
DISTRIB_ID=Ubuntu
DISTRIB_RELEASE=20.04
DISTRIB_CODENAME=focal
DISTRIB_DESCRIPTION="Ubuntu 20.04.2 LTS"
uname: Linux 5.19.0-1025-gcp #27~22.04.1-Ubuntu SMP Wed May 24 03:53:01 UTC 2023 x86_64
OS uptime: 0 days 15:29 hours
libc: glibc 2.35 NPTL 2.35 
rlimit (soft/hard): STACK 8192k/infinity , CORE infinity/infinity , NPROC infinity/infinity , NOFILE 5242/5242 , AS infinity/infinity , CPU infinity/infinity , DATA infinity/infinity , FSIZE infinity/infinity , MEMLOCK 8192k/8192k
load average: 17.16 17.89 17.68

/proc/meminfo:
MemTotal:       65852244 kB
MemFree:        10015884 kB
MemAvailable:   34830288 kB
Buffers:         2775824 kB
Cached:         20692972 kB
SwapCached:            0 kB
Active:         10601008 kB
Inactive:       40871248 kB
Active(anon):      16728 kB
Inactive(anon): 27810220 kB
Active(file):   10584280 kB
Inactive(file): 13061028 kB
Unevictable:       56812 kB
Mlocked:           56812 kB
SwapTotal:             0 kB
SwapFree:              0 kB
Zswap:                 0 kB
Zswapped:              0 kB
Dirty:              4904 kB
Writeback:           900 kB
AnonPages:      24761288 kB
Mapped:          1825020 kB
Shmem:             28900 kB
KReclaimable:    1899792 kB
Slab:            3159056 kB
SReclaimable:    1899792 kB
SUnreclaim:      1259264 kB
KernelStack:      458188 kB
PageTables:       224112 kB
NFS_Unstable:          0 kB
Bounce:                0 kB
WritebackTmp:          0 kB
CommitLimit:    32926120 kB
Committed_AS:   88753800 kB
VmallocTotal:   34359738367 kB
VmallocUsed:      502904 kB
VmallocChunk:          0 kB
Percpu:            61984 kB
HardwareCorrupted:     0 kB
AnonHugePages:   4628480 kB
ShmemHugePages:        0 kB
ShmemPmdMapped:        0 kB
FileHugePages:         0 kB
FilePmdMapped:         0 kB
HugePages_Total:       0
HugePages_Free:        0
HugePages_Rsvd:        0
HugePages_Surp:        0
Hugepagesize:       2048 kB
Hugetlb:               0 kB
DirectMap4k:    10414904 kB
DirectMap2M:    54593536 kB
DirectMap1G:     4194304 kB

/sys/kernel/mm/transparent_hugepage/enabled: always [madvise] never
/sys/kernel/mm/transparent_hugepage/defrag (defrag/compaction efforts parameter): always defer defer+madvise [madvise] never

Process Memory:
Virtual Size: 5187672K (peak: 5279548K)
Resident Set Size: 758136K (peak: 795144K) (anon: 560864K, file: 197272K, shmem: 0K)
Swapped out: 0K
C-Heap outstanding allocations: 44394K, retained: 16609K
glibc malloc tunables: (default)

/proc/sys/kernel/threads-max (system-wide limit on the number of threads): 514406
/proc/sys/vm/max_map_count (maximum number of memory map areas a process may have): 65530
/proc/sys/kernel/pid_max (system-wide limit on number of process identifiers): 4194304

container (cgroup) information:
container_type: cgroupv1
cpu_cpuset_cpus: 2-7
cpu_memory_nodes: 0
active_processor_count: 1
cpu_quota: 50000
cpu_period: 100000
cpu_shares: 512
memory_limit_in_bytes: 1048576 k
memory_and_swap_limit_in_bytes: 1048576 k
memory_soft_limit_in_bytes: 524288 k
memory_usage_in_bytes: 609016 k
memory_max_usage_in_bytes: 640992 k
maximum number of tasks: 1000
current number of tasks: 50

KVM virtualization detected
Steal ticks since vm start: 0
Steal ticks percentage since vm start:  0.000

CPU: total 8 (initial active 1) (8 cores per cpu, 2 threads per core) family 23 model 49 stepping 0 microcode 0xffffffff, cx8, cmov, fxsr, ht, mmx, 3dnowpref, sse, sse2, sse3, ssse3, sse4a, sse4.1, sse4.2, popcnt, lzcnt, tsc, tscinvbit, avx, avx2, aes, clmul, bmi1, bmi2, adx, sha, fma, vzeroupper, clflush, clflushopt, hv
CPU Model and flags from /proc/cpuinfo:
model name	: AMD EPYC 7B12
flags		: fpu vme de pse tsc msr pae mce cx8 apic sep mtrr pge mca cmov pat pse36 clflush mmx fxsr sse sse2 ht syscall nx mmxext fxsr_opt pdpe1gb rdtscp lm constant_tsc rep_good nopl nonstop_tsc cpuid extd_apicid tsc_known_freq pni pclmulqdq ssse3 fma cx16 sse4_1 sse4_2 movbe popcnt aes xsave avx f16c rdrand hypervisor lahf_lm cmp_legacy cr8_legacy abm sse4a misalignsse 3dnowprefetch osvw topoext ssbd ibrs ibpb stibp vmmcall fsgsbase tsc_adjust bmi1 avx2 smep bmi2 rdseed adx smap clflushopt clwb sha_ni xsaveopt xsavec xgetbv1 clzero xsaveerptr arat npt nrip_save umip rdpid

Online cpus: 0-7
Offline cpus: 
BIOS frequency limitation: <Not Available>
Frequency switch latency (ns): <Not Available>
Available cpu frequencies: <Not Available>
Current governor: <Not Available>
Core performance/turbo boost: <Not Available>

Memory: 4k page, physical 1048576k(439548k free), swap 0k(0k free)
Page Sizes: 4k

vm_info: OpenJDK 64-Bit Server VM (17.0.5+8-jvmci-22.3-b08) for linux-amd64 JRE (17.0.5+8-jvmci-22.3-b08), built on Oct 19 2022 09:01:27 by "buildslave" with gcc 10.3.0

END.
