#
# A fatal error has been detected by the Java Runtime Environment:
#
#  Internal Error (jvmciRuntime.cpp:1609), pid=28, tid=45
#  fatal error: Fatal exception in JVMCI: Error calling jdk.vm.ci.services.Services.serializeSavedProperties
#
# JRE version: OpenJDK Runtime Environment GraalVM CE 22.3.0 (17.0.5+8) (build 17.0.5+8-jvmci-22.3-b08)
# Java VM: OpenJDK 64-Bit Server VM GraalVM CE 22.3.0 (17.0.5+8-jvmci-22.3-b08, mixed mode, sharing, tiered, jvmci, jvmci compiler, compressed oops, compressed class ptrs, parallel gc, linux-amd64)
# Problematic frame:
# V  [libjvm.so+0x972714]  JVMCIRuntime::fatal_exception(JVMCIEnv*, char const*)+0x74
#
# Core dump will be written. Default location: Core dumps may be processed with "/usr/share/apport/apport -p%p -s%s -c%c -d%d -P%P -u%u -g%g -- %E" (or dumping to /home/runner/MoralesCruzLibretaDirecciones/core.28)
#
# If you would like to submit a bug report, please visit:
#   https://github.com/oracle/graal/issues
#

---------------  S U M M A R Y ------------

Command Line: -XX:ThreadPriorityPolicy=1 -XX:+UnlockExperimentalVMOptions -XX:+EnableJVMCIProduct -XX:JVMCIThreadsPerNativeLibraryRuntime=1 -XX:-UnlockExperimentalVMOptions -Declipse.application=org.eclipse.jdt.ls.core.id1 -Dosgi.bundles.defaultStartLevel=4 -Declipse.product=org.eclipse.jdt.ls.core.product -Dlog.level=ALL -Xverify:none -XX:+UseParallelGC -XX:GCTimeRatio=4 -XX:AdaptiveSizePolicyWeight=90 -Dsun.zip.disableMemoryMapping=true -Xmx512m -Xms100m /nix/store/m6gcpi1ii6rghy04cjwjddcavv7i90df-jdt-language-server-1.9.0/share/java/plugins/org.eclipse.equinox.launcher_1.6.400.v20210924-0641.jar --add-modules=ALL-SYSTEM --add-opens java.base/java.util=ALL-UNNAMED --add-opens java.base/java.lang=ALL-UNNAMED -configuration /home/runner/.cache/jdt-language-server/config -data /home/runner/.cache/jdt-language-server/data/home/runner/MoralesCruzLibretaDirecciones

Host: AMD EPYC 7B12, 8 cores, 1G, Ubuntu 20.04.2 LTS
Time: Mon Jun 12 03:19:53 2023 UTC elapsed time: 667.769836 seconds (0d 0h 11m 7s)

---------------  T H R E A D  ---------------

Current thread (0x00007f4ae40b2210):  JavaThread "JVMCI-native CompilerThread0" daemon [_thread_in_vm, id=45, stack(0x00007f4aca51a000,0x00007f4aca71a000)]


Current CompileTask:
JVMCI-native: 667770 10233       4       java.lang.Integer::getChars (131 bytes)

Stack: [0x00007f4aca51a000,0x00007f4aca71a000],  sp=0x00007f4aca718380,  free space=2040k
Native frames: (J=compiled Java code, j=interpreted, Vv=VM code, C=native code)
V  [libjvm.so+0x972714]  JVMCIRuntime::fatal_exception(JVMCIEnv*, char const*)+0x74
V  [libjvm.so+0x93e2fe]  JVMCIEnv::copy_saved_properties()+0x14e
V  [libjvm.so+0x9732a9]  JVMCIRuntime::initialize(JVMCIEnv*)+0xb19
V  [libjvm.so+0x9738a2]  JVMCIRuntime::get_HotSpotJVMCIRuntime(JVMCIEnv*)+0x12
V  [libjvm.so+0x9749f2]  JVMCIRuntime::compile_method(JVMCIEnv*, JVMCICompiler*, methodHandle const&, int)+0xd2
V  [libjvm.so+0x5b0d20]  CompileBroker::invoke_compiler_on_method(CompileTask*)+0x1470
V  [libjvm.so+0x5b12e8]  CompileBroker::compiler_thread_loop()+0x528
V  [libjvm.so+0xd82460]  JavaThread::thread_main_inner()+0xd0
V  [libjvm.so+0xd85a40]  Thread::call_run()+0xc0
V  [libjvm.so+0xbdb1e1]  thread_native_entry(Thread*)+0xe1

Register to memory mapping:

RAX=0x00007f4aea294000 points into unknown readable memory: 0x0000000000000058 | 58 00 00 00 00 00 00 00
RBX=0x00007f4aeb38f398: <offset 0x0000000000ef5398> in /nix/store/gpxl5qgg8kicmcvivwmybwjlpf7wh20l-graalvm17-ce-22.3.0/lib/server/libjvm.so at 0x00007f4aea49a000
RCX=0x00007f4aeb3471e8: <offset 0x0000000000ead1e8> in /nix/store/gpxl5qgg8kicmcvivwmybwjlpf7wh20l-graalvm17-ce-22.3.0/lib/server/libjvm.so at 0x00007f4aea49a000
RDX=0x0000000000000649 is an unknown value
RSP=0x00007f4aca718380 is pointing into the stack for thread: 0x00007f4ae40b2210
RBP=0x00007f4aca7183a0 is pointing into the stack for thread: 0x00007f4ae40b2210
RSI=0x00007f4aeb38fc48: <offset 0x0000000000ef5c48> in /nix/store/gpxl5qgg8kicmcvivwmybwjlpf7wh20l-graalvm17-ce-22.3.0/lib/server/libjvm.so at 0x00007f4aea49a000
RDI=0x00000000e0000000 is an oop: java.lang.invoke.MethodType 
{0x00000000e0000000} - klass: 'java/lang/invoke/MethodType'
 - ---- fields (total size 5 words):
 - private final synchronized 'rtype' 'Ljava/lang/Class;' @12  a 'java/lang/Class'{0x00000000e06f3208} = void (e06f3208)
 - private final synchronized 'ptypes' '[Ljava/lang/Class;' @16  a 'java/lang/Class'[5] {0x00000000e0000028} (e0000028)
 - private synchronized 'form' 'Ljava/lang/invoke/MethodTypeForm;' @20  a 'java/lang/invoke/MethodTypeForm'{0x00000000e0000050} (e0000050)
 - private synchronized 'wrapAlt' 'Ljava/lang/Object;' @24  NULL (0)
 - private synchronized 'invokers' 'Ljava/lang/invoke/Invokers;' @28  NULL (0)
 - private synchronized 'methodDescriptor' 'Ljava/lang/String;' @32  "(ILjava/lang/Object;Ljava/lang/Object;Ljava/lang/Object;Ljava/lang/invoke/MemberName;)V"{0x00000000e0000158} (e0000158)
 - signature: (ILjava/lang/Object;Ljava/lang/Object;Ljava/lang/Object;Ljava/lang/invoke/MemberName;)V
R8 =0x00007f4aeb38f398: <offset 0x0000000000ef5398> in /nix/store/gpxl5qgg8kicmcvivwmybwjlpf7wh20l-graalvm17-ce-22.3.0/lib/server/libjvm.so at 0x00007f4aea49a000
R9 =0x0000000000000003 is an unknown value
R10=0x00007f4aeb6e0da0: <offset 0x0000000001246da0> in /nix/store/gpxl5qgg8kicmcvivwmybwjlpf7wh20l-graalvm17-ce-22.3.0/lib/server/libjvm.so at 0x00007f4aea49a000
R11=0x0000000000000246 is an unknown value
R12=0x0 is NULL
R13=0x00007f4ae40b2210 is a thread
R14=0x00007f4ae4000b80 points into unknown readable memory: 0x00007f4aeb5c0a38 | 38 0a 5c eb 4a 7f 00 00
R15=0x00007f4aeb6cee40: <offset 0x0000000001234e40> in /nix/store/gpxl5qgg8kicmcvivwmybwjlpf7wh20l-graalvm17-ce-22.3.0/lib/server/libjvm.so at 0x00007f4aea49a000


Registers:
RAX=0x00007f4aea294000, RBX=0x00007f4aeb38f398, RCX=0x00007f4aeb3471e8, RDX=0x0000000000000649
RSP=0x00007f4aca718380, RBP=0x00007f4aca7183a0, RSI=0x00007f4aeb38fc48, RDI=0x00000000e0000000
R8 =0x00007f4aeb38f398, R9 =0x0000000000000003, R10=0x00007f4aeb6e0da0, R11=0x0000000000000246
R12=0x0000000000000000, R13=0x00007f4ae40b2210, R14=0x00007f4ae4000b80, R15=0x00007f4aeb6cee40
RIP=0x00007f4aeae0c714, EFLAGS=0x0000000000010206, CSGSFS=0x002b000000000033, ERR=0x0000000000000006
  TRAPNO=0x000000000000000e

Top of Stack: (sp=0x00007f4aca718380)
0x00007f4aca718380:   00007f4aca718940 00007f4ae40b2210
0x00007f4aca718390:   00007f4ae8c258c8 0000000800c417a0
0x00007f4aca7183a0:   00007f4aca718500 00007f4aeadd82fe
0x00007f4aca7183b0:   00007f4aca7183e0 00007f4aca718440 

Instructions: (pc=0x00007f4aeae0c714)
0x00007f4aeae0c614:   30 e8 f6 cf e8 ff 4c 89 e7 e8 2e 48 d1 ff 84 db
0x00007f4aeae0c624:   75 2a 4d 85 ed 74 04 4d 8b 6d 00 48 83 c4 08 44
0x00007f4aeae0c634:   89 f9 4c 89 f2 4c 89 ee 5b 4c 89 e7 41 5c 41 5d
0x00007f4aeae0c644:   41 5e 41 5f 5d e9 e2 47 d1 ff 66 90 48 83 c4 08
0x00007f4aeae0c654:   5b 41 5c 41 5d 41 5e 41 5f 5d c3 90 31 d2 be 08
0x00007f4aeae0c664:   00 00 00 4c 89 ff e8 b1 78 a3 ff 49 89 c5 e9 37
0x00007f4aeae0c674:   ff ff ff 66 0f 1f 84 00 00 00 00 00 48 8b 7a 08
0x00007f4aeae0c684:   e9 6d ff ff ff 0f 1f 80 00 00 00 00 e8 5b 48 0a
0x00007f4aeae0c694:   00 84 c0 75 89 e9 6a ff ff ff 66 90 55 48 89 e5
0x00007f4aeae0c6a4:   41 56 41 55 41 54 49 89 fc 53 48 89 f3 66 48 8d
0x00007f4aeae0c6b4:   3d 27 5e 85 00 66 66 48 e8 df 43 8d ff 4c 8b 28
0x00007f4aeae0c6c4:   8b 05 be 72 8a 00 85 c0 75 14 ba 01 00 00 00 48
0x00007f4aeae0c6d4:   8d 0d ae 72 8a 00 f0 0f b1 11 85 c0 74 4e be c8
0x00007f4aeae0c6e4:   00 00 00 4c 89 ef e8 01 0b 41 00 48 8d 05 12 ac
0x00007f4aeae0c6f4:   85 00 49 89 d8 48 8d 0d e8 aa 53 00 ba 49 06 00
0x00007f4aeae0c704:   00 48 8d 35 3c 35 58 00 bf 00 00 00 e0 48 8b 00
0x00007f4aeae0c714:   c6 00 58 31 c0 e8 e2 91 c6 ff 5b 41 5c 41 5d 41
0x00007f4aeae0c724:   5e 5d e9 55 34 26 00 0f 1f 44 00 00 48 8d 05 81
0x00007f4aeae0c734:   a3 8b 00 48 89 df 4c 8b 30 e8 9e 43 8d ff 48 89
0x00007f4aeae0c744:   de 48 89 c2 49 8b 06 4c 89 f7 ff 50 08 4c 89 f7
0x00007f4aeae0c754:   e8 a7 5c 27 00 4d 85 e4 74 12 be 01 00 00 00 4c
0x00007f4aeae0c764:   89 e7 e8 35 43 fc ff eb 82 0f 1f 00 be 01 00 00
0x00007f4aeae0c774:   00 4c 89 ef e8 d3 fd ff ff e9 6d ff ff ff 66 66
0x00007f4aeae0c784:   2e 0f 1f 84 00 00 00 00 00 0f 1f 00 55 48 89 e5
0x00007f4aeae0c794:   41 57 41 56 41 55 41 54 53 48 81 ec 08 02 00 00
0x00007f4aeae0c7a4:   64 48 8b 04 25 28 00 00 00 48 89 45 c8 8b 07 83
0x00007f4aeae0c7b4:   f8 02 0f 84 11 04 00 00 4c 8b 6f 18 49 89 ff 49
0x00007f4aeae0c7c4:   89 f4 4d 85 ed 74 14 4c 89 ef e8 5d 57 22 00 41
0x00007f4aeae0c7d4:   8b 07 83 f8 02 0f 84 19 04 00 00 48 8d 1d 9a 06
0x00007f4aeae0c7e4:   8a 00 4c 8d 35 0b 3c 58 00 eb 38 90 48 85 d2 7f
0x00007f4aeae0c7f4:   0d 48 8d 05 b4 c0 85 00 48 83 38 00 7e 0e 41 8b
0x00007f4aeae0c804:   77 2c 4c 89 f7 31 c0 e8 a0 b2 f7 ff 49 8b 7f 18 


Stack slot to memory mapping:
stack at sp + 0 slots: 0x00007f4aca718940 is pointing into the stack for thread: 0x00007f4ae40b2210
stack at sp + 1 slots: 0x00007f4ae40b2210 is a thread
stack at sp + 2 slots: 0x00007f4ae8c258c8 points into unknown readable memory: 0x6573001880c9ffff | ff ff c9 80 18 00 73 65
stack at sp + 3 slots: 0x0000000800c417a0 is a pointer to class: 
jdk.vm.ci.services.Services {0x0000000800c417a0}
 - instance size:     2
 - klass size:        65
 - access:            public final synchronized 
 - state:             fully_initialized
 - name:              'jdk/vm/ci/services/Services'
 - super:             'java/lang/Object'
 - sub:               
 - arrays:            NULL
 - methods:           Array<T>(0x00007f4acac3abe8)
 - method ordering:   Array<T>(0x0000000800928960)
 - default_methods:   Array<T>(0x0000000000000000)
 - local interfaces:  Array<T>(0x00000008005ce810)
 - trans. interfaces: Array<T>(0x00000008005ce810)
 - constants:         constant pool [427] {0x00007f4acac39cc8} for 'jdk/vm/ci/services/Services' cache=0x00007f4acac3beb8
 - class loader data:  loader data: 0x00007f4ae4028410 of 'bootstrap'
 - source file:       'Services.java'
 - class annotations:       Array<T>(0x0000000000000000)
 - class type annotations:  Array<T>(0x0000000000000000)
 - field annotations:       Array<T>(0x0000000000000000)
 - field type annotations:  Array<T>(0x0000000000000000)
 - inner classes:     Array<T>(0x00007f4acac3be88)
 - nest members:     Array<T>(0x00007f4acac3bea8)
 - permitted subclasses:     Array<T>(0x00000008005ce7a0)
 - java mirror:       a 'java/lang/Class'{0x00000000e017cd88} = 'jdk/vm/ci/services/Services'
 - vtable length      5  (start addr: 0x0000000800c41970)
 - itable length      2 (start addr: 0x0000000800c41998)
 - ---- static fields (3 words):
 - public static final 'IS_BUILDING_NATIVE_IMAGE' 'Z' @128 
 - public static final 'IS_IN_NATIVE_IMAGE' 'Z' @129 
 - private static volatile 'savedProperties' 'Ljava/util/Map;' @112 
 - static final 'JVMCI_ENABLED' 'Z' @130 
 - private static final 'servicesCache' 'Ljava/util/Map;' @116 
 - private static final 'MAX_UNICODE_IN_UTF8_LENGTH' 'I' @120 
 - private static final 'MAX_UTF8_PROPERTY_STRING_LENGTH' 'I' @124 
 - ---- non-static fields (0 words):
 - non-static oop maps: 
stack at sp + 4 slots: 0x00007f4aca718500 is pointing into the stack for thread: 0x00007f4ae40b2210
stack at sp + 5 slots: 0x00007f4aeadd82fe: <offset 0x000000000093e2fe> in /nix/store/gpxl5qgg8kicmcvivwmybwjlpf7wh20l-graalvm17-ce-22.3.0/lib/server/libjvm.so at 0x00007f4aea49a000
stack at sp + 6 slots: 0x00007f4aca7183e0 is pointing into the stack for thread: 0x00007f4ae40b2210
stack at sp + 7 slots: 0x00007f4aca718440 is pointing into the stack for thread: 0x00007f4ae40b2210


---------------  P R O C E S S  ---------------

Threads class SMR info:
_java_thread_list=0x00007f4a30000b70, length=26, elements={
0x00007f4ae40266b0, 0x00007f4ae40a64f0, 0x00007f4ae40a7930, 0x00007f4ae40ae080,
0x00007f4ae40af430, 0x00007f4ae40b0820, 0x00007f4ae40b2210, 0x00007f4ae40b3720,
0x00007f4ae40b4b70, 0x00007f4ae40f06e0, 0x00007f4ae4139380, 0x00007f4ae40b6f10,
0x00007f4ae4337160, 0x00007f4ae4339a10, 0x00007f4ae44b05c0, 0x00007f4a780170b0,
0x00007f4a782e0d80, 0x00007f4a784be070, 0x00007f4a7862cad0, 0x00007f4a60001220,
0x00007f4ae44a6df0, 0x00007f4ae435f890, 0x00007f4a5c001130, 0x00007f4a54000ff0,
0x00007f4a4842eb20, 0x00007f4a74158ce0
}

Java Threads: ( => current thread )
  0x00007f4ae40266b0 JavaThread "main" [_thread_blocked, id=36, stack(0x00007f4aea2b5000,0x00007f4aea3b5000)]
  0x00007f4ae40a64f0 JavaThread "Reference Handler" daemon [_thread_blocked, id=40, stack(0x00007f4ae82cc000,0x00007f4ae83cc000)]
  0x00007f4ae40a7930 JavaThread "Finalizer" daemon [_thread_blocked, id=41, stack(0x00007f4ae81cc000,0x00007f4ae82cc000)]
  0x00007f4ae40ae080 JavaThread "Signal Dispatcher" daemon [_thread_blocked, id=42, stack(0x00007f4ae80cc000,0x00007f4ae81cc000)]
  0x00007f4ae40af430 JavaThread "Service Thread" daemon [_thread_blocked, id=43, stack(0x00007f4aca81a000,0x00007f4aca91a000)]
  0x00007f4ae40b0820 JavaThread "Monitor Deflation Thread" daemon [_thread_blocked, id=44, stack(0x00007f4aca71a000,0x00007f4aca81a000)]
=>0x00007f4ae40b2210 JavaThread "JVMCI-native CompilerThread0" daemon [_thread_in_vm, id=45, stack(0x00007f4aca51a000,0x00007f4aca71a000)]
  0x00007f4ae40b3720 JavaThread "C1 CompilerThread0" daemon [_thread_blocked, id=46, stack(0x00007f4aca31a000,0x00007f4aca51a000)]
  0x00007f4ae40b4b70 JavaThread "Sweeper thread" daemon [_thread_blocked, id=47, stack(0x00007f4aca21a000,0x00007f4aca31a000)]
  0x00007f4ae40f06e0 JavaThread "Common-Cleaner" daemon [_thread_blocked, id=48, stack(0x00007f4aca11a000,0x00007f4aca21a000)]
  0x00007f4ae4139380 JavaThread "Notification Thread" daemon [_thread_blocked, id=49, stack(0x00007f4aca01a000,0x00007f4aca11a000)]
  0x00007f4ae40b6f10 JavaThread "Active Thread: Equinox Container: 1b3fe287-af4f-4838-8454-98a868c6e37b" [_thread_blocked, id=64, stack(0x00007f4ac8c00000,0x00007f4ac8d00000)]
  0x00007f4ae4337160 JavaThread "Framework Event Dispatcher: Equinox Container: 1b3fe287-af4f-4838-8454-98a868c6e37b" daemon [_thread_blocked, id=70, stack(0x00007f4ac8a00000,0x00007f4ac8b00000)]
  0x00007f4ae4339a10 JavaThread "Start Level: Equinox Container: 1b3fe287-af4f-4838-8454-98a868c6e37b" daemon [_thread_blocked, id=71, stack(0x00007f4ac8800000,0x00007f4ac8900000)]
  0x00007f4ae44b05c0 JavaThread "Refresh Thread: Equinox Container: 1b3fe287-af4f-4838-8454-98a868c6e37b" daemon [_thread_blocked, id=72, stack(0x00007f4ac8600000,0x00007f4ac8700000)]
  0x00007f4a780170b0 JavaThread "SCR Component Actor" daemon [_thread_blocked, id=77, stack(0x00007f4ac8400000,0x00007f4ac8500000)]
  0x00007f4a782e0d80 JavaThread "Worker-JM" [_thread_blocked, id=87, stack(0x00007f4ac8000000,0x00007f4ac8100000)]
  0x00007f4a784be070 JavaThread "Java indexing" daemon [_thread_blocked, id=94, stack(0x00007f4a91900000,0x00007f4a91a00000)]
  0x00007f4a7862cad0 JavaThread "Bundle File Closer" daemon [_thread_blocked, id=95, stack(0x00007f4a91800000,0x00007f4a91900000)]
  0x00007f4a60001220 JavaThread "Worker-2" [_thread_blocked, id=100, stack(0x00007f4a91700000,0x00007f4a91800000)]
  0x00007f4ae44a6df0 JavaThread "pool-3-thread-1" [_thread_blocked, id=103, stack(0x00007f4a91500000,0x00007f4a91600000)]
  0x00007f4ae435f890 JavaThread "pool-2-thread-1" [_thread_in_native, id=106, stack(0x00007f4ac8200000,0x00007f4ac8300000)]
  0x00007f4a5c001130 JavaThread "Worker-3: Java indexing... " [_thread_blocked, id=110, stack(0x00007f4a91300000,0x00007f4a91400000)]
  0x00007f4a54000ff0 JavaThread "Worker-4" [_thread_blocked, id=112, stack(0x00007f4a91100000,0x00007f4a91200000)]
  0x00007f4a4842eb20 JavaThread "Okio Watchdog" daemon [_thread_blocked, id=178, stack(0x00007f4ac8300000,0x00007f4ac8400000)]
  0x00007f4a74158ce0 JavaThread "Thread-5" [_thread_blocked, id=273, stack(0x00007f4a90e00000,0x00007f4a90f00000)]

Other Threads:
  0x00007f4ae40a1c30 VMThread "VM Thread" [stack: 0x00007f4ae83ce000,0x00007f4ae84ce000] [id=38] _threads_hazard_ptr=0x00007f4a30000b70
  0x00007f4ae413ad20 WatcherThread [stack: 0x00007f4ac9f1a000,0x00007f4aca01a000] [id=50]
  0x00007f4ae403df50 GCTaskThread "GC Thread#0" [stack: 0x00007f4ae9e78000,0x00007f4ae9f78000] [id=37]

Threads with active compile tasks:
JVMCI-native CompilerThread0   667861 10233       4       java.lang.Integer::getChars (131 bytes)

VM state: synchronizing (normal execution)

VM Mutex/Monitor currently owned by a thread:  ([mutex/lock_event])
[0x00007f4ae4023860] Threads_lock - owner thread: 0x00007f4ae40a1c30
[0x00007f4ae4024010] Heap_lock - owner thread: 0x00007f4a784be070

OutOfMemory and StackOverflow Exception counts:
OutOfMemoryError java_heap_errors=1
LinkageErrors=71

Heap address: 0x00000000e0000000, size: 512 MB, Compressed Oops mode: 32-bit

CDS archive(s) mapped at: [0x0000000800000000-0x0000000800bc8000-0x0000000800bc8000), size 12353536, SharedBaseAddress: 0x0000000800000000, ArchiveRelocationMode: 0.
Compressed class space mapped at: 0x0000000800c00000-0x0000000840c00000, reserved size: 1073741824
Narrow klass base: 0x0000000800000000, Narrow klass shift: 0, Narrow klass range: 0x100000000

GC Precious Log:
 CPUs: 8 total, 1 available
 Memory: 1024M
 Large Page Support: Disabled
 NUMA Support: Disabled
 Compressed Oops: Enabled (32-bit)
 Alignments: Space 512K, Generation 512K, Heap 2M
 Heap Min Capacity: 100M
 Heap Initial Capacity: 100M
 Heap Max Capacity: 512M
 Pre-touch: Disabled
 Parallel Workers: 1

Heap:
 PSYoungGen      total 54272K, used 36352K [0x00000000f5580000, 0x00000000fa500000, 0x0000000100000000)
  eden space 36352K, 100% used [0x00000000f5580000,0x00000000f7900000,0x00000000f7900000)
  from space 17920K, 0% used [0x00000000f9380000,0x00000000f9380000,0x00000000fa500000)
  to   space 22016K, 0% used [0x00000000f7c80000,0x00000000f7c80000,0x00000000f9200000)
 ParOldGen       total 349696K, used 349688K [0x00000000e0000000, 0x00000000f5580000, 0x00000000f5580000)
  object space 349696K, 99% used [0x00000000e0000000,0x00000000f557e1d0,0x00000000f5580000)
 Metaspace       used 62307K, committed 63616K, reserved 1114112K
  class space    used 6080K, committed 6592K, reserved 1048576K

Card table byte_map: [0x00007f4ae9f78000,0x00007f4aea079000] _byte_map_base: 0x00007f4ae9878000

Marking Bits: (ParMarkBitMap*) 0x00007f4aeb6c84c0
 Begin Bits: [0x00007f4ae8dcb000, 0x00007f4ae95cb000)
 End Bits:   [0x00007f4ae95cb000, 0x00007f4ae9dcb000)

Polling page: 0x00007f4aea292000

Metaspace:

Usage:
  Non-class:     54.91 MB used.
      Class:      5.94 MB used.
       Both:     60.85 MB used.

Virtual space:
  Non-class space:       64.00 MB reserved,      55.69 MB ( 87%) committed,  8 nodes.
      Class space:        1.00 GB reserved,       6.44 MB ( <1%) committed,  1 nodes.
             Both:        1.06 GB reserved,      62.12 MB (  6%) committed. 

Chunk freelists:
   Non-Class:  4.13 MB
       Class:  1.51 MB
        Both:  5.64 MB

MaxMetaspaceSize: unlimited
CompressedClassSpaceSize: 1.00 GB
Initial GC threshold: 21.00 MB
Current GC threshold: 103.56 MB
CDS: on
MetaspaceReclaimPolicy: balanced
 - commit_granule_bytes: 65536.
 - commit_granule_words: 8192.
 - virtual_space_node_default_size: 1048576.
 - enlarge_chunks_in_place: 1.
 - new_chunks_are_fully_committed: 0.
 - uncommit_free_chunks: 1.
 - use_allocation_guard: 0.
 - handle_deallocations: 1.


Internal statistics:

num_allocs_failed_limit: 6.
num_arena_births: 526.
num_arena_deaths: 156.
num_vsnodes_births: 9.
num_vsnodes_deaths: 0.
num_space_committed: 991.
num_space_uncommitted: 0.
num_chunks_returned_to_freelist: 220.
num_chunks_taken_from_freelist: 3013.
num_chunk_merges: 84.
num_chunk_splits: 1947.
num_chunks_enlarged: 1198.
num_purges: 4.
num_inconsistent_stats: 0.

CodeHeap 'non-profiled nmethods': size=120036Kb used=2779Kb max_used=2779Kb free=117256Kb
 bounds [0x00007f4ad2f7a000, 0x00007f4ad323a000, 0x00007f4ada4b3000]
CodeHeap 'profiled nmethods': size=120032Kb used=17066Kb max_used=17066Kb free=102965Kb
 bounds [0x00007f4acba42000, 0x00007f4accaf2000, 0x00007f4ad2f7a000]
CodeHeap 'non-nmethods': size=5692Kb used=1395Kb max_used=1403Kb free=4297Kb
 bounds [0x00007f4acb4b3000, 0x00007f4acb723000, 0x00007f4acba42000]
 total_blobs=8555 nmethods=7824 adapters=633
 compilation: enabled
              stopped_count=0, restarted_count=0
 full_count=0

JVMCI Events (20 events):
Event: 441.804 Thread 0x00007f4ae40b2210 destroyed JavaVM[4]@0x00007f4a9019e340 for JVMCI runtime 0
Event: 441.804 Thread 0x00007f4ae40b2210 compacted oop handles in JVMCI runtime 0 from 67 to 67
Event: 441.804 Thread 0x00007f4ae40b2210 releasing handles for JVMCI runtime 0: oop handles=67, metadata handles={total=128, live=127, blocks=36}
Event: 441.804 Thread 0x00007f4ae40b2210 detached from JVMCI runtime 0
Event: 630.063 Thread 0x00007f4ae40b2210 attached to JVMCI runtime 0
Event: 630.064 Thread 0x00007f4ae40b2210 created JavaVM[5]@0x00007f4a9019e340 for JVMCI runtime 0
Event: 631.217 Thread 0x00007f4ae40b2210 initializing JVMCI runtime 0
Event: 631.217 Thread 0x00007f4ae40b2210 done waiting for JavaVM references initialization in JVMCI runtime 0
Event: 639.901 Thread 0x00007f4ae40b2210 initialized JVMCI runtime 0
Event: 647.027 Thread 0x00007f4ae40b2210 detaching from JVMCI runtime 0: releasing idle compiler thread (0 other threads still attached)
Event: 647.027 Thread 0x00007f4ae40b2210 shutting down HotSpotJVMCIRuntime for JVMCI runtime 0
Event: 647.027 Thread 0x00007f4ae40b2210 shut down JVMCI runtime 0
Event: 647.028 Thread 0x00007f4ae40b2210 destroyed JavaVM[5]@0x00007f4a9019e340 for JVMCI runtime 0
Event: 647.028 Thread 0x00007f4ae40b2210 compacted oop handles in JVMCI runtime 0 from 41 to 41
Event: 647.028 Thread 0x00007f4ae40b2210 releasing handles for JVMCI runtime 0: oop handles=41, metadata handles={total=85, live=74, blocks=36}
Event: 647.028 Thread 0x00007f4ae40b2210 detached from JVMCI runtime 0
Event: 653.889 Thread 0x00007f4ae40b2210 attached to JVMCI runtime 0
Event: 653.890 Thread 0x00007f4ae40b2210 created JavaVM[6]@0x00007f4a9019e340 for JVMCI runtime 0
Event: 654.881 Thread 0x00007f4ae40b2210 initializing JVMCI runtime 0
Event: 654.881 Thread 0x00007f4ae40b2210 done waiting for JavaVM references initialization in JVMCI runtime 0

Compilation events (20 events):
Event: 435.700 Thread 0x00007f4ae40b2210 nmethod 10220 0x00007f4ad322ee10 code [0x00007f4ad322f000, 0x00007f4ad322ff20]
Event: 469.365 Thread 0x00007f4ae40b3720 10225       3       java.text.MessageFormat::<init> (56 bytes)
Event: 470.581 Thread 0x00007f4ae40b3720 nmethod 10225 0x00007f4accae5190 code [0x00007f4accae5360, 0x00007f4accae57f0]
Event: 470.582 Thread 0x00007f4ae40b3720 10226       3       java.text.Format::format (24 bytes)
Event: 470.582 Thread 0x00007f4ae40b3720 nmethod 10226 0x00007f4accae5990 code [0x00007f4accae5b80, 0x00007f4accae6100]
Event: 485.789 Thread 0x00007f4ae40b3720 10227       3       java.lang.StringBuffer::append (6 bytes)
Event: 485.789 Thread 0x00007f4ae40b3720 nmethod 10227 0x00007f4accae6310 code [0x00007f4accae64c0, 0x00007f4accae6740]
Event: 487.988 Thread 0x00007f4ae40b3720 10228       3       org.eclipse.jdt.ls.core.internal.handlers.ProgressReporterManager$ProgressReporter::subTask (40 bytes)
Event: 487.989 Thread 0x00007f4ae40b3720 nmethod 10228 0x00007f4accae6890 code [0x00007f4accae6a60, 0x00007f4accae6d90]
Event: 597.342 Thread 0x00007f4ae40b3720 10229       3       java.lang.Thread::interrupted (23 bytes)
Event: 597.342 Thread 0x00007f4ae40b3720 nmethod 10229 0x00007f4accae6f10 code [0x00007f4accae70c0, 0x00007f4accae7240]
Event: 597.342 Thread 0x00007f4ae40b3720 10230       1       org.eclipse.osgi.internal.framework.EquinoxContainer::getStorage (5 bytes)
Event: 597.342 Thread 0x00007f4ae40b3720 nmethod 10230 0x00007f4ad3230690 code [0x00007f4ad3230820, 0x00007f4ad32308f0]
Event: 630.063 Thread 0x00007f4ae40b2210 10231       4       java.lang.Integer::stringSize (47 bytes)
Event: 637.700 Thread 0x00007f4ae40b3720 10232 %     3       java.io.DataOutputStream::writeUTF @ 187 (411 bytes)
Event: 639.902 Thread 0x00007f4ae40b3720 nmethod 10232% 0x00007f4accae7310 code [0x00007f4accae76c0, 0x00007f4accae9c00]
Event: 645.755 Thread 0x00007f4ae40b2210 nmethod 10231 0x00007f4ad3230990 code [0x00007f4ad3230b00, 0x00007f4ad3230bf0]
Event: 653.889 Thread 0x00007f4ae40b2210 10233       4       java.lang.Integer::getChars (131 bytes)
Event: 658.103 Thread 0x00007f4ae40b3720 10234       3       java.io.DataOutputStream::writeUTF (411 bytes)
Event: 666.572 Thread 0x00007f4ae40b3720 nmethod 10234 0x00007f4accaea910 code [0x00007f4accaeaca0, 0x00007f4accaed040]

GC Heap History (20 events):
Event: 656.996 GC heap before
{Heap before GC invocations=573 (full 485):
 PSYoungGen      total 54272K, used 36352K [0x00000000f5580000, 0x00000000fa500000, 0x0000000100000000)
  eden space 36352K, 100% used [0x00000000f5580000,0x00000000f7900000,0x00000000f7900000)
  from space 17920K, 0% used [0x00000000f9380000,0x00000000f9380000,0x00000000fa500000)
  to   space 22016K, 0% used [0x00000000f7c80000,0x00000000f7c80000,0x00000000f9200000)
 ParOldGen       total 349696K, used 349692K [0x00000000e0000000, 0x00000000f5580000, 0x00000000f5580000)
  object space 349696K, 99% used [0x00000000e0000000,0x00000000f557f150,0x00000000f5580000)
 Metaspace       used 62307K, committed 63616K, reserved 1114112K
  class space    used 6080K, committed 6592K, reserved 1048576K
}
Event: 658.103 GC heap after
{Heap after GC invocations=573 (full 485):
 PSYoungGen      total 58368K, used 36351K [0x00000000f5580000, 0x00000000fa500000, 0x0000000100000000)
  eden space 36352K, 99% used [0x00000000f5580000,0x00000000f78fffa0,0x00000000f7900000)
  from space 22016K, 0% used [0x00000000f7c80000,0x00000000f7c80000,0x00000000f9200000)
  to   space 17920K, 0% used [0x00000000f9380000,0x00000000f9380000,0x00000000fa500000)
 ParOldGen       total 349696K, used 349691K [0x00000000e0000000, 0x00000000f5580000, 0x00000000f5580000)
  object space 349696K, 99% used [0x00000000e0000000,0x00000000f557eed8,0x00000000f5580000)
 Metaspace       used 62307K, committed 63616K, reserved 1114112K
  class space    used 6080K, committed 6592K, reserved 1048576K
}
Event: 658.104 GC heap before
{Heap before GC invocations=574 (full 486):
 PSYoungGen      total 58368K, used 36352K [0x00000000f5580000, 0x00000000fa500000, 0x0000000100000000)
  eden space 36352K, 100% used [0x00000000f5580000,0x00000000f7900000,0x00000000f7900000)
  from space 22016K, 0% used [0x00000000f7c80000,0x00000000f7c80000,0x00000000f9200000)
  to   space 17920K, 0% used [0x00000000f9380000,0x00000000f9380000,0x00000000fa500000)
 ParOldGen       total 349696K, used 349691K [0x00000000e0000000, 0x00000000f5580000, 0x00000000f5580000)
  object space 349696K, 99% used [0x00000000e0000000,0x00000000f557eed8,0x00000000f5580000)
 Metaspace       used 62307K, committed 63616K, reserved 1114112K
  class space    used 6080K, committed 6592K, reserved 1048576K
}
Event: 659.081 GC heap after
{Heap after GC invocations=574 (full 486):
 PSYoungGen      total 54272K, used 36351K [0x00000000f5580000, 0x00000000fa500000, 0x0000000100000000)
  eden space 36352K, 99% used [0x00000000f5580000,0x00000000f78fff98,0x00000000f7900000)
  from space 17920K, 0% used [0x00000000f9380000,0x00000000f9380000,0x00000000fa500000)
  to   space 22016K, 0% used [0x00000000f7c80000,0x00000000f7c80000,0x00000000f9200000)
 ParOldGen       total 349696K, used 349691K [0x00000000e0000000, 0x00000000f5580000, 0x00000000f5580000)
  object space 349696K, 99% used [0x00000000e0000000,0x00000000f557eec8,0x00000000f5580000)
 Metaspace       used 62307K, committed 63616K, reserved 1114112K
  class space    used 6080K, committed 6592K, reserved 1048576K
}
Event: 659.081 GC heap before
{Heap before GC invocations=575 (full 487):
 PSYoungGen      total 54272K, used 36352K [0x00000000f5580000, 0x00000000fa500000, 0x0000000100000000)
  eden space 36352K, 100% used [0x00000000f5580000,0x00000000f7900000,0x00000000f7900000)
  from space 17920K, 0% used [0x00000000f9380000,0x00000000f9380000,0x00000000fa500000)
  to   space 22016K, 0% used [0x00000000f7c80000,0x00000000f7c80000,0x00000000f9200000)
 ParOldGen       total 349696K, used 349691K [0x00000000e0000000, 0x00000000f5580000, 0x00000000f5580000)
  object space 349696K, 99% used [0x00000000e0000000,0x00000000f557eec8,0x00000000f5580000)
 Metaspace       used 62307K, committed 63616K, reserved 1114112K
  class space    used 6080K, committed 6592K, reserved 1048576K
}
Event: 660.190 GC heap after
{Heap after GC invocations=575 (full 487):
 PSYoungGen      total 58368K, used 36352K [0x00000000f5580000, 0x00000000fa500000, 0x0000000100000000)
  eden space 36352K, 100% used [0x00000000f5580000,0x00000000f7900000,0x00000000f7900000)
  from space 22016K, 0% used [0x00000000f7c80000,0x00000000f7c80000,0x00000000f9200000)
  to   space 17920K, 0% used [0x00000000f9380000,0x00000000f9380000,0x00000000fa500000)
 ParOldGen       total 349696K, used 349691K [0x00000000e0000000, 0x00000000f5580000, 0x00000000f5580000)
  object space 349696K, 99% used [0x00000000e0000000,0x00000000f557eec8,0x00000000f5580000)
 Metaspace       used 62307K, committed 63616K, reserved 1114112K
  class space    used 6080K, committed 6592K, reserved 1048576K
}
Event: 660.190 GC heap before
{Heap before GC invocations=576 (full 488):
 PSYoungGen      total 58368K, used 36352K [0x00000000f5580000, 0x00000000fa500000, 0x0000000100000000)
  eden space 36352K, 100% used [0x00000000f5580000,0x00000000f7900000,0x00000000f7900000)
  from space 22016K, 0% used [0x00000000f7c80000,0x00000000f7c80000,0x00000000f9200000)
  to   space 17920K, 0% used [0x00000000f9380000,0x00000000f9380000,0x00000000fa500000)
 ParOldGen       total 349696K, used 349694K [0x00000000e0000000, 0x00000000f5580000, 0x00000000f5580000)
  object space 349696K, 99% used [0x00000000e0000000,0x00000000f557fbe8,0x00000000f5580000)
 Metaspace       used 62307K, committed 63616K, reserved 1114112K
  class space    used 6080K, committed 6592K, reserved 1048576K
}
Event: 661.263 GC heap after
{Heap after GC invocations=576 (full 488):
 PSYoungGen      total 54272K, used 36351K [0x00000000f5580000, 0x00000000fa500000, 0x0000000100000000)
  eden space 36352K, 99% used [0x00000000f5580000,0x00000000f78ffe30,0x00000000f7900000)
  from space 17920K, 0% used [0x00000000f9380000,0x00000000f9380000,0x00000000fa500000)
  to   space 22016K, 0% used [0x00000000f7c80000,0x00000000f7c80000,0x00000000f9200000)
 ParOldGen       total 349696K, used 349692K [0x00000000e0000000, 0x00000000f5580000, 0x00000000f5580000)
  object space 349696K, 99% used [0x00000000e0000000,0x00000000f557f348,0x00000000f5580000)
 Metaspace       used 62307K, committed 63616K, reserved 1114112K
  class space    used 6080K, committed 6592K, reserved 1048576K
}
Event: 661.264 GC heap before
{Heap before GC invocations=577 (full 489):
 PSYoungGen      total 54272K, used 36352K [0x00000000f5580000, 0x00000000fa500000, 0x0000000100000000)
  eden space 36352K, 100% used [0x00000000f5580000,0x00000000f7900000,0x00000000f7900000)
  from space 17920K, 0% used [0x00000000f9380000,0x00000000f9380000,0x00000000fa500000)
  to   space 22016K, 0% used [0x00000000f7c80000,0x00000000f7c80000,0x00000000f9200000)
 ParOldGen       total 349696K, used 349692K [0x00000000e0000000, 0x00000000f5580000, 0x00000000f5580000)
  object space 349696K, 99% used [0x00000000e0000000,0x00000000f557f348,0x00000000f5580000)
 Metaspace       used 62307K, committed 63616K, reserved 1114112K
  class space    used 6080K, committed 6592K, reserved 1048576K
}
Event: 662.290 GC heap after
{Heap after GC invocations=577 (full 489):
 PSYoungGen      total 58368K, used 36351K [0x00000000f5580000, 0x00000000fa500000, 0x0000000100000000)
  eden space 36352K, 99% used [0x00000000f5580000,0x00000000f78ffe30,0x00000000f7900000)
  from space 22016K, 0% used [0x00000000f7c80000,0x00000000f7c80000,0x00000000f9200000)
  to   space 17920K, 0% used [0x00000000f9380000,0x00000000f9380000,0x00000000fa500000)
 ParOldGen       total 349696K, used 349692K [0x00000000e0000000, 0x00000000f5580000, 0x00000000f5580000)
  object space 349696K, 99% used [0x00000000e0000000,0x00000000f557f348,0x00000000f5580000)
 Metaspace       used 62307K, committed 63616K, reserved 1114112K
  class space    used 6080K, committed 6592K, reserved 1048576K
}
Event: 662.292 GC heap before
{Heap before GC invocations=578 (full 490):
 PSYoungGen      total 58368K, used 36352K [0x00000000f5580000, 0x00000000fa500000, 0x0000000100000000)
  eden space 36352K, 100% used [0x00000000f5580000,0x00000000f7900000,0x00000000f7900000)
  from space 22016K, 0% used [0x00000000f7c80000,0x00000000f7c80000,0x00000000f9200000)
  to   space 17920K, 0% used [0x00000000f9380000,0x00000000f9380000,0x00000000fa500000)
 ParOldGen       total 349696K, used 349692K [0x00000000e0000000, 0x00000000f5580000, 0x00000000f5580000)
  object space 349696K, 99% used [0x00000000e0000000,0x00000000f557f348,0x00000000f5580000)
 Metaspace       used 62307K, committed 63616K, reserved 1114112K
  class space    used 6080K, committed 6592K, reserved 1048576K
}
Event: 663.498 GC heap after
{Heap after GC invocations=578 (full 490):
 PSYoungGen      total 54272K, used 36351K [0x00000000f5580000, 0x00000000fa500000, 0x0000000100000000)
  eden space 36352K, 99% used [0x00000000f5580000,0x00000000f78fff30,0x00000000f7900000)
  from space 17920K, 0% used [0x00000000f9380000,0x00000000f9380000,0x00000000fa500000)
  to   space 22016K, 0% used [0x00000000f7c80000,0x00000000f7c80000,0x00000000f9200000)
 ParOldGen       total 349696K, used 349692K [0x00000000e0000000, 0x00000000f5580000, 0x00000000f5580000)
  object space 349696K, 99% used [0x00000000e0000000,0x00000000f557f348,0x00000000f5580000)
 Metaspace       used 62307K, committed 63616K, reserved 1114112K
  class space    used 6080K, committed 6592K, reserved 1048576K
}
Event: 663.498 GC heap before
{Heap before GC invocations=579 (full 491):
 PSYoungGen      total 54272K, used 36352K [0x00000000f5580000, 0x00000000fa500000, 0x0000000100000000)
  eden space 36352K, 100% used [0x00000000f5580000,0x00000000f7900000,0x00000000f7900000)
  from space 17920K, 0% used [0x00000000f9380000,0x00000000f9380000,0x00000000fa500000)
  to   space 22016K, 0% used [0x00000000f7c80000,0x00000000f7c80000,0x00000000f9200000)
 ParOldGen       total 349696K, used 349692K [0x00000000e0000000, 0x00000000f5580000, 0x00000000f5580000)
  object space 349696K, 99% used [0x00000000e0000000,0x00000000f557f348,0x00000000f5580000)
 Metaspace       used 62307K, committed 63616K, reserved 1114112K
  class space    used 6080K, committed 6592K, reserved 1048576K
}
Event: 664.401 GC heap after
{Heap after GC invocations=579 (full 491):
 PSYoungGen      total 58368K, used 36351K [0x00000000f5580000, 0x00000000fa500000, 0x0000000100000000)
  eden space 36352K, 99% used [0x00000000f5580000,0x00000000f78ffff0,0x00000000f7900000)
  from space 22016K, 0% used [0x00000000f7c80000,0x00000000f7c80000,0x00000000f9200000)
  to   space 17920K, 0% used [0x00000000f9380000,0x00000000f9380000,0x00000000fa500000)
 ParOldGen       total 349696K, used 349692K [0x00000000e0000000, 0x00000000f5580000, 0x00000000f5580000)
  object space 349696K, 99% used [0x00000000e0000000,0x00000000f557f348,0x00000000f5580000)
 Metaspace       used 62307K, committed 63616K, reserved 1114112K
  class space    used 6080K, committed 6592K, reserved 1048576K
}
Event: 664.402 GC heap before
{Heap before GC invocations=580 (full 492):
 PSYoungGen      total 58368K, used 36352K [0x00000000f5580000, 0x00000000fa500000, 0x0000000100000000)
  eden space 36352K, 100% used [0x00000000f5580000,0x00000000f7900000,0x00000000f7900000)
  from space 22016K, 0% used [0x00000000f7c80000,0x00000000f7c80000,0x00000000f9200000)
  to   space 17920K, 0% used [0x00000000f9380000,0x00000000f9380000,0x00000000fa500000)
 ParOldGen       total 349696K, used 349694K [0x00000000e0000000, 0x00000000f5580000, 0x00000000f5580000)
  object space 349696K, 99% used [0x00000000e0000000,0x00000000f557fb98,0x00000000f5580000)
 Metaspace       used 62307K, committed 63616K, reserved 1114112K
  class space    used 6080K, committed 6592K, reserved 1048576K
}
Event: 665.393 GC heap after
{Heap after GC invocations=580 (full 492):
 PSYoungGen      total 54272K, used 36351K [0x00000000f5580000, 0x00000000fa500000, 0x0000000100000000)
  eden space 36352K, 99% used [0x00000000f5580000,0x00000000f78ffe00,0x00000000f7900000)
  from space 17920K, 0% used [0x00000000f9380000,0x00000000f9380000,0x00000000fa500000)
  to   space 22016K, 0% used [0x00000000f7c80000,0x00000000f7c80000,0x00000000f9200000)
 ParOldGen       total 349696K, used 349693K [0x00000000e0000000, 0x00000000f5580000, 0x00000000f5580000)
  object space 349696K, 99% used [0x00000000e0000000,0x00000000f557f4b8,0x00000000f5580000)
 Metaspace       used 62307K, committed 63616K, reserved 1114112K
  class space    used 6080K, committed 6592K, reserved 1048576K
}
Event: 665.393 GC heap before
{Heap before GC invocations=581 (full 493):
 PSYoungGen      total 54272K, used 36351K [0x00000000f5580000, 0x00000000fa500000, 0x0000000100000000)
  eden space 36352K, 99% used [0x00000000f5580000,0x00000000f78ffe00,0x00000000f7900000)
  from space 17920K, 0% used [0x00000000f9380000,0x00000000f9380000,0x00000000fa500000)
  to   space 22016K, 0% used [0x00000000f7c80000,0x00000000f7c80000,0x00000000f9200000)
 ParOldGen       total 349696K, used 349693K [0x00000000e0000000, 0x00000000f5580000, 0x00000000f5580000)
  object space 349696K, 99% used [0x00000000e0000000,0x00000000f557f4b8,0x00000000f5580000)
 Metaspace       used 62307K, committed 63616K, reserved 1114112K
  class space    used 6080K, committed 6592K, reserved 1048576K
}
Event: 666.571 GC heap after
{Heap after GC invocations=581 (full 493):
 PSYoungGen      total 58368K, used 36351K [0x00000000f5580000, 0x00000000fa500000, 0x0000000100000000)
  eden space 36352K, 99% used [0x00000000f5580000,0x00000000f78ffe00,0x00000000f7900000)
  from space 22016K, 0% used [0x00000000f7c80000,0x00000000f7c80000,0x00000000f9200000)
  to   space 17920K, 0% used [0x00000000f9380000,0x00000000f9380000,0x00000000fa500000)
 ParOldGen       total 349696K, used 349693K [0x00000000e0000000, 0x00000000f5580000, 0x00000000f5580000)
  object space 349696K, 99% used [0x00000000e0000000,0x00000000f557f4b8,0x00000000f5580000)
 Metaspace       used 62307K, committed 63616K, reserved 1114112K
  class space    used 6080K, committed 6592K, reserved 1048576K
}
Event: 666.572 GC heap before
{Heap before GC invocations=582 (full 494):
 PSYoungGen      total 58368K, used 36351K [0x00000000f5580000, 0x00000000fa500000, 0x0000000100000000)
  eden space 36352K, 99% used [0x00000000f5580000,0x00000000f78ffff0,0x00000000f7900000)
  from space 22016K, 0% used [0x00000000f7c80000,0x00000000f7c80000,0x00000000f9200000)
  to   space 17920K, 0% used [0x00000000f9380000,0x00000000f9380000,0x00000000fa500000)
 ParOldGen       total 349696K, used 349693K [0x00000000e0000000, 0x00000000f5580000, 0x00000000f5580000)
  object space 349696K, 99% used [0x00000000e0000000,0x00000000f557f7e0,0x00000000f5580000)
 Metaspace       used 62307K, committed 63616K, reserved 1114112K
  class space    used 6080K, committed 6592K, reserved 1048576K
}
Event: 667.764 GC heap after
{Heap after GC invocations=582 (full 494):
 PSYoungGen      total 54272K, used 36351K [0x00000000f5580000, 0x00000000fa500000, 0x0000000100000000)
  eden space 36352K, 99% used [0x00000000f5580000,0x00000000f78fff40,0x00000000f7900000)
  from space 17920K, 0% used [0x00000000f9380000,0x00000000f9380000,0x00000000fa500000)
  to   space 22016K, 0% used [0x00000000f7c80000,0x00000000f7c80000,0x00000000f9200000)
 ParOldGen       total 349696K, used 349688K [0x00000000e0000000, 0x00000000f5580000, 0x00000000f5580000)
  object space 349696K, 99% used [0x00000000e0000000,0x00000000f557e1d0,0x00000000f5580000)
 Metaspace       used 62307K, committed 63616K, reserved 1114112K
  class space    used 6080K, committed 6592K, reserved 1048576K
}

Dll operation events (9 events):
Event: 0.004 Loaded shared library /nix/store/gpxl5qgg8kicmcvivwmybwjlpf7wh20l-graalvm17-ce-22.3.0/lib/libjava.so
Event: 0.021 Loaded shared library /nix/store/gpxl5qgg8kicmcvivwmybwjlpf7wh20l-graalvm17-ce-22.3.0/lib/libjsvml.so
Event: 0.377 Loaded shared library /nix/store/gpxl5qgg8kicmcvivwmybwjlpf7wh20l-graalvm17-ce-22.3.0/lib/libnio.so
Event: 0.389 Loaded shared library /nix/store/gpxl5qgg8kicmcvivwmybwjlpf7wh20l-graalvm17-ce-22.3.0/lib/libzip.so
Event: 0.408 Loaded shared library /nix/store/gpxl5qgg8kicmcvivwmybwjlpf7wh20l-graalvm17-ce-22.3.0/lib/libjvmcicompiler.so
Event: 0.910 Loaded shared library /nix/store/gpxl5qgg8kicmcvivwmybwjlpf7wh20l-graalvm17-ce-22.3.0/lib/libjimage.so
Event: 1.614 Loaded shared library /nix/store/gpxl5qgg8kicmcvivwmybwjlpf7wh20l-graalvm17-ce-22.3.0/lib/libnet.so
Event: 7.762 Loaded shared library /home/runner/.cache/jdt-language-server/config/org.eclipse.equinox.launcher/org.eclipse.equinox.launcher.gtk.linux.x86_64_1.2.400.v20211117-0650/eclipse_11600.so
Event: 18.967 Loaded shared library /nix/store/gpxl5qgg8kicmcvivwmybwjlpf7wh20l-graalvm17-ce-22.3.0/lib/libextnet.so

Deoptimization events (20 events):
Event: 74.180 Thread 0x00007f4a784be070 DEOPT PACKING pc=0x00007f4accadcddd sp=0x00007f4a919fe530
Event: 74.180 Thread 0x00007f4a784be070 DEOPT UNPACKING pc=0x00007f4acb505325 sp=0x00007f4a919fda20 mode 0
Event: 74.182 Thread 0x00007f4a784be070 DEOPT PACKING pc=0x00007f4accadcddd sp=0x00007f4a919fe530
Event: 74.182 Thread 0x00007f4a784be070 DEOPT UNPACKING pc=0x00007f4acb505325 sp=0x00007f4a919fda20 mode 0
Event: 74.184 Thread 0x00007f4a784be070 DEOPT PACKING pc=0x00007f4accadcddd sp=0x00007f4a919fe530
Event: 74.184 Thread 0x00007f4a784be070 DEOPT UNPACKING pc=0x00007f4acb505325 sp=0x00007f4a919fda20 mode 0
Event: 74.259 Thread 0x00007f4a784be070 DEOPT PACKING pc=0x00007f4accadcddd sp=0x00007f4a919fe530
Event: 74.259 Thread 0x00007f4a784be070 DEOPT UNPACKING pc=0x00007f4acb505325 sp=0x00007f4a919fda20 mode 0
Event: 74.260 Thread 0x00007f4a784be070 DEOPT PACKING pc=0x00007f4accadcddd sp=0x00007f4a919fe530
Event: 74.260 Thread 0x00007f4a784be070 DEOPT UNPACKING pc=0x00007f4acb505325 sp=0x00007f4a919fda20 mode 0
Event: 74.262 Thread 0x00007f4a784be070 DEOPT PACKING pc=0x00007f4accadcddd sp=0x00007f4a919fe530
Event: 74.262 Thread 0x00007f4a784be070 DEOPT UNPACKING pc=0x00007f4acb505325 sp=0x00007f4a919fda20 mode 0
Event: 377.192 Thread 0x00007f4a4c003c20 Uncommon trap: trap_request=0xffffffed fr.pc=0x00007f4ad322e35b relative=0x000000000000005b
Event: 377.192 Thread 0x00007f4a4c003c20 Uncommon trap: reason=null_assert_or_unreached0 action=reinterpret pc=0x00007f4ad322e35b method=java.lang.Thread.interrupted()Z @ 8 jvmci
Event: 378.459 Thread 0x00007f4a4c003c20 DEOPT PACKING pc=0x00007f4ad322e35b sp=0x00007f4a914fe650
Event: 378.459 Thread 0x00007f4a4c003c20 DEOPT UNPACKING pc=0x00007f4acb505325 sp=0x00007f4a914fdae0 mode 3
Event: 633.459 Thread 0x00007f4ae40b2210 Uncommon trap: trap_request=0xffffffcd fr.pc=0x00007f4ad322fdaf relative=0x0000000000000daf
Event: 633.459 Thread 0x00007f4ae40b2210 Uncommon trap: reason=intrinsic_or_type_checked_inlining action=reinterpret pc=0x00007f4ad322fdaf method=java.io.DataOutputStream.write([BII)V @ 0 jvmci
Event: 633.459 Thread 0x00007f4ae40b2210 DEOPT PACKING pc=0x00007f4ad322fdaf sp=0x00007f4aca717fa0
Event: 633.459 Thread 0x00007f4ae40b2210 DEOPT UNPACKING pc=0x00007f4acb505325 sp=0x00007f4aca7173d0 mode 3

Classes unloaded (20 events):
Event: 82.561 Thread 0x00007f4ae40a1c30 Unloading class 0x0000000800efc000 'jdk/internal/reflect/GeneratedConstructorAccessor8'
Event: 82.561 Thread 0x00007f4ae40a1c30 Unloading class 0x0000000800d99000 'java/lang/invoke/LambdaForm$MH+0x0000000800d99000'
Event: 82.561 Thread 0x00007f4ae40a1c30 Unloading class 0x0000000800d98c00 'java/lang/invoke/LambdaForm$MH+0x0000000800d98c00'
Event: 82.561 Thread 0x00007f4ae40a1c30 Unloading class 0x0000000800d98800 'java/lang/invoke/LambdaForm$MH+0x0000000800d98800'
Event: 82.561 Thread 0x00007f4ae40a1c30 Unloading class 0x0000000800d98400 'java/lang/invoke/LambdaForm$MH+0x0000000800d98400'
Event: 82.561 Thread 0x00007f4ae40a1c30 Unloading class 0x0000000800d98000 'jdk/internal/reflect/GeneratedConstructorAccessor3'
Event: 82.561 Thread 0x00007f4ae40a1c30 Unloading class 0x0000000800d06800 'java/lang/invoke/LambdaForm$MH+0x0000000800d06800'
Event: 82.561 Thread 0x00007f4ae40a1c30 Unloading class 0x0000000800d06000 'java/lang/invoke/LambdaForm$MH+0x0000000800d06000'
Event: 82.561 Thread 0x00007f4ae40a1c30 Unloading class 0x0000000800d05c00 'java/lang/invoke/LambdaForm$MH+0x0000000800d05c00'
Event: 82.561 Thread 0x00007f4ae40a1c30 Unloading class 0x0000000800d05800 'java/lang/invoke/LambdaForm$MH+0x0000000800d05800'
Event: 82.561 Thread 0x00007f4ae40a1c30 Unloading class 0x0000000800d05000 'java/lang/invoke/LambdaForm$MH+0x0000000800d05000'
Event: 82.561 Thread 0x00007f4ae40a1c30 Unloading class 0x0000000800d04c00 'java/lang/invoke/LambdaForm$MH+0x0000000800d04c00'
Event: 82.561 Thread 0x00007f4ae40a1c30 Unloading class 0x0000000800d04800 'java/lang/invoke/LambdaForm$MH+0x0000000800d04800'
Event: 82.561 Thread 0x00007f4ae40a1c30 Unloading class 0x0000000800d04000 'java/lang/invoke/LambdaForm$MH+0x0000000800d04000'
Event: 82.561 Thread 0x00007f4ae40a1c30 Unloading class 0x0000000800c1d000 'jdk/internal/reflect/GeneratedMethodAccessor5'
Event: 82.561 Thread 0x00007f4ae40a1c30 Unloading class 0x0000000800c1cc00 'jdk/internal/reflect/GeneratedMethodAccessor4'
Event: 82.561 Thread 0x00007f4ae40a1c30 Unloading class 0x0000000800c1c800 'jdk/internal/reflect/GeneratedMethodAccessor3'
Event: 82.561 Thread 0x00007f4ae40a1c30 Unloading class 0x0000000800c1c400 'jdk/internal/reflect/GeneratedMethodAccessor2'
Event: 82.561 Thread 0x00007f4ae40a1c30 Unloading class 0x0000000800c1c000 'jdk/internal/reflect/GeneratedMethodAccessor1'
Event: 82.561 Thread 0x00007f4ae40a1c30 Unloading class 0x0000000800c01c00 'java/lang/invoke/LambdaForm$DMH+0x0000000800c01c00'

Classes redefined (0 events):
No events

Internal exceptions (20 events):
Event: 49.761 Thread 0x00007f4a78342410 Implicit null exception at 0x00007f4ad319dd22 to 0x00007f4ad319e0af
Event: 50.262 Thread 0x00007f4a78342410 Implicit null exception at 0x00007f4ad30d51e9 to 0x00007f4ad30d539b
Event: 54.473 Thread 0x00007f4a60001220 Exception <a 'java/lang/NoSuchMethodError'{0x00000000f6918c68}: 'java.lang.Object java.lang.invoke.DirectMethodHandle$Holder.invokeStatic(java.lang.Object, java.lang.Object, java.lang.Object, long)'> (0x00000000f6918c68) 
thrown [src/hotspot/share/interpreter/linkResolver.cpp, line 758]
Event: 54.474 Thread 0x00007f4a60001220 Exception <a 'java/lang/NoSuchMethodError'{0x00000000f6920360}: 'java.lang.Object java.lang.invoke.DirectMethodHandle$Holder.newInvokeSpecial(java.lang.Object, java.lang.Object, java.lang.Object, long)'> (0x00000000f6920360) 
thrown [src/hotspot/share/interpreter/linkResolver.cpp, line 758]
Event: 54.474 Thread 0x00007f4a60001220 Exception <a 'java/lang/NoSuchMethodError'{0x00000000f6924478}: 'java.lang.Object java.lang.invoke.DirectMethodHandle$Holder.invokeSpecial(java.lang.Object, java.lang.Object, java.lang.Object, java.lang.Object, long)'> (0x00000000f6924478) 
thrown [src/hotspot/share/interpreter/linkResolver.cpp, line 758]
Event: 54.474 Thread 0x00007f4a60001220 Exception <a 'java/lang/NoSuchMethodError'{0x00000000f693a670}: 'java.lang.Object java.lang.invoke.Invokers$Holder.linkToTargetMethod(java.lang.Object, java.lang.Object, long, java.lang.Object)'> (0x00000000f693a670) 
thrown [src/hotspot/share/interpreter/linkResolver.cpp, line 758]
Event: 54.577 Thread 0x00007f4a6c0010d0 Exception <a 'java/io/FileNotFoundException'{0x00000000f6b1bd58}> (0x00000000f6b1bd58) 
thrown [src/hotspot/share/prims/jni.cpp, line 516]
Event: 54.687 Thread 0x00007f4a6c0010d0 Exception <a 'java/lang/NoSuchMethodError'{0x00000000f6c91fd0}: 'java.lang.Object java.lang.invoke.DirectMethodHandle$Holder.newInvokeSpecial(java.lang.Object, java.lang.Object, int, java.lang.Object, java.lang.Object)'> (0x00000000f6c91fd0) 
thrown [src/hotspot/share/interpreter/linkResolver.cpp, line 758]
Event: 54.688 Thread 0x00007f4a6c0010d0 Exception <a 'java/lang/NoSuchMethodError'{0x00000000f6c974e8}: 'java.lang.Object java.lang.invoke.DirectMethodHandle$Holder.invokeSpecial(java.lang.Object, java.lang.Object, java.lang.Object, int, java.lang.Object, java.lang.Object)'> (0x00000000f6c974e8) 
thrown [src/hotspot/share/interpreter/linkResolver.cpp, line 758]
Event: 54.999 Thread 0x00007f4a6c0010d0 Exception <a 'java/lang/NoSuchMethodError'{0x00000000f5c17538}: 'java.lang.Object java.lang.invoke.DirectMethodHandle$Holder.newInvokeSpecial(java.lang.Object, java.lang.Object, java.lang.Object, int, java.lang.Object)'> (0x00000000f5c17538) 
thrown [src/hotspot/share/interpreter/linkResolver.cpp, line 758]
Event: 55.060 Thread 0x00007f4a6c0010d0 Exception <a 'java/lang/NoSuchMethodError'{0x00000000f5c81840}: 'java.lang.Object java.lang.invoke.DirectMethodHandle$Holder.invokeSpecial(java.lang.Object, java.lang.Object, java.lang.Object, java.lang.Object, int, java.lang.Object)'> (0x00000000f5c81840) 
thrown [src/hotspot/share/interpreter/linkResolver.cpp, line 758]
Event: 55.060 Thread 0x00007f4a6c0010d0 Exception <a 'java/lang/NoSuchMethodError'{0x00000000f5c85598}: 'java.lang.Object java.lang.invoke.Invokers$Holder.linkToTargetMethod(java.lang.Object, java.lang.Object, int, java.lang.Object, java.lang.Object)'> (0x00000000f5c85598) 
thrown [src/hotspot/share/interpreter/linkResolver.cpp, line 758]
Event: 62.769 Thread 0x00007f4a7415c810 Exception <a 'java/lang/NoSuchMethodError'{0x00000000f595a618}: 'java.lang.Object java.lang.invoke.DirectMethodHandle$Holder.invokeStatic(java.lang.Object, int, java.lang.Object, java.lang.Object, java.lang.Object, java.lang.Object)'> (0x00000000f595a618) 
thrown [src/hotspot/share/interpreter/linkResolver.cpp, line 758]
Event: 62.772 Thread 0x00007f4a7415b2e0 Exception <a 'java/lang/NoSuchMethodError'{0x00000000f5ab1788}: 'java.lang.Object java.lang.invoke.DirectMethodHandle$Holder.newInvokeSpecial(java.lang.Object, java.lang.Object, int, java.lang.Object, java.lang.Object, java.lang.Object, java.lang.Object)'> (0x00000000f5ab1788) 
thrown [src/hotspot/share/interpreter/linkResolver.cpp, line 758]
Event: 62.858 Thread 0x00007f4a7415c810 Exception <a 'java/lang/NoSuchMethodError'{0x00000000f5994ca8}: 'java.lang.Object java.lang.invoke.DirectMethodHandle$Holder.newInvokeSpecial(java.lang.Object, int, java.lang.Object, java.lang.Object, java.lang.Object)'> (0x00000000f5994ca8) 
thrown [src/hotspot/share/interpreter/linkResolver.cpp, line 758]
Event: 63.167 Thread 0x00007f4a74157ea0 Exception <a 'java/lang/NoSuchMethodError'{0x00000000f6a33408}: 'void java.lang.invoke.DirectMethodHandle$Holder.invokeSpecial(java.lang.Object, java.lang.Object, int)'> (0x00000000f6a33408) 
thrown [src/hotspot/share/interpreter/linkResolver.cpp, line 758]
Event: 63.264 Thread 0x00007f4a7415b2e0 Exception <a 'java/lang/NoSuchMethodError'{0x00000000f6b214b8}: 'void java.lang.invoke.DirectMethodHandle$Holder.invokeSpecial(java.lang.Object, java.lang.Object, int)'> (0x00000000f6b214b8) 
thrown [src/hotspot/share/interpreter/linkResolver.cpp, line 758]
Event: 63.264 Thread 0x00007f4a74159de0 Exception <a 'java/lang/NoSuchMethodError'{0x00000000f6b15180}: 'void java.lang.invoke.DirectMethodHandle$Holder.invokeSpecial(java.lang.Object, java.lang.Object, int)'> (0x00000000f6b15180) 
thrown [src/hotspot/share/interpreter/linkResolver.cpp, line 758]
Event: 64.967 Thread 0x00007f4a74157540 Exception <a 'java/lang/NoSuchMethodError'{0x00000000f57bc020}: 'int java.lang.invoke.DirectMethodHandle$Holder.invokeSpecialIFC(java.lang.Object, java.lang.Object, java.lang.Object, java.lang.Object)'> (0x00000000f57bc020) 
thrown [src/hotspot/share/interpreter/linkResolver.cpp, line 758]
Event: 666.572 Thread 0x00007f4ae40b2210 Exception <a 'java/lang/OutOfMemoryError'{0x00000000e0008750}> (0x00000000e0008750) 
thrown [src/hotspot/share/gc/shared/memAllocator.cpp, line 136]

VM Operations (20 events):
Event: 656.996 Executing VM operation: ParallelGCFailedAllocation done
Event: 656.996 Executing VM operation: ParallelGCFailedAllocation
Event: 658.103 Executing VM operation: ParallelGCFailedAllocation done
Event: 658.104 Executing VM operation: ParallelGCFailedAllocation
Event: 659.081 Executing VM operation: ParallelGCFailedAllocation done
Event: 659.081 Executing VM operation: ParallelGCFailedAllocation
Event: 660.190 Executing VM operation: ParallelGCFailedAllocation done
Event: 660.190 Executing VM operation: ParallelGCFailedAllocation
Event: 661.263 Executing VM operation: ParallelGCFailedAllocation done
Event: 661.264 Executing VM operation: ParallelGCFailedAllocation
Event: 662.290 Executing VM operation: ParallelGCFailedAllocation done
Event: 662.290 Executing VM operation: ParallelGCFailedAllocation
Event: 663.498 Executing VM operation: ParallelGCFailedAllocation done
Event: 663.498 Executing VM operation: ParallelGCFailedAllocation
Event: 664.401 Executing VM operation: ParallelGCFailedAllocation done
Event: 664.401 Executing VM operation: ParallelGCFailedAllocation
Event: 666.572 Executing VM operation: ParallelGCFailedAllocation done
Event: 666.572 Executing VM operation: ParallelGCFailedAllocation
Event: 667.764 Executing VM operation: ParallelGCFailedAllocation done
Event: 667.764 Executing VM operation: ParallelGCFailedAllocation

Events (20 events):
Event: 62.767 Thread 0x00007f4ae40b4b70 flushing nmethod 0x00007f4acc799310
Event: 62.767 Thread 0x00007f4ae40b4b70 flushing nmethod 0x00007f4acc8f8e10
Event: 63.896 loading class java/util/AbstractList$SubList
Event: 63.897 loading class java/util/AbstractList$SubList done
Event: 64.366 loading class java/util/concurrent/ConcurrentHashMap$TreeNode
Event: 64.366 loading class java/util/concurrent/ConcurrentHashMap$TreeNode done
Event: 64.366 loading class java/util/concurrent/ConcurrentHashMap$TreeBin
Event: 64.366 loading class java/util/concurrent/ConcurrentHashMap$TreeBin done
Event: 65.159 Thread 0x00007f4a74159de0 Thread exited: 0x00007f4a74159de0
Event: 65.159 Thread 0x00007f4a7415c810 Thread exited: 0x00007f4a7415c810
Event: 65.159 Thread 0x00007f4a74157540 Thread exited: 0x00007f4a74157540
Event: 65.267 Thread 0x00007f4a74157ea0 Thread exited: 0x00007f4a74157ea0
Event: 65.372 Thread 0x00007f4a7415b2e0 Thread exited: 0x00007f4a7415b2e0
Event: 103.577 Thread 0x00007f4a4c004e50 Thread exited: 0x00007f4a4c004e50
Event: 127.014 Thread 0x00007f4a6c0010d0 Thread exited: 0x00007f4a6c0010d0
Event: 198.272 Thread 0x00007f4a602fed70 Thread exited: 0x00007f4a602fed70
Event: 257.186 Thread 0x00007f4a78342410 Thread exited: 0x00007f4a78342410
Event: 380.989 Thread 0x00007f4a483764b0 Thread exited: 0x00007f4a483764b0
Event: 380.990 Thread 0x00007f4a4c003c20 Thread exited: 0x00007f4a4c003c20
Event: 423.164 Thread 0x00007f4a48376f50 Thread exited: 0x00007f4a48376f50


Dynamic libraries:
e0000000-f5580000 rw-p 00000000 00:00 0 
f5580000-fa500000 rw-p 00000000 00:00 0 
fa500000-100000000 ---p 00000000 00:00 0 
800000000-800449000 rw-p 00001000 00:149d 4611686019135357769            /nix/store/gpxl5qgg8kicmcvivwmybwjlpf7wh20l-graalvm17-ce-22.3.0/lib/server/classes.jsa
800449000-800bc8000 r--p 0044a000 00:149d 4611686019135357769            /nix/store/gpxl5qgg8kicmcvivwmybwjlpf7wh20l-graalvm17-ce-22.3.0/lib/server/classes.jsa
800bc8000-800c00000 ---p 00000000 00:00 0 
800c00000-800c20000 rw-p 00000000 00:00 0 
800c20000-800c40000 rw-p 00000000 00:00 0 
800c40000-800cc0000 rw-p 00000000 00:00 0 
800cc0000-800d00000 rw-p 00000000 00:00 0 
800d00000-800dc0000 rw-p 00000000 00:00 0 
800dc0000-800e00000 rw-p 00000000 00:00 0 
800e00000-800f40000 rw-p 00000000 00:00 0 
800f40000-800fc0000 rw-p 00000000 00:00 0 
800fc0000-801000000 rw-p 00000000 00:00 0 
801000000-8011c0000 rw-p 00000000 00:00 0 
8011c0000-8011d0000 rw-p 00000000 00:00 0 
8011d0000-801200000 ---p 00000000 00:00 0 
801200000-8012a0000 rw-p 00000000 00:00 0 
8012a0000-840c00000 ---p 00000000 00:00 0 
55f3b8abf000-55f3b8ac0000 r-xp 00000000 00:149d 4611686019099417844      /nix/store/gpxl5qgg8kicmcvivwmybwjlpf7wh20l-graalvm17-ce-22.3.0/bin/.java-wrapped
55f3b8ac1000-55f3b8ac2000 r--p 00001000 00:149d 4611686019099417844      /nix/store/gpxl5qgg8kicmcvivwmybwjlpf7wh20l-graalvm17-ce-22.3.0/bin/.java-wrapped
55f3b8ac2000-55f3b8ac3000 rw-p 00002000 00:149d 4611686019099417844      /nix/store/gpxl5qgg8kicmcvivwmybwjlpf7wh20l-graalvm17-ce-22.3.0/bin/.java-wrapped
55f3b8ac3000-55f3b8ac4000 rw-p 00004000 00:149d 4611686019099417844      /nix/store/gpxl5qgg8kicmcvivwmybwjlpf7wh20l-graalvm17-ce-22.3.0/bin/.java-wrapped
55f3b8ac4000-55f3b8ac5000 rw-p 00005000 00:149d 4611686019099417844      /nix/store/gpxl5qgg8kicmcvivwmybwjlpf7wh20l-graalvm17-ce-22.3.0/bin/.java-wrapped
55f3ba517000-55f3ba55f000 rw-p 00000000 00:00 0                          [heap]
7f4a0c000000-7f4a0c02b000 rw-p 00000000 00:00 0 
7f4a0c02b000-7f4a10000000 ---p 00000000 00:00 0 
7f4a10000000-7f4a100a7000 rw-p 00000000 00:00 0 
7f4a100a7000-7f4a14000000 ---p 00000000 00:00 0 
7f4a14000000-7f4a14058000 rw-p 00000000 00:00 0 
7f4a14058000-7f4a18000000 ---p 00000000 00:00 0 
7f4a18000000-7f4a1808e000 rw-p 00000000 00:00 0 
7f4a1808e000-7f4a1c000000 ---p 00000000 00:00 0 
7f4a1c000000-7f4a1c0b0000 rw-p 00000000 00:00 0 
7f4a1c0b0000-7f4a20000000 ---p 00000000 00:00 0 
7f4a20000000-7f4a2004f000 rw-p 00000000 00:00 0 
7f4a2004f000-7f4a24000000 ---p 00000000 00:00 0 
7f4a26c00000-7f4a26c20000 rw-p 00000000 00:00 0 
7f4a26c20000-7f4a27400000 ---p 00000000 00:00 0 
7f4a28000000-7f4a28021000 rw-p 00000000 00:00 0 
7f4a28021000-7f4a2c000000 ---p 00000000 00:00 0 
7f4a2c000000-7f4a2c021000 rw-p 00000000 00:00 0 
7f4a2c021000-7f4a30000000 ---p 00000000 00:00 0 
7f4a30000000-7f4a30021000 rw-p 00000000 00:00 0 
7f4a30021000-7f4a34000000 ---p 00000000 00:00 0 
7f4a34000000-7f4a34021000 rw-p 00000000 00:00 0 
7f4a34021000-7f4a38000000 ---p 00000000 00:00 0 
7f4a38000000-7f4a38021000 rw-p 00000000 00:00 0 
7f4a38021000-7f4a3c000000 ---p 00000000 00:00 0 
7f4a3c400000-7f4a3cbc0000 rw-p 00000000 00:00 0 
7f4a3cbc0000-7f4a3cc00000 rw-p 00000000 00:00 0 
7f4a3cc00000-7f4a3cf00000 rw-p 00000000 00:00 0 
7f4a3cf00000-7f4a3cf90000 rw-p 00000000 00:00 0 
7f4a3cf90000-7f4a3d000000 ---p 00000000 00:00 0 
7f4a3d000000-7f4a3d400000 rw-p 00000000 00:00 0 
7f4a3dcb3000-7f4a47800000 r--s 00000000 00:149d 4611686019135192581      /nix/store/gpxl5qgg8kicmcvivwmybwjlpf7wh20l-graalvm17-ce-22.3.0/lib/modules
7f4a47800000-7f4a47f80000 rw-p 00000000 00:00 0 
7f4a47f80000-7f4a48000000 rw-p 00000000 00:00 0 
7f4a48000000-7f4a484f6000 rw-p 00000000 00:00 0 
7f4a484f6000-7f4a4c000000 ---p 00000000 00:00 0 
7f4a4c000000-7f4a4c021000 rw-p 00000000 00:00 0 
7f4a4c021000-7f4a50000000 ---p 00000000 00:00 0 
7f4a50000000-7f4a50021000 rw-p 00000000 00:00 0 
7f4a50021000-7f4a54000000 ---p 00000000 00:00 0 
7f4a54000000-7f4a54021000 rw-p 00000000 00:00 0 
7f4a54021000-7f4a58000000 ---p 00000000 00:00 0 
7f4a58000000-7f4a58021000 rw-p 00000000 00:00 0 
7f4a58021000-7f4a5c000000 ---p 00000000 00:00 0 
7f4a5c000000-7f4a5c10f000 rw-p 00000000 00:00 0 
7f4a5c10f000-7f4a60000000 ---p 00000000 00:00 0 
7f4a60000000-7f4a60326000 rw-p 00000000 00:00 0 
7f4a60326000-7f4a64000000 ---p 00000000 00:00 0 
7f4a64000000-7f4a6405e000 rw-p 00000000 00:00 0 
7f4a6405e000-7f4a68000000 ---p 00000000 00:00 0 
7f4a68000000-7f4a68021000 rw-p 00000000 00:00 0 
7f4a68021000-7f4a6c000000 ---p 00000000 00:00 0 
7f4a6c000000-7f4a6c14e000 rw-p 00000000 00:00 0 
7f4a6c14e000-7f4a70000000 ---p 00000000 00:00 0 
7f4a70000000-7f4a70021000 rw-p 00000000 00:00 0 
7f4a70021000-7f4a74000000 ---p 00000000 00:00 0 
7f4a74000000-7f4a7418b000 rw-p 00000000 00:00 0 
7f4a7418b000-7f4a78000000 ---p 00000000 00:00 0 
7f4a78000000-7f4a788f8000 rw-p 00000000 00:00 0 
7f4a788f8000-7f4a7c000000 ---p 00000000 00:00 0 
7f4a7c000000-7f4a7c027000 rw-p 00000000 00:00 0 
7f4a7c027000-7f4a80000000 ---p 00000000 00:00 0 
7f4a80000000-7f4a80021000 rw-p 00000000 00:00 0 
7f4a80021000-7f4a84000000 ---p 00000000 00:00 0 
7f4a84000000-7f4a84021000 rw-p 00000000 00:00 0 
7f4a84021000-7f4a88000000 ---p 00000000 00:00 0 
7f4a88000000-7f4a88021000 rw-p 00000000 00:00 0 
7f4a88021000-7f4a8c000000 ---p 00000000 00:00 0 
7f4a8c400000-7f4a8c500000 rw-p 00000000 00:00 0 
7f4a8c500000-7f4a8c700000 rw-p 00000000 00:00 0 
7f4a8c700000-7f4a8c900000 rw-p 00000000 00:00 0 
7f4a8c900000-7f4a8ca00000 rw-p 00000000 00:00 0 
7f4a8ca00000-7f4a8cb00000 rw-p 00000000 00:00 0 
7f4a8cb00000-7f4a8cc00000 rw-p 00000000 00:00 0 
7f4a8cc00000-7f4a8cd00000 rw-p 00000000 00:00 0 
7f4a8cd00000-7f4a8ce00000 rw-p 00000000 00:00 0 
7f4a8ce00000-7f4a8d3c0000 rw-p 00000000 00:00 0 
7f4a8d3c0000-7f4a8d400000 rw-p 00000000 00:00 0 
7f4a8d400000-7f4a8d500000 rw-p 00000000 00:00 0 
7f4a8d500000-7f4a8d600000 rw-p 00000000 00:00 0 
7f4a8d600000-7f4a8d900000 rw-p 00000000 00:00 0 
7f4a8d900000-7f4a8da00000 rw-p 00000000 00:00 0 
7f4a8da00000-7f4a8dc00000 rw-p 00000000 00:00 0 
7f4a8f000000-7f4a8f010000 r-xp 00000000 00:1492 358                      /home/runner/.cache/jdt-language-server/config/org.eclipse.equinox.launcher/org.eclipse.equinox.launcher.gtk.linux.x86_64_1.2.400.v20211117-0650/eclipse_11600.so
7f4a8f010000-7f4a8f20f000 ---p 00010000 00:1492 358                      /home/runner/.cache/jdt-language-server/config/org.eclipse.equinox.launcher/org.eclipse.equinox.launcher.gtk.linux.x86_64_1.2.400.v20211117-0650/eclipse_11600.so
7f4a8f20f000-7f4a8f210000 r--p 0000f000 00:1492 358                      /home/runner/.cache/jdt-language-server/config/org.eclipse.equinox.launcher/org.eclipse.equinox.launcher.gtk.linux.x86_64_1.2.400.v20211117-0650/eclipse_11600.so
7f4a8f210000-7f4a8f211000 rw-p 00010000 00:1492 358                      /home/runner/.cache/jdt-language-server/config/org.eclipse.equinox.launcher/org.eclipse.equinox.launcher.gtk.linux.x86_64_1.2.400.v20211117-0650/eclipse_11600.so
7f4a8f500000-7f4a8f600000 ---p 00000000 00:00 0 
7f4a8f600000-7f4a8fbaf000 r--p 01122000 00:149d 4611686019135190040      /nix/store/gpxl5qgg8kicmcvivwmybwjlpf7wh20l-graalvm17-ce-22.3.0/lib/libjvmcicompiler.so
7f4a8fbaf000-7f4a8fd00000 r--p 00000000 00:00 0 
7f4a8fd00000-7f4a8fd3d000 rw-p 00000000 00:00 0 
7f4a8fd3d000-7f4a9025d000 rw-p 0185f000 00:149d 4611686019135190040      /nix/store/gpxl5qgg8kicmcvivwmybwjlpf7wh20l-graalvm17-ce-22.3.0/lib/libjvmcicompiler.so
7f4a9025d000-7f4a90644000 r--p 01d7f000 00:149d 4611686019135190040      /nix/store/gpxl5qgg8kicmcvivwmybwjlpf7wh20l-graalvm17-ce-22.3.0/lib/libjvmcicompiler.so
7f4a90700000-7f4a90704000 ---p 00000000 00:00 0 
7f4a90704000-7f4a90800000 rw-p 00000000 00:00 0 
7f4a90900000-7f4a90904000 ---p 00000000 00:00 0 
7f4a90904000-7f4a90a00000 rw-p 00000000 00:00 0 
7f4a90b00000-7f4a90b04000 ---p 00000000 00:00 0 
7f4a90b04000-7f4a90c00000 rw-p 00000000 00:00 0 
7f4a90d00000-7f4a90d04000 ---p 00000000 00:00 0 
7f4a90d04000-7f4a90e00000 rw-p 00000000 00:00 0 
7f4a90e00000-7f4a90e04000 ---p 00000000 00:00 0 
7f4a90e04000-7f4a90f00000 rw-p 00000000 00:00 0 
7f4a90f00000-7f4a90f04000 ---p 00000000 00:00 0 
7f4a90f04000-7f4a91000000 rw-p 00000000 00:00 0 
7f4a91100000-7f4a91104000 ---p 00000000 00:00 0 
7f4a91104000-7f4a91200000 rw-p 00000000 00:00 0 
7f4a91200000-7f4a91204000 ---p 00000000 00:00 0 
7f4a91204000-7f4a91300000 rw-p 00000000 00:00 0 
7f4a91300000-7f4a91304000 ---p 00000000 00:00 0 
7f4a91304000-7f4a91400000 rw-p 00000000 00:00 0 
7f4a91400000-7f4a91404000 ---p 00000000 00:00 0 
7f4a91404000-7f4a91500000 rw-p 00000000 00:00 0 
7f4a91500000-7f4a91504000 ---p 00000000 00:00 0 
7f4a91504000-7f4a91600000 rw-p 00000000 00:00 0 
7f4a91700000-7f4a91704000 ---p 00000000 00:00 0 
7f4a91704000-7f4a91800000 rw-p 00000000 00:00 0 
7f4a91800000-7f4a91804000 ---p 00000000 00:00 0 
7f4a91804000-7f4a91900000 rw-p 00000000 00:00 0 
7f4a91900000-7f4a91904000 ---p 00000000 00:00 0 
7f4a91904000-7f4a91a00000 rw-p 00000000 00:00 0 
7f4a91a00000-7f4a91a04000 ---p 00000000 00:00 0 
7f4a91a04000-7f4a91b00000 rw-p 00000000 00:00 0 
7f4a91b00000-7f4a91b04000 ---p 00000000 00:00 0 
7f4a91b04000-7f4a91c00000 rw-p 00000000 00:00 0 
7f4a91c00000-7f4a93d6a000 r-xp 00000000 00:149d 4611686019135190040      /nix/store/gpxl5qgg8kicmcvivwmybwjlpf7wh20l-graalvm17-ce-22.3.0/lib/libjvmcicompiler.so
7f4a93d6a000-7f4a93f69000 ---p 0216a000 00:149d 4611686019135190040      /nix/store/gpxl5qgg8kicmcvivwmybwjlpf7wh20l-graalvm17-ce-22.3.0/lib/libjvmcicompiler.so
7f4a93f69000-7f4a93f6a000 r--p 02169000 00:149d 4611686019135190040      /nix/store/gpxl5qgg8kicmcvivwmybwjlpf7wh20l-graalvm17-ce-22.3.0/lib/libjvmcicompiler.so
7f4a93f6a000-7f4a93f6c000 rw-p 0216a000 00:149d 4611686019135190040      /nix/store/gpxl5qgg8kicmcvivwmybwjlpf7wh20l-graalvm17-ce-22.3.0/lib/libjvmcicompiler.so
7f4a93f6c000-7f4a93f6d000 rw-p 00000000 00:00 0 
7f4a93f6d000-7f4a93f72000 rw-p 023c3000 00:149d 4611686019135190040      /nix/store/gpxl5qgg8kicmcvivwmybwjlpf7wh20l-graalvm17-ce-22.3.0/lib/libjvmcicompiler.so
7f4a94000000-7f4a94021000 rw-p 00000000 00:00 0 
7f4a94021000-7f4a98000000 ---p 00000000 00:00 0 
7f4a98000000-7f4a98021000 rw-p 00000000 00:00 0 
7f4a98021000-7f4a9c000000 ---p 00000000 00:00 0 
7f4a9c000000-7f4a9c021000 rw-p 00000000 00:00 0 
7f4a9c021000-7f4aa0000000 ---p 00000000 00:00 0 
7f4aa0000000-7f4aa0021000 rw-p 00000000 00:00 0 
7f4aa0021000-7f4aa4000000 ---p 00000000 00:00 0 
7f4aa4000000-7f4aa40ff000 rw-p 00000000 00:00 0 
7f4aa40ff000-7f4aa8000000 ---p 00000000 00:00 0 
7f4aa8000000-7f4aa8c3c000 rw-p 00000000 00:00 0 
7f4aa8c3c000-7f4aac000000 ---p 00000000 00:00 0 
7f4aac000000-7f4aac021000 rw-p 00000000 00:00 0 
7f4aac021000-7f4ab0000000 ---p 00000000 00:00 0 
7f4ab0000000-7f4ab0021000 rw-p 00000000 00:00 0 
7f4ab0021000-7f4ab4000000 ---p 00000000 00:00 0 
7f4ab4000000-7f4ab4021000 rw-p 00000000 00:00 0 
7f4ab4021000-7f4ab8000000 ---p 00000000 00:00 0 
7f4ab8000000-7f4ab8021000 rw-p 00000000 00:00 0 
7f4ab8021000-7f4abc000000 ---p 00000000 00:00 0 
7f4abc000000-7f4abc021000 rw-p 00000000 00:00 0 
7f4abc021000-7f4ac0000000 ---p 00000000 00:00 0 
7f4ac0000000-7f4ac0021000 rw-p 00000000 00:00 0 
7f4ac0021000-7f4ac4000000 ---p 00000000 00:00 0 
7f4ac4000000-7f4ac4065000 rw-p 00000000 00:00 0 
7f4ac4065000-7f4ac8000000 ---p 00000000 00:00 0 
7f4ac8000000-7f4ac8004000 ---p 00000000 00:00 0 
7f4ac8004000-7f4ac8100000 rw-p 00000000 00:00 0 
7f4ac8200000-7f4ac8204000 ---p 00000000 00:00 0 
7f4ac8204000-7f4ac8300000 rw-p 00000000 00:00 0 
7f4ac8300000-7f4ac8304000 ---p 00000000 00:00 0 
7f4ac8304000-7f4ac8400000 rw-p 00000000 00:00 0 
7f4ac8400000-7f4ac8404000 ---p 00000000 00:00 0 
7f4ac8404000-7f4ac8500000 rw-p 00000000 00:00 0 
7f4ac8500000-7f4ac8504000 ---p 00000000 00:00 0 
7f4ac8504000-7f4ac8600000 rw-p 00000000 00:00 0 
7f4ac8600000-7f4ac8604000 ---p 00000000 00:00 0 
7f4ac8604000-7f4ac8700000 rw-p 00000000 00:00 0 
7f4ac8700000-7f4ac8704000 ---p 00000000 00:00 0 
7f4ac8704000-7f4ac8800000 rw-p 00000000 00:00 0 
7f4ac8800000-7f4ac8804000 ---p 00000000 00:00 0 
7f4ac8804000-7f4ac8900000 rw-p 00000000 00:00 0 
7f4ac8900000-7f4ac8904000 ---p 00000000 00:00 0 
7f4ac8904000-7f4ac8a00000 rw-p 00000000 00:00 0 
7f4ac8a00000-7f4ac8a04000 ---p 00000000 00:00 0 
7f4ac8a04000-7f4ac8b00000 rw-p 00000000 00:00 0 
7f4ac8c00000-7f4ac8c04000 ---p 00000000 00:00 0 
7f4ac8c04000-7f4ac8d00000 rw-p 00000000 00:00 0 
7f4ac9a68000-7f4ac9f00000 rw-p 00000000 00:00 0 
7f4ac9f18000-7f4ac9f19000 ---p 00000000 00:00 0 
7f4ac9f19000-7f4aca01a000 rw-p 00000000 00:00 0 
7f4aca01a000-7f4aca01e000 ---p 00000000 00:00 0 
7f4aca01e000-7f4aca11a000 rw-p 00000000 00:00 0 
7f4aca11a000-7f4aca11e000 ---p 00000000 00:00 0 
7f4aca11e000-7f4aca21a000 rw-p 00000000 00:00 0 
7f4aca21a000-7f4aca21e000 ---p 00000000 00:00 0 
7f4aca21e000-7f4aca31a000 rw-p 00000000 00:00 0 
7f4aca31a000-7f4aca31e000 ---p 00000000 00:00 0 
7f4aca31e000-7f4aca51a000 rw-p 00000000 00:00 0 
7f4aca51a000-7f4aca51e000 ---p 00000000 00:00 0 
7f4aca51e000-7f4aca71a000 rw-p 00000000 00:00 0 
7f4aca71a000-7f4aca71e000 ---p 00000000 00:00 0 
7f4aca71e000-7f4aca81a000 rw-p 00000000 00:00 0 
7f4aca81a000-7f4aca81e000 ---p 00000000 00:00 0 
7f4aca81e000-7f4aca91a000 rw-p 00000000 00:00 0 
7f4aca91a000-7f4acac00000 r--p 00000000 00:13cb 28444448                 /usr/lib/locale/locale-archive
7f4acac00000-7f4acb000000 rw-p 00000000 00:00 0 
7f4acb000000-7f4acb200000 rw-p 00000000 00:00 0 
7f4acb200000-7f4acb300000 rw-p 00000000 00:00 0 
7f4acb300000-7f4acb400000 rw-p 00000000 00:00 0 
7f4acb4b3000-7f4acb723000 rwxp 00000000 00:00 0 
7f4acb723000-7f4acba42000 ---p 00000000 00:00 0 
7f4acba42000-7f4accaf2000 rwxp 00000000 00:00 0 
7f4accaf2000-7f4ad2f7a000 ---p 00000000 00:00 0 
7f4ad2f7a000-7f4ad323a000 rwxp 00000000 00:00 0 
7f4ad323a000-7f4ada4b3000 ---p 00000000 00:00 0 
7f4ada4b3000-7f4ae4000000 r--s 00000000 00:149d 4611686019135192581      /nix/store/gpxl5qgg8kicmcvivwmybwjlpf7wh20l-graalvm17-ce-22.3.0/lib/modules
7f4ae4000000-7f4ae4608000 rw-p 00000000 00:00 0 
7f4ae4608000-7f4ae8000000 ---p 00000000 00:00 0 
7f4ae8064000-7f4ae8066000 r-xp 00000000 00:149d 4611686019135190017      /nix/store/gpxl5qgg8kicmcvivwmybwjlpf7wh20l-graalvm17-ce-22.3.0/lib/libextnet.so
7f4ae8066000-7f4ae8067000 r--p 00001000 00:149d 4611686019135190017      /nix/store/gpxl5qgg8kicmcvivwmybwjlpf7wh20l-graalvm17-ce-22.3.0/lib/libextnet.so
7f4ae8067000-7f4ae8068000 rw-p 00002000 00:149d 4611686019135190017      /nix/store/gpxl5qgg8kicmcvivwmybwjlpf7wh20l-graalvm17-ce-22.3.0/lib/libextnet.so
7f4ae8068000-7f4ae8069000 rw-p 00004000 00:149d 4611686019135190017      /nix/store/gpxl5qgg8kicmcvivwmybwjlpf7wh20l-graalvm17-ce-22.3.0/lib/libextnet.so
7f4ae8069000-7f4ae806d000 ---p 00000000 00:00 0 
7f4ae806d000-7f4ae808b000 rw-p 00000000 00:00 0 
7f4ae808b000-7f4ae8092000 r-xp 00000000 00:149d 4611686019135192580      /nix/store/gpxl5qgg8kicmcvivwmybwjlpf7wh20l-graalvm17-ce-22.3.0/lib/libzip.so
7f4ae8092000-7f4ae8093000 ---p 00007000 00:149d 4611686019135192580      /nix/store/gpxl5qgg8kicmcvivwmybwjlpf7wh20l-graalvm17-ce-22.3.0/lib/libzip.so
7f4ae8093000-7f4ae8094000 r--p 00007000 00:149d 4611686019135192580      /nix/store/gpxl5qgg8kicmcvivwmybwjlpf7wh20l-graalvm17-ce-22.3.0/lib/libzip.so
7f4ae8094000-7f4ae8095000 rw-p 00008000 00:149d 4611686019135192580      /nix/store/gpxl5qgg8kicmcvivwmybwjlpf7wh20l-graalvm17-ce-22.3.0/lib/libzip.so
7f4ae8095000-7f4ae8097000 rw-p 0000b000 00:149d 4611686019135192580      /nix/store/gpxl5qgg8kicmcvivwmybwjlpf7wh20l-graalvm17-ce-22.3.0/lib/libzip.so
7f4ae8097000-7f4ae80ac000 r-xp 00000000 00:149d 4611686019135192570      /nix/store/gpxl5qgg8kicmcvivwmybwjlpf7wh20l-graalvm17-ce-22.3.0/lib/libnet.so
7f4ae80ac000-7f4ae80ad000 ---p 00015000 00:149d 4611686019135192570      /nix/store/gpxl5qgg8kicmcvivwmybwjlpf7wh20l-graalvm17-ce-22.3.0/lib/libnet.so
7f4ae80ad000-7f4ae80ae000 r--p 00015000 00:149d 4611686019135192570      /nix/store/gpxl5qgg8kicmcvivwmybwjlpf7wh20l-graalvm17-ce-22.3.0/lib/libnet.so
7f4ae80ae000-7f4ae80af000 rw-p 00016000 00:149d 4611686019135192570      /nix/store/gpxl5qgg8kicmcvivwmybwjlpf7wh20l-graalvm17-ce-22.3.0/lib/libnet.so
7f4ae80af000-7f4ae80b2000 rw-p 0001b000 00:149d 4611686019135192570      /nix/store/gpxl5qgg8kicmcvivwmybwjlpf7wh20l-graalvm17-ce-22.3.0/lib/libnet.so
7f4ae80b2000-7f4ae80c5000 r-xp 00000000 00:149d 4611686019135192571      /nix/store/gpxl5qgg8kicmcvivwmybwjlpf7wh20l-graalvm17-ce-22.3.0/lib/libnio.so
7f4ae80c5000-7f4ae80c6000 r--p 00012000 00:149d 4611686019135192571      /nix/store/gpxl5qgg8kicmcvivwmybwjlpf7wh20l-graalvm17-ce-22.3.0/lib/libnio.so
7f4ae80c6000-7f4ae80c7000 rw-p 00013000 00:149d 4611686019135192571      /nix/store/gpxl5qgg8kicmcvivwmybwjlpf7wh20l-graalvm17-ce-22.3.0/lib/libnio.so
7f4ae80c7000-7f4ae80cc000 rw-p 00019000 00:149d 4611686019135192571      /nix/store/gpxl5qgg8kicmcvivwmybwjlpf7wh20l-graalvm17-ce-22.3.0/lib/libnio.so
7f4ae80cc000-7f4ae80d0000 ---p 00000000 00:00 0 
7f4ae80d0000-7f4ae81cc000 rw-p 00000000 00:00 0 
7f4ae81cc000-7f4ae81d0000 ---p 00000000 00:00 0 
7f4ae81d0000-7f4ae82cc000 rw-p 00000000 00:00 0 
7f4ae82cc000-7f4ae82d0000 ---p 00000000 00:00 0 
7f4ae82d0000-7f4ae83cc000 rw-p 00000000 00:00 0 
7f4ae83cc000-7f4ae83cd000 ---p 00000000 00:00 0 
7f4ae83cd000-7f4ae84ce000 rw-p 00000000 00:00 0 
7f4ae84ce000-7f4ae859c000 r-xp 00000000 00:149d 4611686019135190036      /nix/store/gpxl5qgg8kicmcvivwmybwjlpf7wh20l-graalvm17-ce-22.3.0/lib/libjsvml.so
7f4ae859c000-7f4ae859d000 r--p 000cd000 00:149d 4611686019135190036      /nix/store/gpxl5qgg8kicmcvivwmybwjlpf7wh20l-graalvm17-ce-22.3.0/lib/libjsvml.so
7f4ae859d000-7f4ae859e000 rw-p 000ce000 00:149d 4611686019135190036      /nix/store/gpxl5qgg8kicmcvivwmybwjlpf7wh20l-graalvm17-ce-22.3.0/lib/libjsvml.so
7f4ae859e000-7f4ae9e76000 rw-p 00000000 00:00 0 
7f4ae9e76000-7f4ae9e77000 ---p 00000000 00:00 0 
7f4ae9e77000-7f4aea022000 rw-p 00000000 00:00 0 
7f4aea022000-7f4aea04b000 rw-p 00000000 00:00 0 
7f4aea04b000-7f4aea078000 ---p 00000000 00:00 0 
7f4aea078000-7f4aea07f000 rw-p 00000000 00:00 0 
7f4aea07f000-7f4aea164000 ---p 00000000 00:00 0 
7f4aea164000-7f4aea186000 rw-p 00000000 00:00 0 
7f4aea186000-7f4aea24f000 ---p 00000000 00:00 0 
7f4aea24f000-7f4aea254000 rw-p 00000000 00:00 0 
7f4aea254000-7f4aea25b000 ---p 00000000 00:00 0 
7f4aea25b000-7f4aea27f000 r-xp 00000000 00:149d 4611686019135190028      /nix/store/gpxl5qgg8kicmcvivwmybwjlpf7wh20l-graalvm17-ce-22.3.0/lib/libjava.so
7f4aea27f000-7f4aea280000 ---p 00024000 00:149d 4611686019135190028      /nix/store/gpxl5qgg8kicmcvivwmybwjlpf7wh20l-graalvm17-ce-22.3.0/lib/libjava.so
7f4aea280000-7f4aea281000 r--p 00024000 00:149d 4611686019135190028      /nix/store/gpxl5qgg8kicmcvivwmybwjlpf7wh20l-graalvm17-ce-22.3.0/lib/libjava.so
7f4aea281000-7f4aea282000 rw-p 00025000 00:149d 4611686019135190028      /nix/store/gpxl5qgg8kicmcvivwmybwjlpf7wh20l-graalvm17-ce-22.3.0/lib/libjava.so
7f4aea282000-7f4aea283000 rw-p 00000000 00:00 0 
7f4aea283000-7f4aea28a000 rw-p 0002f000 00:149d 4611686019135190028      /nix/store/gpxl5qgg8kicmcvivwmybwjlpf7wh20l-graalvm17-ce-22.3.0/lib/libjava.so
7f4aea28a000-7f4aea292000 rw-s 00000000 00:13b5 355                      /tmp/hsperfdata_runner/28
7f4aea292000-7f4aea293000 ---p 00000000 00:00 0 
7f4aea293000-7f4aea294000 r--p 00000000 00:00 0 
7f4aea294000-7f4aea295000 rwxp 00000000 00:00 0 
7f4aea295000-7f4aea2b0000 r-xp 00000000 00:149d 4611686019135190032      /nix/store/gpxl5qgg8kicmcvivwmybwjlpf7wh20l-graalvm17-ce-22.3.0/lib/libjimage.so
7f4aea2b0000-7f4aea2b1000 ---p 0001b000 00:149d 4611686019135190032      /nix/store/gpxl5qgg8kicmcvivwmybwjlpf7wh20l-graalvm17-ce-22.3.0/lib/libjimage.so
7f4aea2b1000-7f4aea2b3000 r--p 0001b000 00:149d 4611686019135190032      /nix/store/gpxl5qgg8kicmcvivwmybwjlpf7wh20l-graalvm17-ce-22.3.0/lib/libjimage.so
7f4aea2b3000-7f4aea2b4000 rw-p 0001d000 00:149d 4611686019135190032      /nix/store/gpxl5qgg8kicmcvivwmybwjlpf7wh20l-graalvm17-ce-22.3.0/lib/libjimage.so
7f4aea2b4000-7f4aea2b5000 rw-p 00024000 00:149d 4611686019135190032      /nix/store/gpxl5qgg8kicmcvivwmybwjlpf7wh20l-graalvm17-ce-22.3.0/lib/libjimage.so
7f4aea2b5000-7f4aea2b9000 ---p 00000000 00:00 0 
7f4aea2b9000-7f4aea3b5000 rw-p 00000000 00:00 0 
7f4aea3b5000-7f4aea3c3000 r--p 00000000 00:149d 4611686019027979927      /nix/store/4nlgxhb09sdr51nc9hdm8az5b08vzkgx-glibc-2.35-163/lib/libm.so.6
7f4aea3c3000-7f4aea436000 r-xp 0000e000 00:149d 4611686019027979927      /nix/store/4nlgxhb09sdr51nc9hdm8az5b08vzkgx-glibc-2.35-163/lib/libm.so.6
7f4aea436000-7f4aea493000 r--p 00081000 00:149d 4611686019027979927      /nix/store/4nlgxhb09sdr51nc9hdm8az5b08vzkgx-glibc-2.35-163/lib/libm.so.6
7f4aea493000-7f4aea494000 r--p 000dd000 00:149d 4611686019027979927      /nix/store/4nlgxhb09sdr51nc9hdm8az5b08vzkgx-glibc-2.35-163/lib/libm.so.6
7f4aea494000-7f4aea495000 rw-p 000de000 00:149d 4611686019027979927      /nix/store/4nlgxhb09sdr51nc9hdm8az5b08vzkgx-glibc-2.35-163/lib/libm.so.6
7f4aea495000-7f4aea496000 r--p 00000000 00:149d 4611686019027979946      /nix/store/4nlgxhb09sdr51nc9hdm8az5b08vzkgx-glibc-2.35-163/lib/librt.so.1
7f4aea496000-7f4aea497000 r-xp 00001000 00:149d 4611686019027979946      /nix/store/4nlgxhb09sdr51nc9hdm8az5b08vzkgx-glibc-2.35-163/lib/librt.so.1
7f4aea497000-7f4aea498000 r--p 00002000 00:149d 4611686019027979946      /nix/store/4nlgxhb09sdr51nc9hdm8az5b08vzkgx-glibc-2.35-163/lib/librt.so.1
7f4aea498000-7f4aea499000 r--p 00002000 00:149d 4611686019027979946      /nix/store/4nlgxhb09sdr51nc9hdm8az5b08vzkgx-glibc-2.35-163/lib/librt.so.1
7f4aea499000-7f4aea49a000 rw-p 00003000 00:149d 4611686019027979946      /nix/store/4nlgxhb09sdr51nc9hdm8az5b08vzkgx-glibc-2.35-163/lib/librt.so.1
7f4aea49a000-7f4aeb5ad000 r-xp 00000000 00:149d 4611686019135360866      /nix/store/gpxl5qgg8kicmcvivwmybwjlpf7wh20l-graalvm17-ce-22.3.0/lib/server/libjvm.so
7f4aeb5ad000-7f4aeb5ae000 ---p 01113000 00:149d 4611686019135360866      /nix/store/gpxl5qgg8kicmcvivwmybwjlpf7wh20l-graalvm17-ce-22.3.0/lib/server/libjvm.so
7f4aeb5ae000-7f4aeb663000 r--p 01113000 00:149d 4611686019135360866      /nix/store/gpxl5qgg8kicmcvivwmybwjlpf7wh20l-graalvm17-ce-22.3.0/lib/server/libjvm.so
7f4aeb663000-7f4aeb697000 rw-p 011c8000 00:149d 4611686019135360866      /nix/store/gpxl5qgg8kicmcvivwmybwjlpf7wh20l-graalvm17-ce-22.3.0/lib/server/libjvm.so
7f4aeb697000-7f4aeb6f3000 rw-p 00000000 00:00 0 
7f4aeb6f3000-7f4aeb71b000 r--p 00000000 00:149d 4611686019027979918      /nix/store/4nlgxhb09sdr51nc9hdm8az5b08vzkgx-glibc-2.35-163/lib/libc.so.6
7f4aeb71b000-7f4aeb891000 r-xp 00028000 00:149d 4611686019027979918      /nix/store/4nlgxhb09sdr51nc9hdm8az5b08vzkgx-glibc-2.35-163/lib/libc.so.6
7f4aeb891000-7f4aeb8e9000 r--p 0019e000 00:149d 4611686019027979918      /nix/store/4nlgxhb09sdr51nc9hdm8az5b08vzkgx-glibc-2.35-163/lib/libc.so.6
7f4aeb8e9000-7f4aeb8ed000 r--p 001f6000 00:149d 4611686019027979918      /nix/store/4nlgxhb09sdr51nc9hdm8az5b08vzkgx-glibc-2.35-163/lib/libc.so.6
7f4aeb8ed000-7f4aeb8ef000 rw-p 001fa000 00:149d 4611686019027979918      /nix/store/4nlgxhb09sdr51nc9hdm8az5b08vzkgx-glibc-2.35-163/lib/libc.so.6
7f4aeb8ef000-7f4aeb8fe000 rw-p 00000000 00:00 0 
7f4aeb8fe000-7f4aeb8ff000 r--p 00000000 00:149d 4611686019027979923      /nix/store/4nlgxhb09sdr51nc9hdm8az5b08vzkgx-glibc-2.35-163/lib/libdl.so.2
7f4aeb8ff000-7f4aeb900000 r-xp 00001000 00:149d 4611686019027979923      /nix/store/4nlgxhb09sdr51nc9hdm8az5b08vzkgx-glibc-2.35-163/lib/libdl.so.2
7f4aeb900000-7f4aeb901000 r--p 00002000 00:149d 4611686019027979923      /nix/store/4nlgxhb09sdr51nc9hdm8az5b08vzkgx-glibc-2.35-163/lib/libdl.so.2
7f4aeb901000-7f4aeb902000 r--p 00002000 00:149d 4611686019027979923      /nix/store/4nlgxhb09sdr51nc9hdm8az5b08vzkgx-glibc-2.35-163/lib/libdl.so.2
7f4aeb902000-7f4aeb903000 rw-p 00003000 00:149d 4611686019027979923      /nix/store/4nlgxhb09sdr51nc9hdm8az5b08vzkgx-glibc-2.35-163/lib/libdl.so.2
7f4aeb903000-7f4aeb904000 r--p 00000000 00:149d 4611686019027979942      /nix/store/4nlgxhb09sdr51nc9hdm8az5b08vzkgx-glibc-2.35-163/lib/libpthread.so.0
7f4aeb904000-7f4aeb905000 r-xp 00001000 00:149d 4611686019027979942      /nix/store/4nlgxhb09sdr51nc9hdm8az5b08vzkgx-glibc-2.35-163/lib/libpthread.so.0
7f4aeb905000-7f4aeb906000 r--p 00002000 00:149d 4611686019027979942      /nix/store/4nlgxhb09sdr51nc9hdm8az5b08vzkgx-glibc-2.35-163/lib/libpthread.so.0
7f4aeb906000-7f4aeb907000 r--p 00002000 00:149d 4611686019027979942      /nix/store/4nlgxhb09sdr51nc9hdm8az5b08vzkgx-glibc-2.35-163/lib/libpthread.so.0
7f4aeb907000-7f4aeb908000 rw-p 00003000 00:149d 4611686019027979942      /nix/store/4nlgxhb09sdr51nc9hdm8az5b08vzkgx-glibc-2.35-163/lib/libpthread.so.0
7f4aeb908000-7f4aeb916000 r-xp 00000000 00:149d 4611686019135190033      /nix/store/gpxl5qgg8kicmcvivwmybwjlpf7wh20l-graalvm17-ce-22.3.0/lib/libjli.so
7f4aeb916000-7f4aeb917000 ---p 0000e000 00:149d 4611686019135190033      /nix/store/gpxl5qgg8kicmcvivwmybwjlpf7wh20l-graalvm17-ce-22.3.0/lib/libjli.so
7f4aeb917000-7f4aeb918000 r--p 0000e000 00:149d 4611686019135190033      /nix/store/gpxl5qgg8kicmcvivwmybwjlpf7wh20l-graalvm17-ce-22.3.0/lib/libjli.so
7f4aeb918000-7f4aeb919000 rw-p 0000f000 00:149d 4611686019135190033      /nix/store/gpxl5qgg8kicmcvivwmybwjlpf7wh20l-graalvm17-ce-22.3.0/lib/libjli.so
7f4aeb919000-7f4aeb91a000 rw-p 00012000 00:149d 4611686019135190033      /nix/store/gpxl5qgg8kicmcvivwmybwjlpf7wh20l-graalvm17-ce-22.3.0/lib/libjli.so
7f4aeb91a000-7f4aeb91d000 r--p 00000000 00:149d 4611686019106210071      /nix/store/026hln0aq1hyshaxsdvhg0kmcm6yf45r-zlib-1.2.13/lib/libz.so.1.2.13
7f4aeb91d000-7f4aeb92f000 r-xp 00003000 00:149d 4611686019106210071      /nix/store/026hln0aq1hyshaxsdvhg0kmcm6yf45r-zlib-1.2.13/lib/libz.so.1.2.13
7f4aeb92f000-7f4aeb936000 r--p 00015000 00:149d 4611686019106210071      /nix/store/026hln0aq1hyshaxsdvhg0kmcm6yf45r-zlib-1.2.13/lib/libz.so.1.2.13
7f4aeb936000-7f4aeb937000 r--p 0001b000 00:149d 4611686019106210071      /nix/store/026hln0aq1hyshaxsdvhg0kmcm6yf45r-zlib-1.2.13/lib/libz.so.1.2.13
7f4aeb937000-7f4aeb938000 rw-p 0001c000 00:149d 4611686019106210071      /nix/store/026hln0aq1hyshaxsdvhg0kmcm6yf45r-zlib-1.2.13/lib/libz.so.1.2.13
7f4aeb938000-7f4aeb93a000 rw-p 00000000 00:00 0 
7f4aeb93a000-7f4aeb93c000 r--p 00000000 00:149d 4611686019027979912      /nix/store/4nlgxhb09sdr51nc9hdm8az5b08vzkgx-glibc-2.35-163/lib/ld-linux-x86-64.so.2
7f4aeb93c000-7f4aeb963000 r-xp 00002000 00:149d 4611686019027979912      /nix/store/4nlgxhb09sdr51nc9hdm8az5b08vzkgx-glibc-2.35-163/lib/ld-linux-x86-64.so.2
7f4aeb963000-7f4aeb96f000 r--p 00029000 00:149d 4611686019027979912      /nix/store/4nlgxhb09sdr51nc9hdm8az5b08vzkgx-glibc-2.35-163/lib/ld-linux-x86-64.so.2
7f4aeb96f000-7f4aeb971000 r--p 00034000 00:149d 4611686019027979912      /nix/store/4nlgxhb09sdr51nc9hdm8az5b08vzkgx-glibc-2.35-163/lib/ld-linux-x86-64.so.2
7f4aeb971000-7f4aeb973000 rw-p 00036000 00:149d 4611686019027979912      /nix/store/4nlgxhb09sdr51nc9hdm8az5b08vzkgx-glibc-2.35-163/lib/ld-linux-x86-64.so.2
7ffdcc7df000-7ffdcc803000 rw-p 00000000 00:00 0                          [stack]
7ffdcc80f000-7ffdcc813000 r--p 00000000 00:00 0                          [vvar]
7ffdcc813000-7ffdcc815000 r-xp 00000000 00:00 0                          [vdso]
ffffffffff600000-ffffffffff601000 --xp 00000000 00:00 0                  [vsyscall]


VM Arguments:
jvm_args: -XX:ThreadPriorityPolicy=1 -XX:+UnlockExperimentalVMOptions -XX:+EnableJVMCIProduct -XX:JVMCIThreadsPerNativeLibraryRuntime=1 -XX:-UnlockExperimentalVMOptions -Declipse.application=org.eclipse.jdt.ls.core.id1 -Dosgi.bundles.defaultStartLevel=4 -Declipse.product=org.eclipse.jdt.ls.core.product -Dlog.level=ALL -Xverify:none -XX:+UseParallelGC -XX:GCTimeRatio=4 -XX:AdaptiveSizePolicyWeight=90 -Dsun.zip.disableMemoryMapping=true -Xmx512m -Xms100m 
java_command: /nix/store/m6gcpi1ii6rghy04cjwjddcavv7i90df-jdt-language-server-1.9.0/share/java/plugins/org.eclipse.equinox.launcher_1.6.400.v20210924-0641.jar --add-modules=ALL-SYSTEM --add-opens java.base/java.util=ALL-UNNAMED --add-opens java.base/java.lang=ALL-UNNAMED -configuration /home/runner/.cache/jdt-language-server/config -data /home/runner/.cache/jdt-language-server/data/home/runner/MoralesCruzLibretaDirecciones
java_class_path (initial): /nix/store/m6gcpi1ii6rghy04cjwjddcavv7i90df-jdt-language-server-1.9.0/share/java/plugins/org.eclipse.equinox.launcher_1.6.400.v20210924-0641.jar
Launcher Type: SUN_STANDARD

[Global flags]
    uintx AdaptiveSizePolicyWeight                 = 90                                        {product} {command line}
     intx CICompilerCount                          = 2                                         {product} {ergonomic}
     bool EnableJVMCIProduct                       = true                                {JVMCI product} {jimage}
    uintx GCTimeRatio                              = 4                                         {product} {command line}
   size_t InitialHeapSize                          = 104857600                                 {product} {command line}
     uint JVMCIThreadsPerNativeLibraryRuntime      = 1                                   {JVMCI product} {jimage}
   size_t MaxHeapSize                              = 536870912                                 {product} {command line}
   size_t MaxNewSize                               = 178782208                                 {product} {ergonomic}
   size_t MinHeapDeltaBytes                        = 524288                                    {product} {ergonomic}
   size_t MinHeapSize                              = 104857600                                 {product} {command line}
   size_t NewSize                                  = 34603008                                  {product} {ergonomic}
    uintx NonNMethodCodeHeapSize                   = 5826188                                {pd product} {ergonomic}
    uintx NonProfiledCodeHeapSize                  = 122916026                              {pd product} {ergonomic}
   size_t OldSize                                  = 70254592                                  {product} {ergonomic}
    uintx ProfiledCodeHeapSize                     = 122916026                              {pd product} {ergonomic}
    uintx ReservedCodeCacheSize                    = 251658240                              {pd product} {ergonomic}
     bool SegmentedCodeCache                       = true                                      {product} {ergonomic}
   size_t SoftMaxHeapSize                          = 536870912                              {manageable} {ergonomic}
     intx ThreadPriorityPolicy                     = 1                                         {product} {jimage}
     bool UseCompressedClassPointers               = true                           {product lp64_product} {ergonomic}
     bool UseCompressedOops                        = true                           {product lp64_product} {ergonomic}
     bool UseParallelGC                            = true                                      {product} {command line}

Logging:
Log output configuration:
 #0: stdout all=warning uptime,level,tags
 #1: stderr all=off uptime,level,tags

Environment Variables:
JAVA_HOME=/nix/store/gpxl5qgg8kicmcvivwmybwjlpf7wh20l-graalvm17-ce-22.3.0
PATH=/nix/store/1d6ian3r8kdzspw8hacjhl3xkp40g1lj-binutils-wrapper-2.39/bin:/nix/store/dq0xwmsk1g0i2ayg6pb7y87na2knzylh-gcc-wrapper-11.3.0/bin:/nix/store/bap4d0lpcrhpwmpb8ayjcgkmvfj62lnq-bash-interactive-5.1-p16/bin:/nix/store/pr5n59mb4jzmfx6kanwxly0l07p861fg-patchelf-0.15.0/bin:/nix/store/1gf2flfqnpqbr1b4p4qz2f72y42bs56r-gcc-11.3.0/bin:/nix/store/57xv61c5zi8pphjbcwxxjlgc34p61ic9-glibc-2.35-163-bin/bin:/nix/store/a7gvj343m05j2s32xcnwr35v31ynlypr-coreutils-9.1/bin:/nix/store/039g378vc3pc3dvi9dzdlrd0i4q93qwf-binutils-2.39/bin:/nix/store/gpxl5qgg8kicmcvivwmybwjlpf7wh20l-graalvm17-ce-22.3.0/bin:/nix/store/6z9ag3ihc8mq2hzsw48lhbznvzny65nz-apache-maven-3.8.6/bin:/nix/store/m6gcpi1ii6rghy04cjwjddcavv7i90df-jdt-language-server-1.9.0/bin:/nix/store/84xs5alhs01zrbr4ywm05kxbjbp5590l-java-debug/bin:/nix/store/mydc6f4k2z73xlcz7ilif3v2lcaiqvza-findutils-4.9.0/bin:/nix/store/j9p3g8472iijd50vhdprx0nmk2fqn5gv-diffutils-3.8/bin:/nix/store/89zs7rms6x00xfq4dq6m7mjnhkr8a6r4-gnused-4.8/bin:/nix/store/86bp03jkmsl6f92w0yzg4s59g5mhxwmy-gnugrep-3.7/bin:/nix/store/hwcdqw4jrjnd37wxqgsd47hd0j8bnj09-gawk-5.1.1/bin:/nix/store/cfbhw8r8ags41vwqaz47r583d0p4h4a1-gnutar-1.34/bin:/nix/store/p3m1ndl1lapwrlh698bnb5lvvxh67378-gzip-1.12/bin:/nix/store/a8mhcagrsly7c7mpjrpsnaahk4aax056-bzip2-1.0.8-bin/bin:/nix/store/mblgz65m3zv9x548a3d5m96fj2pbwr09-gnumake-4.3/bin:/nix/store/dsd5gz46hdbdk2rfdimqddhq6m8m8fqs-bash-5.1-p16/bin:/nix/store/v7ljksji50mg3w61dykaa3n3y79n6nil-patch-2.7.6/bin:/nix/store/zlcnmqq14jz5x9439jf937mvayyl63da-xz-5.2.7-bin/bin:/nix/store/y6aj732zm9m87c82fpvf103a1xb22blp-file-5.43/bin:/nix/store/i4kzir3m7mrisxmf5xvlnkw01x4qaqr4-prybar-elisp-0.0.0-e0d9a52/bin:/nix/store/lwwivxf6h7x3cvxp9zv8sj0mv7dak99r-prybar-lua-0.0.0-e0d9a52/bin:/nix/store/gxj28g1cg4hq3qanmjv07156h800qr58-prybar-python3-0.0.0-e0d9a52/bin:/nix/store/hshkjnxrgidigf8x75vg6lqng2xlx9i3-prybar-sqlite-0.0.0-e0d9a52/bin:/nix/store/c4w01bpjgyy5ixmwdk8m1pw87zq4sl26-prybar-tcl-0.0.0-e0d9a52/bin:/nix/store/hpbvrlwd5viqmvcaisb3x0118i913a9n-st
LD_LIBRARY_PATH=/nix/store/a4pff549sk2idnkpzk5nsfps3mdkdnvm-cups-2.4.2-lib/lib:/nix/store/72mqxxhh3cy5yifh92wh2yb8cl2hikyy-cairo-1.16.0/lib:/nix/store/2k366jrbsra97gjfxwvrhvixjfxdach5-glib-2.74.1/lib:/nix/store/2j2znigd8ak37rlwh9khz0ry3clqlw1l-gtk+3-3.24.34/lib:/nix/store/hisqvx32cd57apbpcsnkpx6k3549wql1-libglvnd-1.4.0/lib:/nix/store/p36pgcv991mq5srvg765b78yqpxvk3qs-mesa-21.3.3-drivers/lib:/nix/store/mav4251if1ahjq5vkpwycyyvnmy459c4-pulseaudio-14.2/lib
DISPLAY=:0
LANG=en_US.UTF-8

Signal Handlers:
   SIGSEGV: crash_handler in libjvm.so, mask=11100100010111111101111111111110, flags=SA_RESTART|SA_SIGINFO
    SIGBUS: crash_handler in libjvm.so, mask=11100100010111111101111111111110, flags=SA_RESTART|SA_SIGINFO
    SIGFPE: crash_handler in libjvm.so, mask=11100100010111111101111111111110, flags=SA_RESTART|SA_SIGINFO
   SIGPIPE: IsolateEnterStub_IgnoreSIGPIPEStartupHook_noopSignalHandler_8f19bff2f35b5f630d83b364d6b2339320d4ec70_216e8361c6bc87a8f89f58cc10d3b2fd4415bf87 in libjvmcicompiler.so, mask=00000000000000000000000000000000, flags=SA_RESTART
  *** Handler was modified!
  *** Expected: javaSignalHandler in libjvm.so, mask=11100100110111111111111111111110, flags=SA_RESTART|SA_SIGINFO
   SIGXFSZ: javaSignalHandler in libjvm.so, mask=11100100010111111101111111111110, flags=SA_RESTART|SA_SIGINFO
    SIGILL: crash_handler in libjvm.so, mask=11100100010111111101111111111110, flags=SA_RESTART|SA_SIGINFO
   SIGUSR2: SR_handler in libjvm.so, mask=00000000000000000000000000000000, flags=SA_RESTART|SA_SIGINFO
    SIGHUP: UserHandler in libjvm.so, mask=11100100010111111101111111111110, flags=SA_RESTART|SA_SIGINFO
    SIGINT: UserHandler in libjvm.so, mask=11100100010111111101111111111110, flags=SA_RESTART|SA_SIGINFO
   SIGTERM: UserHandler in libjvm.so, mask=11100100010111111101111111111110, flags=SA_RESTART|SA_SIGINFO
   SIGQUIT: UserHandler in libjvm.so, mask=11100100010111111101111111111110, flags=SA_RESTART|SA_SIGINFO
  *** Handler was modified!
  *** Expected: javaSignalHandler in libjvm.so, mask=11100100110111111111111111111110, flags=SA_RESTART|SA_SIGINFO
   SIGTRAP: crash_handler in libjvm.so, mask=11100100010111111101111111111110, flags=SA_RESTART|SA_SIGINFO


---------------  S Y S T E M  ---------------

OS:
DISTRIB_ID=Ubuntu
DISTRIB_RELEASE=20.04
DISTRIB_CODENAME=focal
DISTRIB_DESCRIPTION="Ubuntu 20.04.2 LTS"
uname: Linux 5.19.0-1025-gcp #27~22.04.1-Ubuntu SMP Wed May 24 03:53:01 UTC 2023 x86_64
OS uptime: 0 days 15:12 hours
libc: glibc 2.35 NPTL 2.35 
rlimit (soft/hard): STACK 8192k/infinity , CORE infinity/infinity , NPROC infinity/infinity , NOFILE 5242/5242 , AS infinity/infinity , CPU infinity/infinity , DATA infinity/infinity , FSIZE infinity/infinity , MEMLOCK 8192k/8192k
load average: 20.16 18.51 17.57

/proc/meminfo:
MemTotal:       65852244 kB
MemFree:         9665992 kB
MemAvailable:   34552812 kB
Buffers:         3585804 kB
Cached:         19480952 kB
SwapCached:            0 kB
Active:         12029536 kB
Inactive:       39319448 kB
Active(anon):      17552 kB
Inactive(anon): 28016896 kB
Active(file):   12011984 kB
Inactive(file): 11302552 kB
Unevictable:       56764 kB
Mlocked:           56764 kB
SwapTotal:             0 kB
SwapFree:              0 kB
Zswap:                 0 kB
Zswapped:              0 kB
Dirty:              7976 kB
Writeback:             0 kB
AnonPages:      24442444 kB
Mapped:          2166076 kB
Shmem:             58960 kB
KReclaimable:    2298884 kB
Slab:            3563500 kB
SReclaimable:    2298884 kB
SUnreclaim:      1264616 kB
KernelStack:      481836 kB
PageTables:       253432 kB
NFS_Unstable:          0 kB
Bounce:                0 kB
WritebackTmp:          0 kB
CommitLimit:    32926120 kB
Committed_AS:   90744680 kB
VmallocTotal:   34359738367 kB
VmallocUsed:      527828 kB
VmallocChunk:          0 kB
Percpu:            59552 kB
HardwareCorrupted:     0 kB
AnonHugePages:   3837952 kB
ShmemHugePages:        0 kB
ShmemPmdMapped:        0 kB
FileHugePages:         0 kB
FilePmdMapped:         0 kB
HugePages_Total:       0
HugePages_Free:        0
HugePages_Rsvd:        0
HugePages_Surp:        0
Hugepagesize:       2048 kB
Hugetlb:               0 kB
DirectMap4k:     9921336 kB
DirectMap2M:    55087104 kB
DirectMap1G:     4194304 kB

/sys/kernel/mm/transparent_hugepage/enabled: always [madvise] never
/sys/kernel/mm/transparent_hugepage/defrag (defrag/compaction efforts parameter): always defer defer+madvise [madvise] never

Process Memory:
Virtual Size: 5129304K (peak: 5165884K)
Resident Set Size: 783928K (peak: 821664K) (anon: 587648K, file: 196280K, shmem: 0K)
Swapped out: 0K
C-Heap outstanding allocations: 45364K, retained: 14684K
glibc malloc tunables: (default)

/proc/sys/kernel/threads-max (system-wide limit on the number of threads): 514406
/proc/sys/vm/max_map_count (maximum number of memory map areas a process may have): 65530
/proc/sys/kernel/pid_max (system-wide limit on number of process identifiers): 4194304

container (cgroup) information:
container_type: cgroupv1
cpu_cpuset_cpus: 2-7
cpu_memory_nodes: 0
active_processor_count: 1
cpu_quota: 50000
cpu_period: 100000
cpu_shares: 512
memory_limit_in_bytes: 1048576 k
memory_and_swap_limit_in_bytes: 1048576 k
memory_soft_limit_in_bytes: 524288 k
memory_usage_in_bytes: 684688 k
memory_max_usage_in_bytes: 717348 k
maximum number of tasks: 1000
current number of tasks: 47

KVM virtualization detected
Steal ticks since vm start: 0
Steal ticks percentage since vm start:  0.000

CPU: total 8 (initial active 1) (8 cores per cpu, 2 threads per core) family 23 model 49 stepping 0 microcode 0xffffffff, cx8, cmov, fxsr, ht, mmx, 3dnowpref, sse, sse2, sse3, ssse3, sse4a, sse4.1, sse4.2, popcnt, lzcnt, tsc, tscinvbit, avx, avx2, aes, clmul, bmi1, bmi2, adx, sha, fma, vzeroupper, clflush, clflushopt, hv
CPU Model and flags from /proc/cpuinfo:
model name	: AMD EPYC 7B12
flags		: fpu vme de pse tsc msr pae mce cx8 apic sep mtrr pge mca cmov pat pse36 clflush mmx fxsr sse sse2 ht syscall nx mmxext fxsr_opt pdpe1gb rdtscp lm constant_tsc rep_good nopl nonstop_tsc cpuid extd_apicid tsc_known_freq pni pclmulqdq ssse3 fma cx16 sse4_1 sse4_2 movbe popcnt aes xsave avx f16c rdrand hypervisor lahf_lm cmp_legacy cr8_legacy abm sse4a misalignsse 3dnowprefetch osvw topoext ssbd ibrs ibpb stibp vmmcall fsgsbase tsc_adjust bmi1 avx2 smep bmi2 rdseed adx smap clflushopt clwb sha_ni xsaveopt xsavec xgetbv1 clzero xsaveerptr arat npt nrip_save umip rdpid

Online cpus: 0-7
Offline cpus: 
BIOS frequency limitation: <Not Available>
Frequency switch latency (ns): <Not Available>
Available cpu frequencies: <Not Available>
Current governor: <Not Available>
Core performance/turbo boost: <Not Available>

Memory: 4k page, physical 1048576k(363916k free), swap 0k(0k free)
Page Sizes: 4k

vm_info: OpenJDK 64-Bit Server VM (17.0.5+8-jvmci-22.3-b08) for linux-amd64 JRE (17.0.5+8-jvmci-22.3-b08), built on Oct 19 2022 09:01:27 by "buildslave" with gcc 10.3.0

END.
